\BOOKMARK [0][]{chapter*.1}{Preface}{}
\BOOKMARK [0][]{chapter*.2}{Disclaimer}{}
\BOOKMARK [0][]{chapter*.3}{About the Authors}{}
\BOOKMARK [0][]{chapter*.4}{Acknowledgments}{}
\BOOKMARK [-1][]{part.1}{I Running FDS}{}
\BOOKMARK [0][]{chapter.1}{Introduction}{part.1}
\BOOKMARK [1][]{section.1.1}{Features of FDS}{chapter.1}
\BOOKMARK [1][]{section.1.2}{What's New in FDS 5?}{chapter.1}
\BOOKMARK [0][]{chapter.2}{Getting Started}{part.1}
\BOOKMARK [1][]{section.2.1}{How to Acquire FDS and Smokeview}{chapter.2}
\BOOKMARK [1][]{section.2.2}{Computer Hardware Requirements}{chapter.2}
\BOOKMARK [1][]{section.2.3}{Computer Operating System \(OS\) and Software Requirements}{chapter.2}
\BOOKMARK [0][]{chapter.3}{Running FDS}{part.1}
\BOOKMARK [1][]{section.3.1}{Starting an FDS Calculation}{chapter.3}
\BOOKMARK [2][]{subsection.3.1.1}{Starting an FDS Calculation \(Single Processor Version\)}{section.3.1}
\BOOKMARK [2][]{subsection.3.1.2}{Starting an FDS Calculation \(Multiple Processor Version\)}{section.3.1}
\BOOKMARK [1][]{section.3.2}{Monitoring Progress}{chapter.3}
\BOOKMARK [0][]{chapter.4}{User Support}{part.1}
\BOOKMARK [1][]{section.4.1}{The Version Number}{chapter.4}
\BOOKMARK [1][]{section.4.2}{Common Error Statements}{chapter.4}
\BOOKMARK [1][]{section.4.3}{Support Requests and Bug Tracking}{chapter.4}
\BOOKMARK [-1][]{part.2}{II Writing an FDS Input File}{}
\BOOKMARK [0][]{chapter.5}{The Basic Structure of an Input File}{part.2}
\BOOKMARK [1][]{section.5.1}{Naming the Job}{chapter.5}
\BOOKMARK [1][]{section.5.2}{Namelist Formatting}{chapter.5}
\BOOKMARK [1][]{section.5.3}{Input File Structure}{chapter.5}
\BOOKMARK [0][]{chapter.6}{Setting the Bounds of Time and Space}{part.2}
\BOOKMARK [1][]{section.6.1}{Naming the Job: The HEAD Namelist Group \(Table ??\)}{chapter.6}
\BOOKMARK [1][]{section.6.2}{Simulation Time: The TIME Namelist Group \(Table ??\)}{chapter.6}
\BOOKMARK [2][]{subsection.6.2.1}{Special Topic: Controlling the Time Step}{section.6.2}
\BOOKMARK [2][]{subsection.6.2.2}{Special Topic: Steady-State Applications}{section.6.2}
\BOOKMARK [1][]{section.6.3}{Computational Meshes: The MESH Namelist Group \(Table ??\)}{chapter.6}
\BOOKMARK [2][]{subsection.6.3.1}{Two-Dimensional and Axially-Symmetric Calculations}{section.6.3}
\BOOKMARK [2][]{subsection.6.3.2}{Multiple Meshes and Parallel Processing}{section.6.3}
\BOOKMARK [2][]{subsection.6.3.3}{Mesh Alignment}{section.6.3}
\BOOKMARK [2][]{subsection.6.3.4}{Mesh Stretching: The TRNX, TRNY and/or TRNZ Namelist Groups \(Table ??\)}{section.6.3}
\BOOKMARK [2][]{subsection.6.3.5}{Choosing the Right Mesh Dimensions}{section.6.3}
\BOOKMARK [1][]{section.6.4}{Miscellaneous Parameters: The MISC Namelist Group \(Table ??\)}{chapter.6}
\BOOKMARK [2][]{subsection.6.4.1}{Stopping and Restarting Calculations}{section.6.4}
\BOOKMARK [2][]{subsection.6.4.2}{Special Topic: Defying Gravity}{section.6.4}
\BOOKMARK [2][]{subsection.6.4.3}{Special Topic: Improving the Pressure Solver}{section.6.4}
\BOOKMARK [2][]{subsection.6.4.4}{Special Topic: Restoring the Baroclinic Vorticity}{section.6.4}
\BOOKMARK [2][]{subsection.6.4.5}{Special Topic: Stack Effect}{section.6.4}
\BOOKMARK [2][]{subsection.6.4.6}{Special Topic: Large Eddy Simulation Parameters}{section.6.4}
\BOOKMARK [2][]{subsection.6.4.7}{Special Topic: Numerical Stability Parameters}{section.6.4}
\BOOKMARK [1][]{section.6.5}{Special Topic: Unusual Initial Conditions: The INIT Namelist Group \(Table ??\)}{chapter.6}
\BOOKMARK [1][]{section.6.6}{Special Topic: Setting Limits: The CLIP Namelist Group \(Table ??\)}{chapter.6}
\BOOKMARK [0][]{chapter.7}{Building the Model}{part.2}
\BOOKMARK [1][]{section.7.1}{Creating Obstructions: The OBST Namelist Group \(Table ??\)}{chapter.7}
\BOOKMARK [2][]{subsection.7.1.1}{Non-rectangular Geometry and Sloped Ceilings}{section.7.1}
\BOOKMARK [1][]{section.7.2}{Creating Voids: The HOLE Namelist Group \(Table ??\)}{chapter.7}
\BOOKMARK [1][]{section.7.3}{Applying Surface Properties: The VENT Namelist Group \(Table ??\)}{chapter.7}
\BOOKMARK [2][]{subsection.7.3.1}{Special VENTs}{section.7.3}
\BOOKMARK [2][]{subsection.7.3.2}{Controlling VENTs}{section.7.3}
\BOOKMARK [2][]{subsection.7.3.3}{Trouble-Shooting VENTs}{section.7.3}
\BOOKMARK [0][]{chapter.8}{Boundary Conditions}{part.2}
\BOOKMARK [1][]{section.8.1}{Basics}{chapter.8}
\BOOKMARK [1][]{section.8.2}{Describing the Bounding Surfaces: The SURF Namelist Group \(Table ??\)}{chapter.8}
\BOOKMARK [2][]{subsection.8.2.1}{Specifying a Fire with a Known Heat Release Rate}{section.8.2}
\BOOKMARK [2][]{subsection.8.2.2}{Simple Thermal Boundary Conditions}{section.8.2}
\BOOKMARK [2][]{subsection.8.2.3}{Fans and other Velocity Boundary Conditions}{section.8.2}
\BOOKMARK [2][]{subsection.8.2.4}{Species and Species Mass Flux Boundary Conditions}{section.8.2}
\BOOKMARK [2][]{subsection.8.2.5}{Special Topic: Pressure Boundary Conditions}{section.8.2}
\BOOKMARK [2][]{subsection.8.2.6}{Special Topic: Fires and Flows in the Outdoors}{section.8.2}
\BOOKMARK [2][]{subsection.8.2.7}{Special Topic: A Radially-Spreading Fire}{section.8.2}
\BOOKMARK [2][]{subsection.8.2.8}{Special Topic: Non-Planar Walls and Targets}{section.8.2}
\BOOKMARK [1][]{section.8.3}{Pressure-Related Effects: The ZONE Namelist Group \(Table ??\)}{chapter.8}
\BOOKMARK [2][]{subsection.8.3.1}{Leaks}{section.8.3}
\BOOKMARK [2][]{subsection.8.3.2}{Fan Curves}{section.8.3}
\BOOKMARK [1][]{section.8.4}{Describing Real Materials: The MATL Namelist Group}{chapter.8}
\BOOKMARK [2][]{subsection.8.4.1}{Thermal Properties}{section.8.4}
\BOOKMARK [2][]{subsection.8.4.2}{Pyrolysis Models}{section.8.4}
\BOOKMARK [2][]{subsection.8.4.3}{Special topic: Yields of Gaseous Species \(NU\137GAS\)}{section.8.4}
\BOOKMARK [2][]{subsection.8.4.4}{Special topic: Two-Sided Burning}{section.8.4}
\BOOKMARK [2][]{subsection.8.4.5}{Special topic: Making Fuels Disappear \(BURN\137AWAY\)}{section.8.4}
\BOOKMARK [2][]{subsection.8.4.6}{Special Topic: Initial and Backside Boundary Conditions}{section.8.4}
\BOOKMARK [2][]{subsection.8.4.7}{Special Topic: Numerical Accuracy and Stability}{section.8.4}
\BOOKMARK [1][]{section.8.5}{User-Specified Functions: The RAMP and TABL Namelist Groups}{chapter.8}
\BOOKMARK [2][]{subsection.8.5.1}{Time-Dependent Functions}{section.8.5}
\BOOKMARK [2][]{subsection.8.5.2}{Temperature-Dependent Functions}{section.8.5}
\BOOKMARK [2][]{subsection.8.5.3}{Tabular Functions}{section.8.5}
\BOOKMARK [1][]{section.8.6}{Coloring Obstructions, Vents, Surfaces and Meshes}{chapter.8}
\BOOKMARK [2][]{subsection.8.6.1}{Texture Mapping}{section.8.6}
\BOOKMARK [0][]{chapter.9}{Combustion and Radiation}{part.2}
\BOOKMARK [1][]{section.9.1}{Mixture Fraction Combustion: The REAC Namelist Group}{chapter.9}
\BOOKMARK [2][]{subsection.9.1.1}{The Basics}{section.9.1}
\BOOKMARK [2][]{subsection.9.1.2}{Special Topic: Heat of Combustion}{section.9.1}
\BOOKMARK [2][]{subsection.9.1.3}{Special Topic: Flame Extinction}{section.9.1}
\BOOKMARK [2][]{subsection.9.1.4}{Special Topic: CO Production}{section.9.1}
\BOOKMARK [2][]{subsection.9.1.5}{Special Topic: Turbulent Combustion}{section.9.1}
\BOOKMARK [1][]{section.9.2}{Extra Gas Species: The SPEC Namelist Group}{chapter.9}
\BOOKMARK [1][]{section.9.3}{Finite-Rate Combustion}{chapter.9}
\BOOKMARK [1][]{section.9.4}{Radiation Transport: The RADI Namelist Group}{chapter.9}
\BOOKMARK [0][]{chapter.10}{Particles and Droplets: The PART Namelist Group}{part.2}
\BOOKMARK [1][]{section.10.1}{Basics}{chapter.10}
\BOOKMARK [1][]{section.10.2}{Controlling Particles and Droplets}{chapter.10}
\BOOKMARK [1][]{section.10.3}{Particle and Droplet Properties}{chapter.10}
\BOOKMARK [1][]{section.10.4}{Special Types of Particles and Droplets}{chapter.10}
\BOOKMARK [1][]{section.10.5}{Coloring Particles and Droplets}{chapter.10}
\BOOKMARK [1][]{section.10.6}{Special Topic: Droplet Fuel Sprays}{chapter.10}
\BOOKMARK [1][]{section.10.7}{Special Topic: Suppression by Water \(Mixture Fraction Model Only\)}{chapter.10}
\BOOKMARK [0][]{chapter.11}{Devices and Control Logic}{part.2}
\BOOKMARK [1][]{section.11.1}{Device Location and Orientation: The DEVC Namelist Group \(Table ??\)}{chapter.11}
\BOOKMARK [1][]{section.11.2}{Device Output}{chapter.11}
\BOOKMARK [1][]{section.11.3}{Special Devices and their Properties: The PROP Namelist Group \(Table ??\)}{chapter.11}
\BOOKMARK [2][]{subsection.11.3.1}{Sprinklers}{section.11.3}
\BOOKMARK [2][]{subsection.11.3.2}{Nozzles}{section.11.3}
\BOOKMARK [2][]{subsection.11.3.3}{Heat Detectors}{section.11.3}
\BOOKMARK [2][]{subsection.11.3.4}{Smoke Detectors}{section.11.3}
\BOOKMARK [2][]{subsection.11.3.5}{Beam Detection Systems}{section.11.3}
\BOOKMARK [2][]{subsection.11.3.6}{Aspiration Detection Systems}{section.11.3}
\BOOKMARK [1][]{section.11.4}{Basic Control Logic}{chapter.11}
\BOOKMARK [2][]{subsection.11.4.1}{Creating and Removing Obstructions}{section.11.4}
\BOOKMARK [2][]{subsection.11.4.2}{Activating and Deactivating Vents}{section.11.4}
\BOOKMARK [1][]{section.11.5}{Advanced Control Functions: The CTRL Namelist Group}{chapter.11}
\BOOKMARK [2][]{subsection.11.5.1}{Control Functions: ANY, ALL, ONLY, and AT\137LEAST}{section.11.5}
\BOOKMARK [2][]{subsection.11.5.2}{Control Function: TIME\137DELAY}{section.11.5}
\BOOKMARK [2][]{subsection.11.5.3}{Control Function: DEADBAND}{section.11.5}
\BOOKMARK [2][]{subsection.11.5.4}{Control Function: RESTARTKILL }{section.11.5}
\BOOKMARK [2][]{subsection.11.5.5}{Control Function: CUSTOM }{section.11.5}
\BOOKMARK [2][]{subsection.11.5.6}{Combining Control Functions: A Pre-Action Sprinkler System}{section.11.5}
\BOOKMARK [2][]{subsection.11.5.7}{Combining Control Functions: A Dry Pipe Sprinkler System}{section.11.5}
\BOOKMARK [0][]{chapter.12}{Output Data}{part.2}
\BOOKMARK [1][]{section.12.1}{Output Control Parameters: The DUMP Namelist Group}{chapter.12}
\BOOKMARK [1][]{section.12.2}{Output File Types}{chapter.12}
\BOOKMARK [2][]{subsection.12.2.1}{Device Output: The DEVC Namelist Group}{section.12.2}
\BOOKMARK [2][]{subsection.12.2.2}{Quantities within Solids: The PROF Namelist Group}{section.12.2}
\BOOKMARK [2][]{subsection.12.2.3}{Animated Planar Slices: The SLCF Namelist Group}{section.12.2}
\BOOKMARK [2][]{subsection.12.2.4}{Animated Boundary Quantities: The BNDF Namelist Group}{section.12.2}
\BOOKMARK [2][]{subsection.12.2.5}{Animated Isosurfaces: The ISOF Namelist Group}{section.12.2}
\BOOKMARK [2][]{subsection.12.2.6}{Plot3D Static Data Dumps}{section.12.2}
\BOOKMARK [2][]{subsection.12.2.7}{SMOKE3D: Realistic Smoke and Fire}{section.12.2}
\BOOKMARK [1][]{section.12.3}{Special Output Quantities}{chapter.12}
\BOOKMARK [2][]{subsection.12.3.1}{Heat Release Rate}{section.12.3}
\BOOKMARK [2][]{subsection.12.3.2}{Visibility and Obscuration}{section.12.3}
\BOOKMARK [2][]{subsection.12.3.3}{Layer Height and the Average Upper and Lower Layer Temperatures}{section.12.3}
\BOOKMARK [2][]{subsection.12.3.4}{The True Gas Temperature vs. the Measured Gas Temperature}{section.12.3}
\BOOKMARK [2][]{subsection.12.3.5}{Heat Fluxes and Thermal Radiation}{section.12.3}
\BOOKMARK [2][]{subsection.12.3.6}{Droplet Output Quantities}{section.12.3}
\BOOKMARK [2][]{subsection.12.3.7}{Interfacing with Structural Models}{section.12.3}
\BOOKMARK [2][]{subsection.12.3.8}{Useful Solid Phase Outputs}{section.12.3}
\BOOKMARK [2][]{subsection.12.3.9}{Fractional Effective Dose \(FED\)}{section.12.3}
\BOOKMARK [2][]{subsection.12.3.10}{Spatially-Integrated Outputs}{section.12.3}
\BOOKMARK [2][]{subsection.12.3.11}{Temporally-Integrated Outputs}{section.12.3}
\BOOKMARK [2][]{subsection.12.3.12}{Wind and the Pressure Coefficient}{section.12.3}
\BOOKMARK [2][]{subsection.12.3.13}{Dry Volume and Mass Fractions}{section.12.3}
\BOOKMARK [1][]{section.12.4}{Extracting Numbers from the Output Data Files}{chapter.12}
\BOOKMARK [1][]{section.12.5}{Summary of Frequently-Used Output Quantities}{chapter.12}
\BOOKMARK [1][]{section.12.6}{Summary of Infrequently-Used Output Quantities}{chapter.12}
\BOOKMARK [0][]{chapter.13}{Alphabetical List of Input Parameters}{part.2}
\BOOKMARK [1][]{section.13.1}{BNDF \(Boundary File Parameters\)}{chapter.13}
\BOOKMARK [1][]{section.13.2}{CLIP \(MIN/MAX Clipping Parameters\)}{chapter.13}
\BOOKMARK [1][]{section.13.3}{CTRL \(Control Function Parameters\)}{chapter.13}
\BOOKMARK [1][]{section.13.4}{DEVC \(Device Parameters\)}{chapter.13}
\BOOKMARK [1][]{section.13.5}{DUMP \(Output Parameters\)}{chapter.13}
\BOOKMARK [1][]{section.13.6}{HEAD \(Header Parameters\)}{chapter.13}
\BOOKMARK [1][]{section.13.7}{HOLE \(Obstruction Cutout Parameters\)}{chapter.13}
\BOOKMARK [1][]{section.13.8}{INIT \(Initial Conditions\)}{chapter.13}
\BOOKMARK [1][]{section.13.9}{ISOF \(Isosurface Parameters\)}{chapter.13}
\BOOKMARK [1][]{section.13.10}{MATL \(Material Properties\)}{chapter.13}
\BOOKMARK [1][]{section.13.11}{MESH \(Mesh Parameters\)}{chapter.13}
\BOOKMARK [1][]{section.13.12}{MISC \(Miscellaneous Parameters\)}{chapter.13}
\BOOKMARK [1][]{section.13.13}{OBST \(Obstruction Parameters\)}{chapter.13}
\BOOKMARK [1][]{section.13.14}{PART \(Lagrangian Particles/Droplets\)}{chapter.13}
\BOOKMARK [1][]{section.13.15}{PROF \(Wall Profile Parameters\)}{chapter.13}
\BOOKMARK [1][]{section.13.16}{PROP \(Device Properties\)}{chapter.13}
\BOOKMARK [1][]{section.13.17}{RADI \(Radiation Parameters\)}{chapter.13}
\BOOKMARK [1][]{section.13.18}{RAMP \(Ramp Function Parameters\)}{chapter.13}
\BOOKMARK [1][]{section.13.19}{REAC \(Reaction Parameters\)}{chapter.13}
\BOOKMARK [1][]{section.13.20}{SLCF \(Slice File Parameters\)}{chapter.13}
\BOOKMARK [1][]{section.13.21}{SPEC \(Species Parameters\)}{chapter.13}
\BOOKMARK [1][]{section.13.22}{SURF \(Surface Properties\)}{chapter.13}
\BOOKMARK [1][]{section.13.23}{TABL \(Table Parameters\)}{chapter.13}
\BOOKMARK [1][]{section.13.24}{TIME \(Time Parameters\)}{chapter.13}
\BOOKMARK [1][]{section.13.25}{TRNX, TRNY, TRNZ \(MESH Transformations\)}{chapter.13}
\BOOKMARK [1][]{section.13.26}{VENT \(Vent Parameters\)}{chapter.13}
\BOOKMARK [1][]{section.13.27}{ZONE \(Pressure Zone Parameters\)}{chapter.13}
\BOOKMARK [0][]{chapter.14}{Conversion of Old Input Files to FDS 5}{part.2}
\BOOKMARK [1][]{section.14.1}{Numerical Domain Parameters: GRID and PDIM }{chapter.14}
\BOOKMARK [1][]{section.14.2}{Obstructions, Vents, and Holes: OBST, VENT, and HOLE}{chapter.14}
\BOOKMARK [1][]{section.14.3}{Surface Parameters: SURF}{chapter.14}
\BOOKMARK [1][]{section.14.4}{Reaction Parameters: REAC}{chapter.14}
\BOOKMARK [1][]{section.14.5}{Device Parameters: SPRK, SMOD, HEAT, THCP}{chapter.14}
\BOOKMARK [-1][]{part.3}{III Sample Calculations}{}
\BOOKMARK [0][]{chapter.15}{Basic Hydrodynamics}{part.3}
\BOOKMARK [1][]{section.15.1}{Axially-Symmetric Helium Plume \(helium\1372d\) }{chapter.15}
\BOOKMARK [1][]{section.15.2}{Sawtooth \(sawtooth\)}{chapter.15}
\BOOKMARK [1][]{section.15.3}{Pressure Boundaries \(pressure\137boundary\)}{chapter.15}
\BOOKMARK [0][]{chapter.16}{Thermodynamics}{part.3}
\BOOKMARK [1][]{section.16.1}{Pressure Rise in a Sealed Enclosure \(pressure\137rise\) }{chapter.16}
\BOOKMARK [1][]{section.16.2}{Leaks and Fans in a Sealed Enclosure \(leak\137test and leak\137test\1372\)}{chapter.16}
\BOOKMARK [1][]{section.16.3}{Fan Curves \(fan\137test\)}{chapter.16}
\BOOKMARK [1][]{section.16.4}{Stack Effect \(stack\137effect\)}{chapter.16}
\BOOKMARK [0][]{chapter.17}{Combustion}{part.3}
\BOOKMARK [1][]{section.17.1}{A Simple Under-Ventilated Compartment Fire \(door\137crack\) }{chapter.17}
\BOOKMARK [1][]{section.17.2}{Testing the ``Burn-Away'' Feature \(box\137burn\137away\) }{chapter.17}
\BOOKMARK [0][]{chapter.18}{Detectors}{part.3}
\BOOKMARK [1][]{section.18.1}{Aspiration Detector \(beam\137detector\)}{chapter.18}
\BOOKMARK [1][]{section.18.2}{Aspiration Detector \(aspiration\137detector\) }{chapter.18}
\BOOKMARK [0][]{chapter.19}{Droplets and Sprays}{part.3}
\BOOKMARK [1][]{section.19.1}{Water Droplet Evaporation \(water\137evaporation\) }{chapter.19}
\BOOKMARK [1][]{section.19.2}{Measuring Water Flux \(bucket\137test\) }{chapter.19}
\BOOKMARK [1][]{section.19.3}{Complex Spray Patterns \(bucket\137test\1372\) }{chapter.19}
\BOOKMARK [0][]{chapter.20}{General Functionality}{part.3}
\BOOKMARK [1][]{section.20.1}{Creating and Removing HOLEs and OBSTructions \(create\137remove\)}{chapter.20}
\BOOKMARK [0][]{chapter.21}{Materials}{part.3}
\BOOKMARK [1][]{section.21.1}{Testing Solid Phase Properties}{chapter.21}
\BOOKMARK [1][]{section.21.2}{Pyrolysis Samples}{chapter.21}
\BOOKMARK [2][]{subsection.21.2.1}{A Simple Thermoplastic \(thermoplastic\) }{section.21.2}
\BOOKMARK [2][]{subsection.21.2.2}{A Charring Solid \(charring\137solid\) }{section.21.2}
\BOOKMARK [0][]{chapter.22}{Sample Fires}{part.3}
\BOOKMARK [1][]{section.22.1}{A Couch Fire \(couch\) }{chapter.22}
\BOOKMARK [1][]{section.22.2}{Flame Spread along a Cable Tray \(cable\137tray\) }{chapter.22}
\BOOKMARK [1][]{section.22.3}{A Liquid Fuel Spray Burner \(spray\137burner\) }{chapter.22}
\BOOKMARK [-1][]{part.4}{IV Working with the FDS Source Code}{}
\BOOKMARK [0][]{chapter.23}{Compiling FDS}{part.4}
\BOOKMARK [1][]{section.23.1}{FDS Source Code}{chapter.23}
\BOOKMARK [0][]{chapter.24}{Output File Formats}{part.4}
\BOOKMARK [1][]{section.24.1}{Diagnostic Output}{chapter.24}
\BOOKMARK [1][]{section.24.2}{Heat Release Rate and Related Quantities}{chapter.24}
\BOOKMARK [1][]{section.24.3}{Device Output Data}{chapter.24}
\BOOKMARK [1][]{section.24.4}{Control Output Data}{chapter.24}
\BOOKMARK [1][]{section.24.5}{Gas Mass Data}{chapter.24}
\BOOKMARK [1][]{section.24.6}{Mixture Fraction State Relations}{chapter.24}
\BOOKMARK [1][]{section.24.7}{Slice Files}{chapter.24}
\BOOKMARK [1][]{section.24.8}{Plot3D Data}{chapter.24}
\BOOKMARK [1][]{section.24.9}{Boundary Files}{chapter.24}
\BOOKMARK [1][]{section.24.10}{Particle Data}{chapter.24}
\BOOKMARK [1][]{section.24.11}{Profile Files}{chapter.24}
\BOOKMARK [1][]{section.24.12}{3-D Smoke File Format}{chapter.24}
\BOOKMARK [1][]{section.24.13}{Isosurface File Format}{chapter.24}
