This is pdfTeX, Version 3.1415926-1.40.9 (MiKTeX 2.7) (preloaded format=pdflatex 2008.11.19)  12 DEC 2008 11:54
entering extended mode
**FDS_5_User_Guide.tex
(FDS_5_User_Guide.tex
LaTeX2e <2005/12/01>
Babel <v3.8l> and hyphenation patterns for english, dumylang, nohyphenation, ge
rman, ngerman, german-x-2008-06-18, ngerman-x-2008-06-18, french, loaded.
("C:\Program Files\MiKTeX 2.7\tex\latex\base\book.cls"
Document Class: book 2005/09/16 v1.4f Standard LaTeX document class
("C:\Program Files\MiKTeX 2.7\tex\latex\base\bk11.clo"
File: bk11.clo 2005/09/16 v1.4f Standard LaTeX file (size option)
)
\c@part=\count79
\c@chapter=\count80
\c@section=\count81
\c@subsection=\count82
\c@subsubsection=\count83
\c@paragraph=\count84
\c@subparagraph=\count85
\c@figure=\count86
\c@table=\count87
\abovecaptionskip=\skip41
\belowcaptionskip=\skip42
\bibindent=\dimen102
)
("C:\Program Files\MiKTeX 2.7\tex\latex\psnfss\times.sty"
Package: times 2005/04/12 PSNFSS-v9.2a (SPQR) 
)
("C:\Program Files\MiKTeX 2.7\tex\latex\psnfss\mathptm.sty"
Package: mathptm 2005/04/12 PSNFSS-v9.2a Times w/ Math (SPQR, WaS) 


Package mathptm Warning: This package is to be regarded as obsolete.
(mathptm)                See the PSNFSS documentation.

LaTeX Font Info:    Redeclaring symbol font `operators' on input line 31.
LaTeX Font Info:    Overwriting symbol font `operators' in version `normal'
(Font)                  OT1/cmr/m/n --> OT1/ptmcm/m/n on input line 31.
LaTeX Font Info:    Overwriting symbol font `operators' in version `bold'
(Font)                  OT1/cmr/bx/n --> OT1/ptmcm/m/n on input line 31.
LaTeX Font Info:    Redeclaring symbol font `letters' on input line 32.
LaTeX Font Info:    Overwriting symbol font `letters' in version `normal'
(Font)                  OML/cmm/m/it --> OML/ptmcm/m/it on input line 32.
LaTeX Font Info:    Overwriting symbol font `letters' in version `bold'
(Font)                  OML/cmm/b/it --> OML/ptmcm/m/it on input line 32.
LaTeX Font Info:    Redeclaring symbol font `symbols' on input line 33.
LaTeX Font Info:    Overwriting symbol font `symbols' in version `normal'
(Font)                  OMS/cmsy/m/n --> OMS/pzccm/m/n on input line 33.
LaTeX Font Info:    Overwriting symbol font `symbols' in version `bold'
(Font)                  OMS/cmsy/b/n --> OMS/pzccm/m/n on input line 33.
LaTeX Font Info:    Redeclaring symbol font `largesymbols' on input line 34.
LaTeX Font Info:    Overwriting symbol font `largesymbols' in version `normal'
(Font)                  OMX/cmex/m/n --> OMX/psycm/m/n on input line 34.
LaTeX Font Info:    Overwriting symbol font `largesymbols' in version `bold'
(Font)                  OMX/cmex/m/n --> OMX/psycm/m/n on input line 34.
\symbold=\mathgroup4
\symitalic=\mathgroup5
LaTeX Font Info:    Redeclaring math alphabet \mathbf on input line 37.
LaTeX Font Info:    Overwriting math alphabet `\mathbf' in version `normal'
(Font)                  OT1/cmr/bx/n --> OT1/ptm/bx/n on input line 37.
LaTeX Font Info:    Overwriting math alphabet `\mathbf' in version `bold'
(Font)                  OT1/cmr/bx/n --> OT1/ptm/bx/n on input line 37.
LaTeX Font Info:    Redeclaring math alphabet \mathit on input line 38.
LaTeX Font Info:    Overwriting math alphabet `\mathit' in version `normal'
(Font)                  OT1/cmr/m/it --> OT1/ptm/m/it on input line 38.
LaTeX Font Info:    Overwriting math alphabet `\mathit' in version `bold'
(Font)                  OT1/cmr/bx/it --> OT1/ptm/m/it on input line 38.
) ("C:\Program Files\MiKTeX 2.7\tex\latex\graphics\graphicx.sty"
Package: graphicx 1999/02/16 v1.0f Enhanced LaTeX Graphics (DPC,SPQR)

("C:\Program Files\MiKTeX 2.7\tex\latex\graphics\keyval.sty"
Package: keyval 1999/03/16 v1.13 key=value parser (DPC)
\KV@toks@=\toks14
)
("C:\Program Files\MiKTeX 2.7\tex\latex\graphics\graphics.sty"
Package: graphics 2006/02/20 v1.0o Standard LaTeX Graphics (DPC,SPQR)

("C:\Program Files\MiKTeX 2.7\tex\latex\graphics\trig.sty"
Package: trig 1999/03/16 v1.09 sin cos tan (DPC)
)
("C:\Program Files\MiKTeX 2.7\tex\latex\00miktex\graphics.cfg"
File: graphics.cfg 2007/01/18 v1.5 graphics configuration of teTeX/TeXLive
)
Package graphics Info: Driver file: pdftex.def on input line 90.

("C:\Program Files\MiKTeX 2.7\tex\latex\pdftex-def\pdftex.def"
File: pdftex.def 2008/09/08 v0.04l Graphics/color for pdfTeX
\Gread@gobject=\count88
))
\Gin@req@height=\dimen103
\Gin@req@width=\dimen104
)
("C:\Program Files\MiKTeX 2.7\tex\latex\hyperref\hyperref.sty"
Package: hyperref 2008/09/29 v6.78l Hypertext links for LaTeX

("C:\Program Files\MiKTeX 2.7\tex\generic\oberdiek\ifpdf.sty"
Package: ifpdf 2007/12/12 v1.6 Provides the ifpdf switch (HO)
Package ifpdf Info: pdfTeX in pdf mode detected.
)
("C:\Program Files\MiKTeX 2.7\tex\generic\oberdiek\ifvtex.sty"
Package: ifvtex 2007/09/09 v1.3 Switches for detecting VTeX and its modes (HO)
Package ifvtex Info: VTeX not detected.
)
("C:\Program Files\MiKTeX 2.7\tex\generic\ifxetex\ifxetex.sty"
Package: ifxetex 2008/09/18 v0.4 Provides ifxetex conditional
)
("C:\Program Files\MiKTeX 2.7\tex\latex\oberdiek\hycolor.sty"
Package: hycolor 2008/09/08 v1.4 Code for color options of hyperref/bookmark (H
O)

("C:\Program Files\MiKTeX 2.7\tex\latex\oberdiek\xcolor-patch.sty"
Package: xcolor-patch 2008/09/08 xcolor patch
))
\@linkdim=\dimen105
\Hy@linkcounter=\count89
\Hy@pagecounter=\count90

("C:\Program Files\MiKTeX 2.7\tex\latex\hyperref\pd1enc.def"
File: pd1enc.def 2008/09/29 v6.78l Hyperref: PDFDocEncoding definition (HO)
)
("C:\Program Files\MiKTeX 2.7\tex\generic\oberdiek\etexcmds.sty"
Package: etexcmds 2007/12/12 v1.2 Prefix for e-TeX command names (HO)

("C:\Program Files\MiKTeX 2.7\tex\generic\oberdiek\infwarerr.sty"
Package: infwarerr 2007/09/09 v1.2 Providing info/warning/message (HO)
)
Package etexcmds Info: Could not find \expanded.
(etexcmds)             That can mean that you are not using pdfTeX 1.50 or
(etexcmds)             that some package has redefined \expanded.
(etexcmds)             In the latter case, load this package earlier.
)
("C:\Program Files\MiKTeX 2.7\tex\latex\00miktex\hyperref.cfg"
File: hyperref.cfg 2002/06/06 v1.2 hyperref configuration of TeXLive
)
("C:\Program Files\MiKTeX 2.7\tex\latex\oberdiek\kvoptions.sty"
Package: kvoptions 2007/10/18 v3.0 Keyval support for LaTeX options (HO)
)
Package hyperref Info: Option `colorlinks' set `true' on input line 2796.
Package hyperref Info: Option `bookmarksopen' set `true' on input line 2796.
Package hyperref Info: Option `plainpages' set `false' on input line 2796.
Package hyperref Info: Hyper figures OFF on input line 2907.
Package hyperref Info: Link nesting OFF on input line 2912.
Package hyperref Info: Hyper index ON on input line 2915.
Package hyperref Info: Plain pages OFF on input line 2922.
Package hyperref Info: Backreferencing ON on input line 2925.

Implicit mode ON; LaTeX internals redefined
Package hyperref Info: Bookmarks ON on input line 3117.
("C:\Program Files\MiKTeX 2.7\tex\latex\hyperref\backref.sty"
Package: backref 2006/09/05 v1.28 Bibliographical back referencing
)
("C:\Program Files\MiKTeX 2.7\tex\latex\ltxmisc\url.sty"
\Urlmuskip=\muskip10
Package: url 2006/04/12  ver 3.3  Verb mode for urls, etc.
)
LaTeX Info: Redefining \url on input line 3351.

("C:\Program Files\MiKTeX 2.7\tex\generic\oberdiek\bitset.sty"
Package: bitset 2007/09/28 v1.0 Data type bit set (HO)

("C:\Program Files\MiKTeX 2.7\tex\generic\oberdiek\intcalc.sty"
Package: intcalc 2007/09/27 v1.1 Expandable integer calculations (HO)
)
("C:\Program Files\MiKTeX 2.7\tex\generic\oberdiek\bigintcalc.sty"
Package: bigintcalc 2007/11/11 v1.1 Expandable big integer calculations (HO)

("C:\Program Files\MiKTeX 2.7\tex\generic\oberdiek\pdftexcmds.sty"
Package: pdftexcmds 2007/12/12 v0.3 LuaTeX support for pdfTeX utility functions
 (HO)
Package pdftexcmds Info: LuaTeX not detected on input line 139.
)))
("C:\Program Files\MiKTeX 2.7\tex\generic\oberdiek\kvsetkeys.sty"
Package: kvsetkeys 2007/09/29 v1.3 Key value parser with default handler suppor
t (HO)
)
\Fld@menulength=\count91
\Field@Width=\dimen106
\Fld@charsize=\dimen107
\Field@toks=\toks15
Package hyperref Info: Hyper figures OFF on input line 4268.
Package hyperref Info: Link nesting OFF on input line 4273.
Package hyperref Info: Hyper index ON on input line 4276.
Package hyperref Info: backreferencing ON on input line 4281.
Package hyperref Info: Link coloring ON on input line 4286.
Package hyperref Info: Link coloring with OCG OFF on input line 4293.
Package hyperref Info: PDF/A mode OFF on input line 4298.

("C:\Program Files\MiKTeX 2.7\tex\generic\oberdiek\atbegshi.sty"
Package: atbegshi 2008/07/31 v1.9 At begin shipout hook (HO)
)
\Hy@abspage=\count92
\c@Item=\count93
\c@Hfootnote=\count94
)
*hyperref using driver hpdftex*
("C:\Program Files\MiKTeX 2.7\tex\latex\hyperref\hpdftex.def"
File: hpdftex.def 2008/09/29 v6.78l Hyperref driver for pdfTeX
\Fld@listcount=\count95
)
("C:\Program Files\MiKTeX 2.7\tex\latex\graphics\color.sty"
Package: color 2005/11/14 v1.0j Standard LaTeX Color (DPC)

("C:\Program Files\MiKTeX 2.7\tex\latex\00miktex\color.cfg"
File: color.cfg 2007/01/18 v1.5 color configuration of teTeX/TeXLive
)
Package color Info: Driver file: pdftex.def on input line 130.
)
("C:\Program Files\MiKTeX 2.7\tex\latex\caption\caption.sty"
Package: caption 2008/08/24 v3.1j Customizing captions (AR)

("C:\Program Files\MiKTeX 2.7\tex\latex\caption\caption3.sty"
Package: caption3 2008/08/24 v3.1j caption3 kernel (AR)
\captionmargin=\dimen108
\captionmargin@=\dimen109
\captionwidth=\dimen110
\caption@indent=\dimen111
\caption@parindent=\dimen112
\caption@hangindent=\dimen113
)
\c@ContinuedFloat=\count96
Package caption Info: hyperref package is loaded.
)
("C:\Program Files\MiKTeX 2.7\tex\latex\base\graphpap.sty"
Package: graphpap 1994/08/09 v1.0c Standard LaTeX graphpap package (LL)
)
("C:\Program Files\MiKTeX 2.7\tex\latex\rotating\rotating.sty"
Package: rotating 2008/10/05 v2.15c rotated objects in LaTeX

("C:\Program Files\MiKTeX 2.7\tex\latex\base\ifthen.sty"
Package: ifthen 2001/05/26 v1.1c Standard LaTeX ifthen package (DPC)
)
\c@r@tfl@t=\count97
\rotFPtop=\skip43
\rotFPbot=\skip44
\rot@float@box=\box26
\rot@mess@toks=\toks16
)
("C:\Program Files\MiKTeX 2.7\tex\latex\graphics\epsfig.sty"
Package: epsfig 1999/02/16 v1.7a (e)psfig emulation (SPQR)
\epsfxsize=\dimen114
\epsfysize=\dimen115
)
("C:\Program Files\MiKTeX 2.7\tex\latex\psfrag\psfrag.sty"
Package: psfrag 1998/04/11 v3.04 PSfrag (MCG)
\pfg@pcount=\count98
\pfg@scount=\count99
\pfg@temp=\write3
)
("C:\Program Files\MiKTeX 2.7\tex\latex\geometry\geometry.sty"
Package: geometry 2002/07/08 v3.2 Page Geometry
\Gm@cnth=\count100
\Gm@cntv=\count101
\c@Gm@tempcnt=\count102
\Gm@bindingoffset=\dimen116
\Gm@wd@mp=\dimen117
\Gm@odd@mp=\dimen118
\Gm@even@mp=\dimen119
\Gm@dimlist=\toks17

("C:\Program Files\MiKTeX 2.7\tex\latex\geometry\geometry.cfg"))
("C:\Program Files\MiKTeX 2.7\tex\latex\tools\tabularx.sty"
Package: tabularx 1999/01/07 v2.07 `tabularx' package (DPC)

("C:\Program Files\MiKTeX 2.7\tex\latex\tools\array.sty"
Package: array 2005/08/23 v2.4b Tabular extension package (FMi)
\col@sep=\dimen120
\extrarowheight=\dimen121
\NC@list=\toks18
\extratabsurround=\skip45
\backup@length=\skip46
)
\TX@col@width=\dimen122
\TX@old@table=\dimen123
\TX@old@col=\dimen124
\TX@target=\dimen125
\TX@delta=\dimen126
\TX@cols=\count103
\TX@ftn=\toks19
)
("C:\Program Files\MiKTeX 2.7\tex\latex\tools\longtable.sty"
Package: longtable 2004/02/01 v4.11 Multi-page Table package (DPC)
\LTleft=\skip47
\LTright=\skip48
\LTpre=\skip49
\LTpost=\skip50
\LTchunksize=\count104
\LTcapwidth=\dimen127
\LT@head=\box27
\LT@firsthead=\box28
\LT@foot=\box29
\LT@lastfoot=\box30
\LT@cols=\count105
\LT@rows=\count106
\c@LT@tables=\count107
\c@LT@chunks=\count108
\LT@p@ftn=\toks20
)
("C:\Program Files\MiKTeX 2.7\tex\latex\graphics\lscape.sty"
Package: lscape 2000/10/22 v3.01 Landscape Pages (DPC)
)
("C:\Program Files\MiKTeX 2.7\tex\latex\amsfonts\amssymb.sty"
Package: amssymb 2002/01/22 v2.2d

("C:\Program Files\MiKTeX 2.7\tex\latex\amsfonts\amsfonts.sty"
Package: amsfonts 2001/10/25 v2.2f
\@emptytoks=\toks21
\symAMSa=\mathgroup6
\symAMSb=\mathgroup7
LaTeX Font Info:    Overwriting math alphabet `\mathfrak' in version `bold'
(Font)                  U/euf/m/n --> U/euf/b/n on input line 132.
))
("C:\Program Files\MiKTeX 2.7\tex\latex\base\makeidx.sty"
Package: makeidx 2000/03/29 v1.0m Standard LaTeX package
)
("C:\Program Files\MiKTeX 2.7\tex\latex\tocbibind\tocbibind.sty"
Package: tocbibind 2003/03/13 v1.5g extra ToC listings


Package tocbibind Note: The document has chapter divisions.


Package tocbibind Note: Using chapter style headings, unless overridden.

) ("C:\Program Files\MiKTeX 2.7\tex\latex\float\float.sty"
Package: float 2001/11/08 v1.3d Float enhancements (AL)
\c@float@type=\count109
\float@exts=\toks22
\float@box=\box31
\@float@everytoks=\toks23
\@floatcapt=\box32
)
("C:\Program Files\MiKTeX 2.7\tex\latex\lastpage\lastpage.sty"
Package: lastpage 1994/06/25 v0.1b LaTeX2e package for refs to last page number
 (JPG)
)
("C:\Program Files\MiKTeX 2.7\tex\latex\base\fontenc.sty"
Package: fontenc 2005/09/27 v1.99g Standard LaTeX package

("C:\Program Files\MiKTeX 2.7\tex\latex\base\t1enc.def"
File: t1enc.def 2005/09/27 v1.99g Standard LaTeX file
LaTeX Font Info:    Redeclaring font encoding T1 on input line 43.
))
("C:\Program Files\MiKTeX 2.7\tex\latex\upquote\upquote.sty"
Package: upquote 2003/08/11 v1.1 Covington's upright-quote modification to verb
atim and verb

("C:\Program Files\MiKTeX 2.7\tex\latex\base\textcomp.sty"
Package: textcomp 2005/09/27 v1.99g Standard LaTeX package
Package textcomp Info: Sub-encoding information:
(textcomp)               5 = only ISO-Adobe without \textcurrency
(textcomp)               4 = 5 + \texteuro
(textcomp)               3 = 4 + \textohm
(textcomp)               2 = 3 + \textestimated + \textcurrency
(textcomp)               1 = TS1 - \textcircled - \t
(textcomp)               0 = TS1 (full)
(textcomp)             Font families with sub-encoding setting implement
(textcomp)             only a restricted character set as indicated.
(textcomp)             Family '?' is the default used for unknown fonts.
(textcomp)             See the documentation for details.
Package textcomp Info: Setting ? sub-encoding to TS1/1 on input line 71.

("C:\Program Files\MiKTeX 2.7\tex\latex\base\ts1enc.def"
File: ts1enc.def 2001/06/05 v3.0e (jk/car/fm) Standard LaTeX file
)
LaTeX Info: Redefining \oldstylenums on input line 266.
Package textcomp Info: Setting cmr sub-encoding to TS1/0 on input line 281.
Package textcomp Info: Setting cmss sub-encoding to TS1/0 on input line 282.
Package textcomp Info: Setting cmtt sub-encoding to TS1/0 on input line 283.
Package textcomp Info: Setting cmvtt sub-encoding to TS1/0 on input line 284.
Package textcomp Info: Setting cmbr sub-encoding to TS1/0 on input line 285.
Package textcomp Info: Setting cmtl sub-encoding to TS1/0 on input line 286.
Package textcomp Info: Setting ccr sub-encoding to TS1/0 on input line 287.
Package textcomp Info: Setting ptm sub-encoding to TS1/4 on input line 288.
Package textcomp Info: Setting pcr sub-encoding to TS1/4 on input line 289.
Package textcomp Info: Setting phv sub-encoding to TS1/4 on input line 290.
Package textcomp Info: Setting ppl sub-encoding to TS1/3 on input line 291.
Package textcomp Info: Setting pag sub-encoding to TS1/4 on input line 292.
Package textcomp Info: Setting pbk sub-encoding to TS1/4 on input line 293.
Package textcomp Info: Setting pnc sub-encoding to TS1/4 on input line 294.
Package textcomp Info: Setting pzc sub-encoding to TS1/4 on input line 295.
Package textcomp Info: Setting bch sub-encoding to TS1/4 on input line 296.
Package textcomp Info: Setting put sub-encoding to TS1/5 on input line 297.
Package textcomp Info: Setting uag sub-encoding to TS1/5 on input line 298.
Package textcomp Info: Setting ugq sub-encoding to TS1/5 on input line 299.
Package textcomp Info: Setting ul8 sub-encoding to TS1/4 on input line 300.
Package textcomp Info: Setting ul9 sub-encoding to TS1/4 on input line 301.
Package textcomp Info: Setting augie sub-encoding to TS1/5 on input line 302.
Package textcomp Info: Setting dayrom sub-encoding to TS1/3 on input line 303.
Package textcomp Info: Setting dayroms sub-encoding to TS1/3 on input line 304.

Package textcomp Info: Setting pxr sub-encoding to TS1/0 on input line 305.
Package textcomp Info: Setting pxss sub-encoding to TS1/0 on input line 306.
Package textcomp Info: Setting pxtt sub-encoding to TS1/0 on input line 307.
Package textcomp Info: Setting txr sub-encoding to TS1/0 on input line 308.
Package textcomp Info: Setting txss sub-encoding to TS1/0 on input line 309.
Package textcomp Info: Setting txtt sub-encoding to TS1/0 on input line 310.
Package textcomp Info: Setting futs sub-encoding to TS1/4 on input line 311.
Package textcomp Info: Setting futx sub-encoding to TS1/4 on input line 312.
Package textcomp Info: Setting futj sub-encoding to TS1/4 on input line 313.
Package textcomp Info: Setting hlh sub-encoding to TS1/3 on input line 314.
Package textcomp Info: Setting hls sub-encoding to TS1/3 on input line 315.
Package textcomp Info: Setting hlst sub-encoding to TS1/3 on input line 316.
Package textcomp Info: Setting hlct sub-encoding to TS1/5 on input line 317.
Package textcomp Info: Setting hlx sub-encoding to TS1/5 on input line 318.
Package textcomp Info: Setting hlce sub-encoding to TS1/5 on input line 319.
Package textcomp Info: Setting hlcn sub-encoding to TS1/5 on input line 320.
Package textcomp Info: Setting hlcw sub-encoding to TS1/5 on input line 321.
Package textcomp Info: Setting hlcf sub-encoding to TS1/5 on input line 322.
Package textcomp Info: Setting pplx sub-encoding to TS1/3 on input line 323.
Package textcomp Info: Setting pplj sub-encoding to TS1/3 on input line 324.
Package textcomp Info: Setting ptmx sub-encoding to TS1/4 on input line 325.
Package textcomp Info: Setting ptmj sub-encoding to TS1/4 on input line 326.
))
("C:\Program Files\MiKTeX 2.7\tex\latex\eqnarray\eqnarray.sty"
equationarray 1.2 <17 May 1995>
English documentation  <17 May 1995>
\@eqargcnt=\count110
)
\@float@every@notebox=\toks24
\c@notebox=\count111
\@float@every@warning=\toks25
\c@warning=\count112
\@indexfile=\write4

Writing index file FDS_5_User_Guide.idx
No file FDS_5_User_Guide.aux.
LaTeX Font Info:    Checking defaults for OML/cmm/m/it on input line 246.
LaTeX Font Info:    ... okay on input line 246.
LaTeX Font Info:    Checking defaults for T1/cmr/m/n on input line 246.
LaTeX Font Info:    ... okay on input line 246.
LaTeX Font Info:    Checking defaults for OT1/cmr/m/n on input line 246.
LaTeX Font Info:    ... okay on input line 246.
LaTeX Font Info:    Checking defaults for OMS/cmsy/m/n on input line 246.
LaTeX Font Info:    ... okay on input line 246.
LaTeX Font Info:    Checking defaults for OMX/cmex/m/n on input line 246.
LaTeX Font Info:    ... okay on input line 246.
LaTeX Font Info:    Checking defaults for U/cmr/m/n on input line 246.
LaTeX Font Info:    ... okay on input line 246.
LaTeX Font Info:    Checking defaults for PD1/pdf/m/n on input line 246.
LaTeX Font Info:    ... okay on input line 246.
LaTeX Font Info:    Checking defaults for TS1/cmr/m/n on input line 246.
LaTeX Font Info:    Try loading font information for TS1+cmr on input line 246.

("C:\Program Files\MiKTeX 2.7\tex\latex\base\ts1cmr.fd"
File: ts1cmr.fd 1999/05/25 v2.5h Standard LaTeX font definitions
)
LaTeX Font Info:    ... okay on input line 246.
LaTeX Font Info:    Try loading font information for T1+ptm on input line 246.

("C:\Program Files\MiKTeX 2.7\tex\latex\psnfss\t1ptm.fd"
File: t1ptm.fd 2001/06/04 font definitions for T1/ptm.
)
\big@size=\dimen128

("C:\Program Files\MiKTeX 2.7\tex\context\base\supp-pdf.tex"
[Loading MPS to PDF converter (version 2006.09.02).]
\scratchcounter=\count113
\scratchdimen=\dimen129
\scratchbox=\box33
\nofMPsegments=\count114
\nofMParguments=\count115
\everyMPshowfont=\toks26
\MPscratchCnt=\count116
\MPscratchDim=\dimen130
\MPnumerator=\count117
\everyMPtoPDFconversion=\toks27
)
Package hyperref Info: Link coloring ON on input line 246.
 ("C:\Program Files\MiKTeX 2.7\tex\latex\hyperref\nameref.sty"
Package: nameref 2007/05/29 v2.31 Cross-referencing by name of section

("C:\Program Files\MiKTeX 2.7\tex\latex\oberdiek\refcount.sty"
Package: refcount 2008/08/11 v3.1 Data extraction from references (HO)
)
\c@section@level=\count118
)
LaTeX Info: Redefining \ref on input line 246.
LaTeX Info: Redefining \pageref on input line 246.
\@outlinefile=\write5
\AtBeginShipoutBox=\box34
Package caption Info: Begin \AtBeginDocument code.
Package caption Info: float package is loaded.
Package caption Info: longtable package is loaded.

("C:\Program Files\MiKTeX 2.7\tex\latex\caption\ltcaption.sty"
Package: ltcaption 2008/03/28 v1.2 longtable captions (AR)
)
Package caption Info: rotating package is loaded.
Package caption Info: End \AtBeginDocument code.
-------------------- Geometry parameters
paper: class default
landscape: --
twocolumn: --
twoside: true
asymmetric: --
h-parts: 73.71613pt, 0.7\paperwidth , 110.57425pt (default)
v-parts: 95.39737pt, 0.7\paperheight , 143.09605pt (default)
hmarginratio: 2:3
vmarginratio: 2:3
lines: --
heightrounded: --
bindingoffset: 0.0pt
truedimen: --
includehead: --
includefoot: --
includemp: --
driver: pdftex
-------------------- Page layout dimensions and switches
\paperwidth  614.295pt
\paperheight 794.96999pt
\textwidth  469.75499pt
\textheight 650.43pt
\oddsidemargin  0.0pt
\evensidemargin 0.0pt
\topmargin  0.0pt
\headheight 0.0pt
\headsep    0.0pt
\footskip   27.46295pt
\marginparwidth 116.0pt
\marginparsep   7.0pt
\columnsep  10.0pt
\skip\footins  10.0pt plus 4.0pt minus 2.0pt
\hoffset 0.0pt
\voffset 0.0pt
\mag 1000
\@twosidetrue \@mparswitchtrue 
(1in=72.27pt, 1cm=28.45pt)
-----------------------

<FIGURES/nistident_flright_vec.pdf, id=6, 160.92421pt x 70.78947pt>
File: FIGURES/nistident_flright_vec.pdf Graphic file (type pdf)

<use FIGURES/nistident_flright_vec.pdf> [1
Non-PDF special ignored!

{C:/Documents and Settings/All Users/Application Data/MiKTeX/2.7/pdftex/config/
pdftex.map} <FIGURES/nistident_flright_vec.pdf>]
[2]
LaTeX Font Info:    Try loading font information for OT1+ptmcm on input line 32
2.
 ("C:\Program Files\MiKTeX 2.7\tex\latex\psnfss\ot1ptmcm.fd"
File: ot1ptmcm.fd 2000/01/03 Fontinst v1.801 font definitions for OT1/ptmcm.
)
LaTeX Font Info:    Try loading font information for OML+ptmcm on input line 32
2.

("C:\Program Files\MiKTeX 2.7\tex\latex\psnfss\omlptmcm.fd"
File: omlptmcm.fd 2000/01/03 Fontinst v1.801 font definitions for OML/ptmcm.
)
LaTeX Font Info:    Try loading font information for OMS+pzccm on input line 32
2.

("C:\Program Files\MiKTeX 2.7\tex\latex\psnfss\omspzccm.fd"
File: omspzccm.fd 2000/01/03 Fontinst v1.801 font definitions for OMS/pzccm.
)
LaTeX Font Info:    Try loading font information for OMX+psycm on input line 32
2.

("C:\Program Files\MiKTeX 2.7\tex\latex\psnfss\omxpsycm.fd"
File: omxpsycm.fd 2000/01/03 Fontinst v1.801 font definitions for OMX/psycm.
)
LaTeX Font Info:    Try loading font information for OT1+ptm on input line 322.


("C:\Program Files\MiKTeX 2.7\tex\latex\psnfss\ot1ptm.fd"
File: ot1ptm.fd 2001/06/04 font definitions for OT1/ptm.
)
LaTeX Font Info:    Font shape `OT1/ptm/bx/n' in size <10.95> not available
(Font)              Font shape `OT1/ptm/b/n' tried instead on input line 322.
LaTeX Font Info:    Font shape `OT1/ptm/bx/n' in size <8> not available
(Font)              Font shape `OT1/ptm/b/n' tried instead on input line 322.
LaTeX Font Info:    Font shape `OT1/ptm/bx/n' in size <6> not available
(Font)              Font shape `OT1/ptm/b/n' tried instead on input line 322.
LaTeX Font Info:    Try loading font information for U+msa on input line 322.

("C:\Program Files\MiKTeX 2.7\tex\latex\amsfonts\umsa.fd"
File: umsa.fd 2002/01/19 v2.2g AMS font definitions
)
LaTeX Font Info:    Try loading font information for U+msb on input line 322.

("C:\Program Files\MiKTeX 2.7\tex\latex\amsfonts\umsb.fd"
File: umsb.fd 2002/01/19 v2.2g AMS font definitions
)
<FIGURES/doc.pdf, id=22, 243.91125pt x 252.945pt>
File: FIGURES/doc.pdf Graphic file (type pdf)
 <use FIGURES/doc.pdf>
Underfull \vbox (badness 10000) has occurred while \output is active []

 [3 <FIGURES/doc.pdf>]
LaTeX Font Info:    Font shape `T1/ptm/bx/n' in size <12> not available
(Font)              Font shape `T1/ptm/b/n' tried instead on input line 352.


LaTeX Warning: Reference `LastPage' on page d undefined on input line 353.


Overfull \vbox (0.6739pt too high) has occurred while \output is active []


[4]
LaTeX Font Info:    Font shape `T1/ptm/bx/n' in size <24.88> not available
(Font)              Font shape `T1/ptm/b/n' tried instead on input line 374.
LaTeX Font Info:    Font shape `T1/ptm/bx/n' in size <10.95> not available
(Font)              Font shape `T1/ptm/b/n' tried instead on input line 380.


LaTeX Warning: Citation `FDS_Tech_Guide_5' on page i undefined on input line 38
0.


LaTeX Warning: Citation `Smokeview_Users_Guide_5' on page i undefined on input 
line 384.

[1



] [2

] [3] [4

] [5] [6

] [7]
Underfull \vbox (badness 10000) detected at line 510
 []

[8]

Package longtable Warning: Column widths have changed
(longtable)                in table 1 on input line 554.

[9] [10

]
\tf@toc=\write6
 [11] [12

]
\tf@lof=\write7
 [13] [14

]
\tf@lot=\write8
 [15] [16

]
LaTeX Font Info:    Font shape `T1/ptm/bx/n' in size <20.74> not available
(Font)              Font shape `T1/ptm/b/n' tried instead on input line 572.
 [1

] [2]
Chapter 1.

LaTeX Warning: Citation `FDS_Tech_Guide_5' on page 3 undefined on input line 58
1.


LaTeX Warning: Citation `Smokeview_Users_Guide_5' on page 3 undefined on input 
line 586.

LaTeX Font Info:    Font shape `T1/ptm/bx/n' in size <14.4> not available
(Font)              Font shape `T1/ptm/b/n' tried instead on input line 589.
[3

]

LaTeX Warning: Reference `info:parallelprocessing' on page 4 undefined on input
 line 652.

LaTeX Font Info:    Try loading font information for T1+pcr on input line 679.
("C:\Program Files\MiKTeX 2.7\tex\latex\psnfss\t1pcr.fd"
File: t1pcr.fd 2001/06/04 font definitions for T1/pcr.
)

LaTeX Warning: Reference `info:runningFDS' on page 4 undefined on input line 68
2.


LaTeX Warning: Reference `info:DEVC' on page 4 undefined on input line 690.


LaTeX Warning: Reference `info:DEVC' on page 4 undefined on input line 697.

[4]

LaTeX Warning: Reference `info:CTRL' on page 5 undefined on input line 701.


LaTeX Warning: Reference `info:MESH' on page 5 undefined on input line 706.


LaTeX Warning: Reference `info:ZONE' on page 5 undefined on input line 710.


LaTeX Warning: Reference `info:thermalboundary' on page 5 undefined on input li
ne 718.


LaTeX Warning: Reference `info:acquire' on page 5 undefined on input line 723.

[5] [6

]
Chapter 2.

LaTeX Warning: Citation `Smokeview_Users_Guide_5' on page 7 undefined on input 
line 745.

[7]

LaTeX Warning: Reference `info:compilation' on page 8 undefined on input line 7
99.


LaTeX Warning: Reference `info:compilation' on page 8 undefined on input line 8
06.

[8]
Chapter 3.

LaTeX Warning: Reference `info:inputfilecreation' on page 9 undefined on input 
line 823.

[9

]

LaTeX Warning: Citation `Gropp:1' on page 10 undefined on input line 924.

[10] [11]
LaTeX Font Info:    Font shape `OT1/ptm/bx/n' in size <9> not available
(Font)              Font shape `OT1/ptm/b/n' tried instead on input line 1015.
LaTeX Font Info:    Font shape `OT1/ptm/bx/n' in size <7> not available
(Font)              Font shape `OT1/ptm/b/n' tried instead on input line 1015.
LaTeX Font Info:    Font shape `OT1/ptm/bx/n' in size <5> not available
(Font)              Font shape `OT1/ptm/b/n' tried instead on input line 1015.


LaTeX Warning: Reference `info:restart' on page 12 undefined on input line 1054
.


LaTeX Warning: Reference `info:CTRL' on page 12 undefined on input line 1061.

[12]
Chapter 4.

LaTeX Warning: Reference `part:samples' on page 13 undefined on input line 1085
.

[13

] [14]

LaTeX Warning: Reference `info:DUMP' on page 15 undefined on input line 1185.

[15] [16

] [17] [18]
Chapter 5.
[19

]
LaTeX Font Info:    Try loading font information for TS1+pcr on input line 1401
.
 ("C:\Program Files\MiKTeX 2.7\tex\latex\psnfss\ts1pcr.fd"
File: ts1pcr.fd 2001/06/04 font definitions for TS1/pcr.
) [20]

LaTeX Warning: Reference `tbl:namelistgroups' on page 21 undefined on input lin
e 1417.


LaTeX Warning: Reference `info:BNDF' on page 21 undefined on input line 1429.


LaTeX Warning: Reference `tbl:BNDF' on page 21 undefined on input line 1429.


LaTeX Warning: Reference `info:CTRL' on page 21 undefined on input line 1430.


LaTeX Warning: Reference `tbl:CTRL' on page 21 undefined on input line 1430.


LaTeX Warning: Reference `info:DEVC' on page 21 undefined on input line 1432.


LaTeX Warning: Reference `tbl:DEVC' on page 21 undefined on input line 1432.


LaTeX Warning: Reference `info:DUMP' on page 21 undefined on input line 1433.


LaTeX Warning: Reference `tbl:DUMP' on page 21 undefined on input line 1433.


LaTeX Warning: Reference `info:HEAD' on page 21 undefined on input line 1434.


LaTeX Warning: Reference `tbl:HEAD' on page 21 undefined on input line 1434.


LaTeX Warning: Reference `info:HOLE' on page 21 undefined on input line 1435.


LaTeX Warning: Reference `tbl:HOLE' on page 21 undefined on input line 1435.


LaTeX Warning: Reference `info:INIT' on page 21 undefined on input line 1436.


LaTeX Warning: Reference `tbl:INIT' on page 21 undefined on input line 1436.


LaTeX Warning: Reference `info:ISOF' on page 21 undefined on input line 1437.


LaTeX Warning: Reference `tbl:ISOF' on page 21 undefined on input line 1437.


LaTeX Warning: Reference `info:MATL' on page 21 undefined on input line 1438.


LaTeX Warning: Reference `tbl:MATL' on page 21 undefined on input line 1438.


LaTeX Warning: Reference `info:MESH' on page 21 undefined on input line 1439.


LaTeX Warning: Reference `tbl:MESH' on page 21 undefined on input line 1439.


LaTeX Warning: Reference `info:MISC' on page 21 undefined on input line 1440.


LaTeX Warning: Reference `tbl:MISC' on page 21 undefined on input line 1440.


LaTeX Warning: Reference `info:OBST' on page 21 undefined on input line 1441.


LaTeX Warning: Reference `tbl:OBST' on page 21 undefined on input line 1441.


LaTeX Warning: Reference `info:PART' on page 21 undefined on input line 1442.


LaTeX Warning: Reference `tbl:PART' on page 21 undefined on input line 1442.


LaTeX Warning: Reference `info:PROF' on page 21 undefined on input line 1443.


LaTeX Warning: Reference `tbl:PROF' on page 21 undefined on input line 1443.


LaTeX Warning: Reference `info:PROP' on page 21 undefined on input line 1444.


LaTeX Warning: Reference `tbl:PROP' on page 21 undefined on input line 1444.


LaTeX Warning: Reference `info:RADI' on page 21 undefined on input line 1445.


LaTeX Warning: Reference `tbl:RADI' on page 21 undefined on input line 1445.


LaTeX Warning: Reference `info:RAMP' on page 21 undefined on input line 1446.


LaTeX Warning: Reference `tbl:RAMP' on page 21 undefined on input line 1446.


LaTeX Warning: Reference `info:REAC' on page 21 undefined on input line 1447.


LaTeX Warning: Reference `tbl:REAC' on page 21 undefined on input line 1447.


LaTeX Warning: Reference `info:SLCF' on page 21 undefined on input line 1448.


LaTeX Warning: Reference `tbl:SLCF' on page 21 undefined on input line 1448.


LaTeX Warning: Reference `info:SPEC' on page 21 undefined on input line 1449.


LaTeX Warning: Reference `tbl:SPEC' on page 21 undefined on input line 1449.


LaTeX Warning: Reference `info:SURF' on page 21 undefined on input line 1450.


LaTeX Warning: Reference `tbl:SURF' on page 21 undefined on input line 1450.


LaTeX Warning: Reference `info:TIME' on page 21 undefined on input line 1451.


LaTeX Warning: Reference `tbl:TIME' on page 21 undefined on input line 1451.


LaTeX Warning: Reference `info:TRNX' on page 21 undefined on input line 1453.


LaTeX Warning: Reference `tbl:TRNX' on page 21 undefined on input line 1453.


LaTeX Warning: Reference `info:VENT' on page 21 undefined on input line 1454.


LaTeX Warning: Reference `tbl:VENT' on page 21 undefined on input line 1454.


LaTeX Warning: Reference `info:ZONE' on page 21 undefined on input line 1455.


LaTeX Warning: Reference `tbl:ZONE' on page 21 undefined on input line 1455.

[21] [22]
Chapter 6.

LaTeX Warning: Reference `tbl:HEAD' on page 23 undefined on input line 1466.


LaTeX Warning: Reference `tbl:TIME' on page 23 undefined on input line 1493.

[23


]

LaTeX Warning: Reference `info:multimesh' on page 24 undefined on input line 15
56.

[24]

LaTeX Warning: Reference `tbl:MESH' on page 25 undefined on input line 1577.


LaTeX Warning: Reference `info:TRNX' on page 25 undefined on input line 1604.


Overfull \hbox (5.44447pt too wide) in paragraph at lines 1637--1637
[]   \T1/pcr/m/n/9 2     3     4     5     6     8     9    10    12    15    1
6    18    20    24    25[] 
 []


Overfull \hbox (5.44447pt too wide) in paragraph at lines 1637--1637
[]  \T1/pcr/m/n/9 27    30    32    36    40    45    48    50    54    60    6
4    72    75    80    81[] 
 []


Overfull \hbox (5.44447pt too wide) in paragraph at lines 1637--1637
[]  \T1/pcr/m/n/9 90    96   100   108   120   125   128   135   144   150   16
0   162   180   192   200[] 
 []


Overfull \hbox (5.44447pt too wide) in paragraph at lines 1637--1637
[] \T1/pcr/m/n/9 216   225   240   243   250   256   270   288   300   320   32
4   360   375   384   400[] 
 []


Overfull \hbox (5.44447pt too wide) in paragraph at lines 1637--1637
[] \T1/pcr/m/n/9 405   432   450   480   486   500   512   540   576   600   62
5   640   648   675   720[] 
 []

<FIGURES/hallways.jpg, id=257, 3854.4pt x 2262.4525pt>
File: FIGURES/hallways.jpg Graphic file (type jpg)

<use FIGURES/hallways.jpg> [25] [26 <FIGURES/hallways.jpg>]

LaTeX Warning: Reference `fig:meshes' on page 27 undefined on input line 1716.

\mygraph=\box35
\myfinegraph=\box36
\myotherfinegraph=\box37
LaTeX Font Info:    Try loading font information for TS1+ptm on input line 1777
.
("C:\Program Files\MiKTeX 2.7\tex\latex\psnfss\ts1ptm.fd"
File: ts1ptm.fd 2001/06/04 font definitions for TS1/ptm.
)

LaTeX Warning: Reference `info:VENT' on page 27 undefined on input line 1798.

[27] [28]

LaTeX Warning: Reference `out:file' on page 29 undefined on input line 1824.


LaTeX Warning: Reference `tbl:TRNX' on page 29 undefined on input line 1834.

<FIGURES/piece_wise_linear.PDF, id=282, 289.08pt x 306.14375pt>
File: FIGURES/piece_wise_linear.PDF Graphic file (type pdf)

<use FIGURES/piece_wise_linear.PDF>
<FIGURES/polygonal.PDF, id=283, 289.08pt x 306.14375pt>
File: FIGURES/polygonal.PDF Graphic file (type pdf)

<use FIGURES/polygonal.PDF> [29 <FIGURES/piece_wise_linear.PDF> <FIGURES/polygo
nal.PDF>]

LaTeX Warning: Reference `fig:grid2' on page 30 undefined on input line 1899.


LaTeX Warning: Reference `fig:grid1' on page 30 undefined on input line 1926.

[30]

LaTeX Warning: Citation `NUREG_1824' on page 31 undefined on input line 1981.

[31]

LaTeX Warning: Reference `tbl:MISC' on page 32 undefined on input line 1989.

[32

]
Overfull \hbox (3.8933pt too wide) in paragraph at lines 2064--2068
[]\T1/ptm/m/n/10.95 When run-ning the restarted job, the di-ag-nos-tic out-put 
of the restarted job is ap-pended to the file \T1/ptm/b/n/10.95 CHID.out
 []


LaTeX Warning: Reference `info:CTRL' on page 33 undefined on input line 2078.


LaTeX Warning: Reference `info:RAMP' on page 33 undefined on input line 2111.

[33] [34]

LaTeX Warning: Reference `eqn_baroclinic_torque' on page 35 undefined on input 
line 2194.


LaTeX Warning: Reference `stack_effect' on page 35 undefined on input line 2219
.

[35]

LaTeX Warning: Citation `FDS_Tech_Guide_5' on page 36 undefined on input line 2
241.

[36]

LaTeX Warning: Reference `tbl:INIT' on page 37 undefined on input line 2288.


LaTeX Warning: Reference `tbl:CLIP' on page 37 undefined on input line 2318.


LaTeX Warning: Reference `tbl:CLIP' on page 37 undefined on input line 2322.

[37

] [38

]
Chapter 7.

LaTeX Warning: Reference `tbl:OBST' on page 39 undefined on input line 2346.


LaTeX Warning: Reference `info:SURF' on page 39 undefined on input line 2356.

[39]

LaTeX Warning: Reference `info:create_remove' on page 40 undefined on input lin
e 2414.

[40]
Underfull \hbox (badness 2735) in paragraph at lines 2467--2469
[]\T1/ptm/m/n/10.95 Do not ap-ply \T1/pcr/m/n/10 SAWTOOTH=.FALSE. \T1/ptm/m/n/1
0.95 to ob-struc-tions that have any \T1/pcr/m/n/10 SURF_ID\T1/ptm/m/n/10.95 s 
with the at-tribute
 []


LaTeX Warning: Reference `tbl:HOLE' on page 41 undefined on input line 2474.


LaTeX Warning: Reference `tbl:HOLE' on page 41 undefined on input line 2477.


LaTeX Warning: Reference `info:create_remove' on page 41 undefined on input lin
e 2514.


LaTeX Warning: Reference `info:colors' on page 41 undefined on input line 2526.



LaTeX Warning: Reference `create_remove' on page 41 undefined on input line 253
3.

[41]

LaTeX Warning: Reference `tbl:VENT' on page 42 undefined on input line 2551.


LaTeX Warning: Reference `tbl:VENT' on page 42 undefined on input line 2555.


LaTeX Warning: Reference `info:Velocity_BC' on page 42 undefined on input line 
2599.

[42]

LaTeX Warning: Reference `info:colors' on page 43 undefined on input line 2620.



LaTeX Warning: Reference `tab:colors' on page 43 undefined on input line 2620.


LaTeX Warning: Reference `info:stackeffect' on page 43 undefined on input line 
2639.


LaTeX Warning: Reference `info:SPEC' on page 43 undefined on input line 2643.


LaTeX Warning: Reference `info:pressure_boundary' on page 43 undefined on input
 line 2645.


LaTeX Warning: Reference `info:activate_deactivate' on page 43 undefined on inp
ut line 2649.

[43]

LaTeX Warning: Reference `info:activate_deactivate' on page 44 undefined on inp
ut line 2684.

[44]
Chapter 8.

LaTeX Warning: Reference `info:SURF' on page 45 undefined on input line 2742.


LaTeX Warning: Reference `info:MATL' on page 45 undefined on input line 2745.


Underfull \vbox (badness 1515) has occurred while \output is active []

 [45

]

LaTeX Warning: Reference `tbl:SURF' on page 46 undefined on input line 2781.


LaTeX Warning: Reference `tbl:SURF' on page 46 undefined on input line 2784.


LaTeX Warning: Citation `Smokeview_Users_Guide_5' on page 46 undefined on input
 line 2813.


LaTeX Warning: Reference `info:RAMP' on page 46 undefined on input line 2838.


LaTeX Warning: Reference `info:SPEC' on page 46 undefined on input line 2851.


LaTeX Warning: Reference `info:finite' on page 46 undefined on input line 2853.


[46]
Underfull \vbox (badness 1635) has occurred while \output is active []

 [47]
[48] [49]

LaTeX Warning: Reference `info:Fan_Curves' on page 50 undefined on input line 3
096.


LaTeX Warning: Reference `info:SPEC' on page 50 undefined on input line 3106.


LaTeX Warning: Reference `pressure_boundary' on page 50 undefined on input line
 3163.

[50] [51] [52]

LaTeX Warning: Reference `tbl:VENT' on page 53 undefined on input line 3288.


Overfull \hbox (36.30626pt too wide) in paragraph at lines 3352--3356
\T1/ptm/m/n/10.95 Likewise, the bound-aries of Zone 1 and Zone 2 must in-clude 
solids whose \T1/pcr/m/n/10 SURF \T1/ptm/m/n/10.95 prop-er-ties in-clude \T1/pc
r/m/n/10 LEAK_PATH=1,2\T1/ptm/m/n/10.95 ,
 []

[53

]

LaTeX Warning: Reference `info:Velocity_BC' on page 54 undefined on input line 
3363.


LaTeX Warning: Reference `fig:Fan_Curve' on page 54 undefined on input line 337
3.

<FIGURES/Fan_Curve.PDF, id=449, 460.72125pt x 348.30125pt>
File: FIGURES/Fan_Curve.PDF Graphic file (type pdf)

<use FIGURES/Fan_Curve.PDF>

LaTeX Warning: Reference `info:SURF' on page 54 undefined on input line 3388.


LaTeX Warning: Reference `fan_test' on page 54 undefined on input line 3398.

[54 <FIGURES/Fan_Curve.PDF>]
Overfull \hbox (5.44447pt too wide) in paragraph at lines 3418--3418
[]\T1/pcr/m/n/9 &OBST XB= 0.0, 0.0,-0.1, 0.1, 0.4, 0.6, ..., SURF_ID=\TS1/pcr/m
/n/9 '\T1/pcr/m/n/9 BLOW RIGHT\TS1/pcr/m/n/9 '\T1/pcr/m/n/9 , PERMIT_HOLE=.FALS
E. /[] 
 []

[55] [56

] [57]

LaTeX Warning: Reference `nu_gas' on page 58 undefined on input line 3659.


LaTeX Warning: Reference `solid_phase_verification' on page 58 undefined on inp
ut line 3706.

[58]

LaTeX Warning: Reference `rr' on page 59 undefined on input line 3713.


LaTeX Warning: Reference `rr' on page 59 undefined on input line 3730.


LaTeX Warning: Reference `nu_gas' on page 59 undefined on input line 3786.

[59]

LaTeX Warning: Reference `thermoplastic' on page 60 undefined on input line 378
9.


LaTeX Warning: Reference `charring_solid' on page 60 undefined on input line 37
90.

[60] [61] [62]

LaTeX Warning: Reference `nu_gas' on page 63 undefined on input line 4044.


LaTeX Warning: Reference `box_burn_away' on page 63 undefined on input line 404
7.


LaTeX Warning: Reference `couch' on page 63 undefined on input line 4047.

[63]

LaTeX Warning: Reference `solid_phase_verification' on page 64 undefined on inp
ut line 4105.

[64] [65

]

LaTeX Font Warning: Command \small invalid in math mode on input line 4273.


LaTeX Font Warning: Command \small invalid in math mode on input line 4273.


LaTeX Font Warning: Command \small invalid in math mode on input line 4273.

[66] [67]

LaTeX Warning: Reference `tab:colors' on page 68 undefined on input line 4315.


LaTeX Warning: Reference `tab:colors' on page 68 undefined on input line 4339.


LaTeX Warning: Reference `tab:colors' on page 68 undefined on input line 4346.

[68

] [69] [70

]
Chapter 9.

Overfull \hbox (13.41469pt too wide) detected at line 4496
[][][]
 []

[71] [72] [73]

LaTeX Warning: Citation `FDS_Tech_Guide_5' on page 74 undefined on input line 4
620.


LaTeX Warning: Citation `FDS_Tech_Guide_5' on page 74 undefined on input line 4
634.


LaTeX Font Warning: Command \tiny invalid in math mode on input line 4660.


LaTeX Font Warning: Command \tiny invalid in math mode on input line 4660.


LaTeX Font Warning: Command \tiny invalid in math mode on input line 4660.


LaTeX Font Warning: Command \tiny invalid in math mode on input line 4660.


LaTeX Font Warning: Command \tiny invalid in math mode on input line 4660.


LaTeX Warning: Citation `Raman:CF' on page 74 undefined on input line 4661.


Overfull \hbox (39.59283pt too wide) in paragraph at lines 4662--4666
\T1/ptm/m/n/10.95 tions. It is given by \T1/pcr/m/n/10 C_EDC \T1/ptm/m/n/10.95 
on the \T1/pcr/m/n/10 REAC \T1/ptm/m/n/10.95 line. If you do not want to use th
is model, set \T1/pcr/m/n/10 EDDY_DISSIPATION=.FALSE.
 []

[74]

LaTeX Warning: Citation `Orloff:19th_Symposium' on page 75 undefined on input l
ine 4673.

[75]

LaTeX Warning: Reference `tab:gasspecies' on page 76 undefined on input line 47
20.


LaTeX Warning: Reference `tab:gasspecies' on page 76 undefined on input line 47
22.


LaTeX Warning: Reference `info:finite' on page 76 undefined on input line 4761.



LaTeX Warning: Reference `tab:gasspecies' on page 76 undefined on input line 47
65.


LaTeX Warning: Citation `Reid:1' on page 76 undefined on input line 4772.


LaTeX Warning: Citation `Reid:1' on page 76 undefined on input line 4772.

[76

] [77]

LaTeX Warning: Reference `info:SPEC' on page 78 undefined on input line 4822.

[78

]

LaTeX Warning: Citation `FDS_Tech_Guide_5' on page 79 undefined on input line 4
883.


LaTeX Warning: Reference `info:combustion' on page 79 undefined on input line 4
930.

[79

] [80


]
Chapter 10.

Overfull \hbox (10.84447pt too wide) in paragraph at lines 4991--4991
[]\T1/pcr/m/n/9 &PROP ID=\TS1/pcr/m/n/9 '\T1/pcr/m/n/9 Acme Spk-123\TS1/pcr/m/n
/9 '\T1/pcr/m/n/9 , QUANTITY=\TS1/pcr/m/n/9 '\T1/pcr/m/n/9 SPRINKLER LINK TEMPE
RATURE\TS1/pcr/m/n/9 '\T1/pcr/m/n/9 , PART_ID=\TS1/pcr/m/n/9 '\T1/pcr/m/n/9 my 
water\TS1/pcr/m/n/9 '\T1/pcr/m/n/9 , ... /[] 
 []

[81]

LaTeX Warning: Reference `part_type' on page 82 undefined on input line 5013.


Overfull \hbox (10.84447pt too wide) in paragraph at lines 5032--5032
[]\T1/pcr/m/n/9 &PART ID=\TS1/pcr/m/n/9 '\T1/pcr/m/n/9 drops\TS1/pcr/m/n/9 '\T1
/pcr/m/n/9 , QUANTITIES(1:3)=\TS1/pcr/m/n/9 '\T1/pcr/m/n/9 DROPLET_DIAMETER\TS1
/pcr/m/n/9 '\T1/pcr/m/n/9 ,\TS1/pcr/m/n/9 '\T1/pcr/m/n/9 DROPLET_TEMPERATURE\TS
1/pcr/m/n/9 '\T1/pcr/m/n/9 ,\TS1/pcr/m/n/9 '\T1/pcr/m/n/9 DROPLET_AGE\TS1/pcr/m
/n/9 '\T1/pcr/m/n/9 ,[] 
 []

[82] [83]
Overfull \hbox (18.07603pt too wide) in paragraph at lines 5170--5173
\T1/ptm/m/n/10.95 ting \T1/pcr/m/n/10 STATIC=.TRUE. \T1/ptm/m/n/10.95 only make
s sense in con-junc-tion with a non-zero value of \T1/pcr/m/n/10 NUMBER_INITIAL
_DROPLETS\T1/ptm/m/n/10.95 .
 []

[84]

LaTeX Warning: Reference `info:SPEC' on page 85 undefined on input line 5183.


Overfull \hbox (20.24289pt too wide) in paragraph at lines 5196--5199
\T1/ptm/m/n/10.95 and ther-mal prop-er-ties that dic-tate its heat up and evap-
o-ra-tion. To pre-vent evap-o-ra-tion, set \T1/pcr/m/n/10 EVAPORATE=.FALSE.
 []


LaTeX Warning: Citation `FDS_Tech_Guide_5' on page 85 undefined on input line 5
202.


Overfull \hbox (15.89108pt too wide) in paragraph at lines 5209--5216
\T1/ptm/m/n/10.95 ($[]$C), \T1/pcr/m/n/10 'DROPLET_DIAMETER' \T1/ptm/m/n/10.95 
($\OML/ptmcm/m/it/10.95 $\T1/ptm/m/n/10.95 m), \T1/pcr/m/n/10 'DROPLET_VELOCIT
Y' \T1/ptm/m/n/10.95 (m/s), \T1/pcr/m/n/10 'DROPLET_MASS' \T1/ptm/m/n/10.95 (kg
), \T1/pcr/m/n/10 'DROPLET_AGE'
 []


LaTeX Warning: Reference `spray_burner' on page 85 undefined on input line 5227
.

[85]

LaTeX Warning: Reference `info:combustion' on page 86 undefined on input line 5
280.

[86] [87] [88


]
Chapter 11.

LaTeX Warning: Reference `tbl:DEVC' on page 89 undefined on input line 5339.


Overfull \hbox (32.93542pt too wide) in paragraph at lines 5372--5378
[]\T1/ptm/m/n/10.95 Some de-vices have a par-tic-u-lar ori-en-ta-tion which can
 be spec-i-fied with var-i-ous pa-ram-e-ters; \T1/pcr/m/n/10 IOR\T1/ptm/m/n/10.
95 , \T1/pcr/m/n/10 ORIENTATION\T1/ptm/m/n/10.95 ,
 []

[89]

LaTeX Warning: Reference `out:DEVC' on page 90 undefined on input line 5405.


LaTeX Warning: Reference `info:PROP' on page 90 undefined on input line 5414.


LaTeX Warning: Reference `tbl:PROP' on page 90 undefined on input line 5421.

[90]

LaTeX Warning: Reference `info:PART' on page 91 undefined on input line 5485.


LaTeX Warning: Reference `info:MISC' on page 91 undefined on input line 5495.


LaTeX Warning: Citation `FDS_Tech_Guide_5' on page 91 undefined on input line 5
501.


LaTeX Warning: Reference `info:TABL' on page 91 undefined on input line 5509.

[91] [92]

LaTeX Warning: Reference `chapter:sprays' on page 93 undefined on input line 56
04.


Overfull \hbox (10.84447pt too wide) in paragraph at lines 5635--5635
[]\T1/pcr/m/n/9 &PROP ID=\TS1/pcr/m/n/9 '\T1/pcr/m/n/9 Acme Heat\TS1/pcr/m/n/9 
'\T1/pcr/m/n/9 , QUANTITY=\TS1/pcr/m/n/9 '\T1/pcr/m/n/9 LINK TEMPERATURE\TS1/pc
r/m/n/9 '\T1/pcr/m/n/9 , RTI=132., ACTIVATION_TEMPERATURE=74. /[] 
 []

[93]

LaTeX Warning: Reference `tab:sdvalues' on page 94 undefined on input line 5677
.


LaTeX Warning: Citation `SFPE' on page 94 undefined on input line 5683.


LaTeX Warning: Citation `SFPE' on page 94 undefined on input line 5683.

[94] [95]

LaTeX Warning: Reference `info:CTRL' on page 96 undefined on input line 5816.

[96

]

LaTeX Warning: Reference `info:ZONE' on page 97 undefined on input line 5899.

[97] [98

] [99] [100]
Overfull \hbox (5.44447pt too wide) in paragraph at lines 6235--6235
[]\T1/pcr/m/n/9 &CTRL ID=\TS1/pcr/m/n/9 '\T1/pcr/m/n/9 smokey\TS1/pcr/m/n/9 '\T
1/pcr/m/n/9 , FUNCTION_TYPE=\TS1/pcr/m/n/9 '\T1/pcr/m/n/9 AT_LEAST\TS1/pcr/m/n/
9 '\T1/pcr/m/n/9 , N=2, INPUT_ID=\TS1/pcr/m/n/9 '\T1/pcr/m/n/9 SD_1\TS1/pcr/m/n
/9 '\T1/pcr/m/n/9 ,\TS1/pcr/m/n/9 '\T1/pcr/m/n/9 SD_2\TS1/pcr/m/n/9 '\T1/pcr/m/
n/9 ,\TS1/pcr/m/n/9 '\T1/pcr/m/n/9 SD_3\TS1/pcr/m/n/9 '\T1/pcr/m/n/9 ,\TS1/pcr/
m/n/9 '\T1/pcr/m/n/9 SD_4\TS1/pcr/m/n/9 ' \T1/pcr/m/n/9 /[] 
 []

[101] [102]
Chapter 12.

LaTeX Warning: Reference `tbl:DUMP' on page 103 undefined on input line 6308.


Overfull \hbox (4.68732pt too wide) in paragraph at lines 6314--6320
\T1/pcr/m/n/10 DT_SLCF\T1/ptm/m/n/10.95 , \T1/pcr/m/n/10 DT_PART\T1/ptm/m/n/10.
95 , \T1/pcr/m/n/10 DT_ISOF\T1/ptm/m/n/10.95 , \T1/pcr/m/n/10 DT_BNDF\T1/ptm/m/
n/10.95 , \T1/pcr/m/n/10 DT_PROF\T1/ptm/m/n/10.95 , or \T1/pcr/m/n/10 DT_CTRL \
T1/ptm/m/n/10.95 Note that \T1/pcr/m/n/10 DT_SLCF \T1/ptm/m/n/10.95 con-trols S
moke3D
 []

[103

] [104]

LaTeX Warning: Reference `tab:output' on page 105 undefined on input line 6362.



LaTeX Warning: Reference `info:statistics' on page 105 undefined on input line 
6383.


LaTeX Warning: Reference `tab:output' on page 105 undefined on input line 6405.



LaTeX Warning: Reference `tbl:PROF' on page 105 undefined on input line 6435.

[105

]

LaTeX Warning: Reference `tbl:SLCF' on page 106 undefined on input line 6505.

[106]

LaTeX Warning: Reference `out:SLCF' on page 107 undefined on input line 6528.


LaTeX Warning: Reference `info:fds2ascii' on page 107 undefined on input line 6
531.


LaTeX Warning: Reference `tab:output' on page 107 undefined on input line 6547.



LaTeX Warning: Reference `out:BNDF' on page 107 undefined on input line 6551.


Overfull \hbox (23.61627pt too wide) in paragraph at lines 6603--6609
\T1/ptm/m/n/10.95 first and fifth quan-ti-ties can be changed with the pa-ram-e
-ters \T1/pcr/m/n/10 PLOT3D_QUANTITY(1) \T1/ptm/m/n/10.95 and \T1/pcr/m/n/10 PL
OT3D_QUANTITY(5)
 []

[107]

LaTeX Warning: Citation `PLOT3D' on page 108 undefined on input line 6614.


LaTeX Warning: Reference `out:PL3D' on page 108 undefined on input line 6614.

[108]

LaTeX Font Warning: Command \small invalid in math mode on input line 6731.


LaTeX Font Warning: Command \small invalid in math mode on input line 6732.


LaTeX Font Warning: Command \small invalid in math mode on input line 6733.


LaTeX Warning: Citation `SFPE:Mulholland' on page 109 undefined on input line 6
746.

[109

]

LaTeX Warning: Reference `info:aspiration_detector' on page 110 undefined on in
put line 6755.


LaTeX Warning: Reference `info:smoke_detector' on page 110 undefined on input l
ine 6756.


LaTeX Warning: Reference `info:beam_detector' on page 110 undefined on input li
ne 6756.


Overfull \hbox (22.1781pt too wide) in paragraph at lines 6752--6757
\T1/ptm/m/n/10.95 Devices that out-put a % ob-scu-ra-tion such as a \T1/pcr/m/n
/10 DEVC \T1/ptm/m/n/10.95 with a \T1/pcr/m/n/10 QUANTITY \T1/ptm/m/n/10.95 of 
\T1/pcr/m/n/10 ASPIRATION\T1/ptm/m/n/10.95 , \T1/pcr/m/n/10 CHAMBER OBSCURATION

 []


LaTeX Warning: Citation `SFPE:Mulholland' on page 110 undefined on input line 6
764.


LaTeX Warning: Reference `mec' on page 110 undefined on input line 6775.

LaTeX Font Info:    Font shape `T1/ptm/bx/n' in size <9> not available
(Font)              Font shape `T1/ptm/b/n' tried instead on input line 6777.

LaTeX Warning: Citation `Mulholland:F+M' on page 110 undefined on input line 67
77.


LaTeX Warning: Reference `vis' on page 110 undefined on input line 6779.


Overfull \hbox (1.68448pt too wide) in paragraph at lines 6781--6783
[]\T1/ptm/m/n/10.95 The gas phase out-put quan-tity \T1/pcr/m/n/10 'EXTINCTION 
COEFFICIENT' \T1/ptm/m/n/10.95 is $\OML/ptmcm/m/it/10.95 K$\T1/ptm/m/n/10.95 . 
A sim-i-lar quan-tity is the \T1/pcr/m/n/10 'OPTICAL
 []


LaTeX Warning: Citation `Janssens:JFS1992' on page 110 undefined on input line 
6807.

[110]

LaTeX Warning: Citation `He:1' on page 111 undefined on input line 6821.


LaTeX Warning: Citation `Welsh:1' on page 111 undefined on input line 6847.

[111] [112]
Overfull \hbox (3.88722pt too wide) in paragraph at lines 6936--6938
[]\T1/ptm/m/n/10.95 Particle prop-erty that is used for vari-able $\OML/ptmcm/m
/it/10.95 x$\T1/ptm/m/n/10.95 . Pos-si-ble vari-ables are \T1/pcr/m/n/10 'VELOC
ITY'\T1/ptm/m/n/10.95 ,\T1/pcr/m/n/10 'U-VELOCITY'\T1/ptm/m/n/10.95 ,
 []


LaTeX Warning: Citation `Wickstrom:Interflam2007' on page 113 undefined on inpu
t line 6970.

[113]

LaTeX Warning: Citation `SFPE:Purser' on page 114 undefined on input line 7027.



LaTeX Warning: Reference `info:statistics' on page 114 undefined on input line 
7054.


LaTeX Warning: Reference `info:time_integral' on page 114 undefined on input li
ne 7055.

[114] [115] [116]
Overfull \hbox (37.84444pt too wide) in paragraph at lines 7189--7189
[]\T1/pcr/m/n/9 &DEVC ID=\TS1/pcr/m/n/9 '\T1/pcr/m/n/9 pressure tap\TS1/pcr/m/n
/9 '\T1/pcr/m/n/9 , XYZ=..., IOR=2, QUANTITY=\TS1/pcr/m/n/9 '\T1/pcr/m/n/9 PRES
SURE COEFFICIENT\TS1/pcr/m/n/9 '\T1/pcr/m/n/9 , PROP_ID=\TS1/pcr/m/n/9 '\T1/pcr
/m/n/9 whatever\TS1/pcr/m/n/9 ' \T1/pcr/m/n/9 /[] 
 []


Overfull \hbox (43.24443pt too wide) in paragraph at lines 7208--7208
[]\T1/pcr/m/n/9 &DEVC ID=\TS1/pcr/m/n/9 '\T1/pcr/m/n/9 dry CO\TS1/pcr/m/n/9 '\T
1/pcr/m/n/9 , XYZ=..., QUANTITY=\TS1/pcr/m/n/9 '\T1/pcr/m/n/9 VOLUME FRACTION\T
S1/pcr/m/n/9 '\T1/pcr/m/n/9 , SPEC_ID=\TS1/pcr/m/n/9 '\T1/pcr/m/n/9 carbon mono
xide\TS1/pcr/m/n/9 '\T1/pcr/m/n/9 , DRY=.TRUE. /[] 
 []

[117] [118]

LaTeX Warning: Reference `tab:output' on page 119 undefined on input line 7272.



Overfull \hbox (5.44447pt too wide) in paragraph at lines 7303--7303
[]\T1/pcr/m/n/9 &DEVC ID=\TS1/pcr/m/n/9 '\T1/pcr/m/n/9 CO_flow\TS1/pcr/m/n/9 '\
T1/pcr/m/n/9 , XB=-5,5,-5,5,2,2, QUANTITY=\TS1/pcr/m/n/9 '\T1/pcr/m/n/9 MASS FL
UX Z\TS1/pcr/m/n/9 '\T1/pcr/m/n/9 , SPEC_ID=\TS1/pcr/m/n/9 '\T1/pcr/m/n/9 carbo
n monoxide\TS1/pcr/m/n/9 '\T1/pcr/m/n/9 ,[] 
 []

[119

]

LaTeX Warning: Reference `info:RADI' on page 120 undefined on input line 7329.


LaTeX Warning: Reference `info:AST' on page 120 undefined on input line 7330.


LaTeX Warning: Reference `info:part_output' on page 120 undefined on input line
 7331.


LaTeX Warning: Reference `info:aspiration_detector' on page 120 undefined on in
put line 7332.


LaTeX Warning: Reference `info:PROF' on page 120 undefined on input line 7333.


LaTeX Warning: Reference `info:smoke_detector' on page 120 undefined on input l
ine 7335.


LaTeX Warning: Reference `info:CTRL' on page 120 undefined on input line 7337.


LaTeX Warning: Reference `info:heat_flux' on page 120 undefined on input line 7
338.


LaTeX Warning: Reference `info:part_output' on page 120 undefined on input line
 7339.


LaTeX Warning: Reference `info:part_output' on page 120 undefined on input line
 7343.


LaTeX Warning: Reference `info:part_output' on page 120 undefined on input line
 7344.


LaTeX Warning: Reference `info:part_output' on page 120 undefined on input line
 7345.


LaTeX Warning: Reference `info:FED' on page 120 undefined on input line 7351.


LaTeX Warning: Reference `info:heat_flux' on page 120 undefined on input line 7
352.


LaTeX Warning: Reference `info:flows' on page 120 undefined on input line 7354.



LaTeX Warning: Reference `info:heat_flux' on page 120 undefined on input line 7
355.


LaTeX Warning: Reference `info:heat_flux' on page 120 undefined on input line 7
358.


LaTeX Warning: Reference `info:PROF' on page 120 undefined on input line 7359.


LaTeX Warning: Reference `info:layerheight' on page 120 undefined on input line
 7361.


LaTeX Warning: Reference `info:heat_detectors' on page 120 undefined on input l
ine 7362.


LaTeX Warning: Reference `info:layerheight' on page 120 undefined on input line
 7363.


LaTeX Warning: Reference `info:flows' on page 120 undefined on input line 7364.


[120

] [121]

LaTeX Warning: Reference `info:part_output' on page 122 undefined on input line
 7388.


LaTeX Warning: Reference `info:part_output' on page 122 undefined on input line
 7389.


LaTeX Warning: Reference `info:visibility' on page 122 undefined on input line 
7391.


LaTeX Warning: Reference `info:visibility' on page 122 undefined on input line 
7392.


LaTeX Warning: Reference `info:beam_detector' on page 122 undefined on input li
ne 7393.


LaTeX Warning: Reference `info:wind' on page 122 undefined on input line 7395.


LaTeX Warning: Reference `info:heat_flux' on page 122 undefined on input line 7
396.


LaTeX Warning: Reference `info:heat_flux' on page 122 undefined on input line 7
397.


LaTeX Warning: Reference `info:heat_flux' on page 122 undefined on input line 7
398.


LaTeX Warning: Reference `info:sprinklers' on page 122 undefined on input line 
7402.


LaTeX Warning: Reference `info:material_components' on page 122 undefined on in
put line 7403.


LaTeX Warning: Reference `info:material_components' on page 122 undefined on in
put line 7404.


LaTeX Warning: Reference `info:THERMOCOUPLE' on page 122 undefined on input lin
e 7405.


LaTeX Warning: Reference `info:THERMOCOUPLE' on page 122 undefined on input lin
e 7406.


LaTeX Warning: Reference `info:DEVC' on page 122 undefined on input line 7407.


LaTeX Warning: Reference `info:layerheight' on page 122 undefined on input line
 7412.


LaTeX Warning: Reference `info:visibility' on page 122 undefined on input line 
7415.


LaTeX Warning: Reference `info:flows' on page 122 undefined on input line 7416.



LaTeX Warning: Reference `info:material_components' on page 122 undefined on in
put line 7420.

[122

]

LaTeX Warning: Reference `tab:oddoutput' on page 123 undefined on input line 74
35.


LaTeX Warning: Citation `FDS_Tech_Guide_5' on page 123 undefined on input line 
7436.

[123

] [124

]
Chapter 13.

LaTeX Warning: Reference `tbl:namelistgroups' on page 125 undefined on input li
ne 7480.

[125]

LaTeX Warning: Reference `info:BNDF' on page 126 undefined on input line 7496.


LaTeX Warning: Reference `info:BNDF' on page 126 undefined on input line 7496.


Overfull \hbox (469.75499pt too wide) detected at line 7496
 [] 
 []


Overfull \hbox (469.75499pt too wide) detected at line 7502
 [] 
 []


Package longtable Warning: Column widths have changed
(longtable)                in table 13.1 on input line 7512.


LaTeX Warning: Reference `info:CLIP' on page 126 undefined on input line 7524.


LaTeX Warning: Reference `info:CLIP' on page 126 undefined on input line 7524.


Overfull \hbox (469.75499pt too wide) detected at line 7524
 [] 
 []


Overfull \hbox (469.75499pt too wide) detected at line 7530
 [] 
 []


Overfull \hbox (118.62529pt too wide) in alignment at lines 7534--7543
[] [] [] [] []
 []


Package longtable Warning: Column widths have changed
(longtable)                in table 13.2 on input line 7543.


LaTeX Warning: Reference `info:CTRL' on page 126 undefined on input line 7553.


LaTeX Warning: Reference `info:CTRL' on page 126 undefined on input line 7553.


Overfull \hbox (469.75499pt too wide) detected at line 7553
 [] 
 []


Overfull \hbox (469.75499pt too wide) detected at line 7559
 [] 
 []


Overfull \hbox (66.5196pt too wide) in alignment at lines 7563--7576
[] [] [] [] []
 []


Package longtable Warning: Column widths have changed
(longtable)                in table 13.3 on input line 7576.


LaTeX Warning: Reference `info:DEVC' on page 126 undefined on input line 7589.


LaTeX Warning: Reference `info:DEVC' on page 126 undefined on input line 7589.


Overfull \hbox (469.75499pt too wide) detected at line 7589
 [] 
 []


Overfull \hbox (469.75499pt too wide) detected at line 7595
 [] 
 []


LaTeX Warning: Reference `info:statistics' on page 126 undefined on input line 
7619.


Overfull \hbox (62.90195pt too wide) in alignment at lines 7599--7619
[] [] [] [] []
 []


Underfull \vbox (badness 10000) has occurred while \output is active []

 [126

]

LaTeX Warning: Reference `info:statistics' on page 127 undefined on input line 
7620.


Overfull \hbox (74.68413pt too wide) in alignment at lines 7619--7625
[] [] [] [] []
 []


Package longtable Warning: Column widths have changed
(longtable)                in table 13.4 on input line 7625.


LaTeX Warning: Reference `info:DUMP' on page 127 undefined on input line 7637.


LaTeX Warning: Reference `info:DUMP' on page 127 undefined on input line 7637.


Overfull \hbox (469.75499pt too wide) detected at line 7637
 [] 
 []


Overfull \hbox (469.75499pt too wide) detected at line 7643
 [] 
 []


LaTeX Warning: Reference `info:pressurecorrection' on page 127 undefined on inp
ut line 7648.


LaTeX Warning: Reference `info:DUMP' on page 127 undefined on input line 7656.


LaTeX Warning: Reference `info:DUMP' on page 127 undefined on input line 7665.


Overfull \hbox (0.70808pt too wide) in alignment at lines 7647--7668
[] [] [] [] []
 []


LaTeX Warning: Reference `info:PL3D' on page 127 undefined on input line 7669.


LaTeX Warning: Reference `info:PL3D' on page 127 undefined on input line 7670.


LaTeX Warning: Reference `info:SMOKE3D' on page 127 undefined on input line 767
3.


LaTeX Warning: Reference `info:SMOKE3D' on page 127 undefined on input line 767
4.


Overfull \hbox (22.49869pt too wide) in alignment at lines 7668--7681
[] [] [] [] []
 []

[127]

Package longtable Warning: Column widths have changed
(longtable)                in table 13.5 on input line 7681.


LaTeX Warning: Reference `info:HEAD' on page 128 undefined on input line 7696.


LaTeX Warning: Reference `info:HEAD' on page 128 undefined on input line 7696.


Overfull \hbox (469.75499pt too wide) detected at line 7696
 [] 
 []


Overfull \hbox (469.75499pt too wide) detected at line 7702
 [] 
 []


Package longtable Warning: Column widths have changed
(longtable)                in table 13.6 on input line 7710.


LaTeX Warning: Reference `info:HOLE' on page 128 undefined on input line 7722.


LaTeX Warning: Reference `info:HOLE' on page 128 undefined on input line 7722.


Overfull \hbox (469.75499pt too wide) detected at line 7722
 [] 
 []


Overfull \hbox (469.75499pt too wide) detected at line 7728
 [] 
 []


Overfull \hbox (126.97392pt too wide) in alignment at lines 7732--7740
[] [] [] [] []
 []


Package longtable Warning: Column widths have changed
(longtable)                in table 13.7 on input line 7740.

[128]

LaTeX Warning: Reference `info:INIT' on page 129 undefined on input line 7751.


LaTeX Warning: Reference `info:INIT' on page 129 undefined on input line 7751.


Overfull \hbox (469.75499pt too wide) detected at line 7751
 [] 
 []


Overfull \hbox (469.75499pt too wide) detected at line 7757
 [] 
 []


Overfull \hbox (16.30016pt too wide) in alignment at lines 7761--7766
[] [] [] [] []
 []


Package longtable Warning: Column widths have changed
(longtable)                in table 13.8 on input line 7766.


LaTeX Warning: Reference `info:ISOF' on page 129 undefined on input line 7779.


LaTeX Warning: Reference `info:ISOF' on page 129 undefined on input line 7779.


Overfull \hbox (469.75499pt too wide) detected at line 7779
 [] 
 []


Overfull \hbox (469.75499pt too wide) detected at line 7785
 [] 
 []


Package longtable Warning: Column widths have changed
(longtable)                in table 13.9 on input line 7797.


LaTeX Warning: Reference `info:MATL' on page 129 undefined on input line 7809.


LaTeX Warning: Reference `info:MATL' on page 129 undefined on input line 7809.


Overfull \hbox (469.75499pt too wide) detected at line 7809
 [] 
 []


Overfull \hbox (469.75499pt too wide) detected at line 7815
 [] 
 []


Overfull \hbox (90.91914pt too wide) in alignment at lines 7819--7839
[] [] [] [] []
 []


Overfull \hbox (90.91914pt too wide) in alignment at lines 7839--7845
[] [] [] [] []
 []

[129]

Package longtable Warning: Column widths have changed
(longtable)                in table 13.10 on input line 7845.


LaTeX Warning: Reference `info:MESH' on page 130 undefined on input line 7857.


LaTeX Warning: Reference `info:MESH' on page 130 undefined on input line 7857.


Overfull \hbox (469.75499pt too wide) detected at line 7857
 [] 
 []


Overfull \hbox (469.75499pt too wide) detected at line 7863
 [] 
 []


Package longtable Warning: Column widths have changed
(longtable)                in table 13.11 on input line 7882.


LaTeX Warning: Reference `info:MISC' on page 130 undefined on input line 7895.


LaTeX Warning: Reference `info:MISC' on page 130 undefined on input line 7895.


Overfull \hbox (469.75499pt too wide) detected at line 7895
 [] 
 []


Overfull \hbox (469.75499pt too wide) detected at line 7901
 [] 
 []


LaTeX Warning: Reference `solid_phase_verification' on page 130 undefined on in
put line 7906.


LaTeX Warning: Reference `info:SPEC' on page 130 undefined on input line 7907.


LaTeX Warning: Reference `info:BNDF' on page 130 undefined on input line 7909.


LaTeX Warning: Reference `info:CFL' on page 130 undefined on input line 7910.


LaTeX Warning: Reference `info:CFL' on page 130 undefined on input line 7911.


LaTeX Warning: Reference `info:SPEC' on page 130 undefined on input line 7918.


LaTeX Warning: Reference `info:combustion' on page 130 undefined on input line 
7919.


LaTeX Warning: Reference `info:stratification' on page 130 undefined on input l
ine 7926.


LaTeX Warning: Reference `solid_phase_verification' on page 130 undefined on in
put line 7928.


LaTeX Warning: Reference `info:stratification' on page 130 undefined on input l
ine 7931.


LaTeX Warning: Reference `info:SPEC' on page 130 undefined on input line 7933.


Overfull \hbox (90.47879pt too wide) in alignment at lines 7905--7934
[] [] [] [] []
 []


LaTeX Warning: Reference `info:sprinklers' on page 130 undefined on input line 
7938.


LaTeX Warning: Reference `info:pressurecorrection' on page 130 undefined on inp
ut line 7939.


LaTeX Warning: Reference `solid_phase_verification' on page 130 undefined on in
put line 7948.


LaTeX Warning: Reference `info:stratification' on page 130 undefined on input l
ine 7949.


LaTeX Warning: Reference `info:combustion' on page 130 undefined on input line 
7950.


LaTeX Warning: Reference `info:texture_map' on page 130 undefined on input line
 7952.


LaTeX Warning: Reference `info:OBST' on page 130 undefined on input line 7953.


LaTeX Warning: Reference `info:SPEC' on page 130 undefined on input line 7956.


Overfull \hbox (106.88231pt too wide) in alignment at lines 7934--7956
[] [] [] [] []
 []

[130]

LaTeX Warning: Reference `info:CFL' on page 131 undefined on input line 7957.


LaTeX Warning: Reference `info:CFL' on page 131 undefined on input line 7958.


Overfull \hbox (106.88231pt too wide) in alignment at lines 7956--7959
[] [] [] [] []
 []


Package longtable Warning: Column widths have changed
(longtable)                in table 13.12 on input line 7959.

[131]

LaTeX Warning: Reference `info:OBST' on page 132 undefined on input line 7972.


LaTeX Warning: Reference `info:OBST' on page 132 undefined on input line 7972.


Overfull \hbox (469.75499pt too wide) detected at line 7972
 [] 
 []


Overfull \hbox (469.75499pt too wide) detected at line 7978
 [] 
 []


LaTeX Warning: Reference `info:BNDF' on page 132 undefined on input line 7984.


LaTeX Warning: Reference `info:BNDF' on page 132 undefined on input line 7985.


LaTeX Warning: Reference `info:SAWTOOTH' on page 132 undefined on input line 79
96.


LaTeX Warning: Reference `info:texture_map' on page 132 undefined on input line
 8001.


Overfull \hbox (79.2734pt too wide) in alignment at lines 7982--8004
[] [] [] [] []
 []


Package longtable Warning: Column widths have changed
(longtable)                in table 13.13 on input line 8004.


LaTeX Warning: Reference `info:PART' on page 132 undefined on input line 8017.


LaTeX Warning: Reference `info:PART' on page 132 undefined on input line 8017.


Overfull \hbox (469.75499pt too wide) detected at line 8017
 [] 
 []


Overfull \hbox (469.75499pt too wide) detected at line 8023
 [] 
 []


Overfull \hbox (75.69077pt too wide) in alignment at lines 8027--8048
[] [] [] [] []
 []


Overfull \hbox (110.46622pt too wide) in alignment at lines 8048--8064
[] [] [] [] []
 []

[132

]

Package longtable Warning: Column widths have changed
(longtable)                in table 13.14 on input line 8064.


LaTeX Warning: Reference `info:PROF' on page 133 undefined on input line 8076.


LaTeX Warning: Reference `info:PROF' on page 133 undefined on input line 8076.


Overfull \hbox (469.75499pt too wide) detected at line 8076
 [] 
 []


Overfull \hbox (469.75499pt too wide) detected at line 8082
 [] 
 []


Package longtable Warning: Column widths have changed
(longtable)                in table 13.15 on input line 8092.


LaTeX Warning: Reference `info:PROP' on page 133 undefined on input line 8103.


LaTeX Warning: Reference `info:PROP' on page 133 undefined on input line 8103.


Overfull \hbox (469.75499pt too wide) detected at line 8103
 [] 
 []


Overfull \hbox (469.75499pt too wide) detected at line 8109
 [] 
 []


LaTeX Warning: Reference `info:wind' on page 133 undefined on input line 8123.


LaTeX Warning: Reference `info:heat_flux' on page 133 undefined on input line 8
128.


Overfull \hbox (80.52492pt too wide) in alignment at lines 8113--8133
[] [] [] [] []
 []


LaTeX Warning: Reference `PDPA' on page 133 undefined on input line 8136.


LaTeX Warning: Reference `PDPA' on page 133 undefined on input line 8137.


LaTeX Warning: Reference `PDPA' on page 133 undefined on input line 8138.


LaTeX Warning: Reference `PDPA' on page 133 undefined on input line 8139.


LaTeX Warning: Reference `PDPA' on page 133 undefined on input line 8140.


LaTeX Warning: Reference `info:alternative_smoke' on page 133 undefined on inpu
t line 8145.


Overfull \hbox (102.6738pt too wide) in alignment at lines 8133--8149
[] [] [] [] []
 []

[133]

Package longtable Warning: Column widths have changed
(longtable)                in table 13.16 on input line 8149.


LaTeX Warning: Reference `info:RADI' on page 134 undefined on input line 8160.


LaTeX Warning: Reference `info:RADI' on page 134 undefined on input line 8160.


Overfull \hbox (469.75499pt too wide) detected at line 8160
 [] 
 []


Overfull \hbox (469.75499pt too wide) detected at line 8166
 [] 
 []


Overfull \hbox (73.2812pt too wide) in alignment at lines 8170--8181
[] [] [] [] []
 []


Package longtable Warning: Column widths have changed
(longtable)                in table 13.17 on input line 8181.

[134]

LaTeX Warning: Reference `info:RAMP' on page 135 undefined on input line 8192.


LaTeX Warning: Reference `info:RAMP' on page 135 undefined on input line 8192.


Overfull \hbox (469.75499pt too wide) detected at line 8192
 [] 
 []


Overfull \hbox (469.75499pt too wide) detected at line 8198
 [] 
 []


Package longtable Warning: Column widths have changed
(longtable)                in table 13.18 on input line 8212.


LaTeX Warning: Reference `info:REAC' on page 135 undefined on input line 8224.


LaTeX Warning: Reference `info:REAC' on page 135 undefined on input line 8224.


Overfull \hbox (469.75499pt too wide) detected at line 8224
 [] 
 []


Overfull \hbox (469.75499pt too wide) detected at line 8230
 [] 
 []


LaTeX Warning: Reference `info:turbulent_combustion' on page 135 undefined on i
nput line 8237.


LaTeX Warning: Reference `info:turbulent_combustion' on page 135 undefined on i
nput line 8241.


LaTeX Warning: Reference `info:turbulent_combustion' on page 135 undefined on i
nput line 8248.


LaTeX Warning: Reference `info:turbulent_combustion' on page 135 undefined on i
nput line 8249.


LaTeX Warning: Reference `info:turbulent_combustion' on page 135 undefined on i
nput line 8250.


Overfull \hbox (77.16927pt too wide) in alignment at lines 8234--8254
[] [] [] [] []
 []


Overfull \hbox (79.33696pt too wide) in alignment at lines 8254--8270
[] [] [] [] []
 []

[135]

Package longtable Warning: Column widths have changed
(longtable)                in table 13.19 on input line 8270.


LaTeX Warning: Reference `info:SLCF' on page 136 undefined on input line 8281.


LaTeX Warning: Reference `info:SLCF' on page 136 undefined on input line 8281.


Overfull \hbox (469.75499pt too wide) detected at line 8281
 [] 
 []


Overfull \hbox (469.75499pt too wide) detected at line 8287
 [] 
 []


Overfull \hbox (40.5679pt too wide) in alignment at lines 8291--8307
[] [] [] [] []
 []


Package longtable Warning: Column widths have changed
(longtable)                in table 13.20 on input line 8307.


LaTeX Warning: Reference `info:SPEC' on page 136 undefined on input line 8319.


LaTeX Warning: Reference `info:SPEC' on page 136 undefined on input line 8319.


Overfull \hbox (469.75499pt too wide) detected at line 8319
 [] 
 []


Overfull \hbox (469.75499pt too wide) detected at line 8325
 [] 
 []


LaTeX Warning: Reference `info:alternative_smoke' on page 136 undefined on inpu
t line 8338.


Overfull \hbox (60.58772pt too wide) in alignment at lines 8329--8343
[] [] [] [] []
 []


Package longtable Warning: Column widths have changed
(longtable)                in table 13.21 on input line 8343.

[136]

LaTeX Warning: Reference `info:SURF' on page 137 undefined on input line 8354.


LaTeX Warning: Reference `info:SURF' on page 137 undefined on input line 8354.


Overfull \hbox (469.75499pt too wide) detected at line 8354
 [] 
 []


Overfull \hbox (469.75499pt too wide) detected at line 8360
 [] 
 []


LaTeX Warning: Reference `info:BURN_AWAY' on page 137 undefined on input line 8
367.


LaTeX Warning: Reference `info:solid_phase_stability' on page 137 undefined on 
input line 8368.


LaTeX Warning: Reference `info:EXPOSED' on page 137 undefined on input line 838
1.


Overfull \hbox (34.48613pt too wide) in alignment at lines 8364--8384
[] [] [] [] []
 []


LaTeX Warning: Reference `info:particle_flux' on page 137 undefined on input li
ne 8392.


LaTeX Warning: Reference `info:Velocity_BC' on page 137 undefined on input line
 8394.


LaTeX Warning: Reference `info:solid_phase_stability' on page 137 undefined on 
input line 8404.


Overfull \hbox (42.40291pt too wide) in alignment at lines 8384--8404
[] [] [] [] []
 []


LaTeX Warning: Reference `info:BURN_AWAY' on page 137 undefined on input line 8
405.


Overfull \hbox (48.67725pt too wide) in alignment at lines 8404--8422
[] [] [] [] []
 []

[137]

Package longtable Warning: Column widths have changed
(longtable)                in table 13.22 on input line 8422.


LaTeX Warning: Reference `info:TABL' on page 138 undefined on input line 8433.


LaTeX Warning: Reference `info:TABL' on page 138 undefined on input line 8433.


Overfull \hbox (469.75499pt too wide) detected at line 8433
 [] 
 []


Overfull \hbox (469.75499pt too wide) detected at line 8439
 [] 
 []


Package longtable Warning: Column widths have changed
(longtable)                in table 13.23 on input line 8447.


Overfull \vbox (3.80812pt too high) has occurred while \output is active []


[138]

LaTeX Warning: Reference `info:TIME' on page 139 undefined on input line 8459.


LaTeX Warning: Reference `info:TIME' on page 139 undefined on input line 8459.


Overfull \hbox (469.75499pt too wide) detected at line 8459
 [] 
 []


Overfull \hbox (469.75499pt too wide) detected at line 8465
 [] 
 []


LaTeX Warning: Reference `info:steady_state' on page 139 undefined on input lin
e 8476.


Overfull \hbox (54.26335pt too wide) in alignment at lines 8469--8478
[] [] [] [] []
 []


Package longtable Warning: Column widths have changed
(longtable)                in table 13.24 on input line 8478.


LaTeX Warning: Reference `info:TRNX' on page 139 undefined on input line 8487.


LaTeX Warning: Reference `info:TRNX' on page 139 undefined on input line 8487.


Overfull \hbox (469.75499pt too wide) detected at line 8487
 [] 
 []


Overfull \hbox (469.75499pt too wide) detected at line 8493
 [] 
 []


Overfull \hbox (78.53706pt too wide) in alignment at lines 8497--8503
[] [] [] [] []
 []


Package longtable Warning: Column widths have changed
(longtable)                in table 13.25 on input line 8503.


LaTeX Warning: Reference `info:VENT' on page 139 undefined on input line 8515.


LaTeX Warning: Reference `info:VENT' on page 139 undefined on input line 8515.


Overfull \hbox (469.75499pt too wide) detected at line 8515
 [] 
 []


Overfull \hbox (469.75499pt too wide) detected at line 8521
 [] 
 []


LaTeX Warning: Reference `info:colors' on page 139 undefined on input line 8526
.


LaTeX Warning: Reference `info:pressure_boundary' on page 139 undefined on inpu
t line 8529.


LaTeX Warning: Reference `info:pressure_boundary' on page 139 undefined on inpu
t line 8538.


LaTeX Warning: Reference `info:colors' on page 139 undefined on input line 8539
.


LaTeX Warning: Reference `info:spread' on page 139 undefined on input line 8540
.


LaTeX Warning: Reference `info:texture_map' on page 139 undefined on input line
 8542.


LaTeX Warning: Reference `info:spread' on page 139 undefined on input line 8546
.


Overfull \hbox (65.44122pt too wide) in alignment at lines 8525--8547
[] [] [] [] []
 []


Package longtable Warning: Column widths have changed
(longtable)                in table 13.26 on input line 8547.

[139]

LaTeX Warning: Reference `info:ZONE' on page 140 undefined on input line 8559.


LaTeX Warning: Reference `info:ZONE' on page 140 undefined on input line 8559.


Overfull \hbox (469.75499pt too wide) detected at line 8559
 [] 
 []


Overfull \hbox (469.75499pt too wide) detected at line 8565
 [] 
 []


Overfull \hbox (30.35149pt too wide) in alignment at lines 8569--8573
[] [] [] [] []
 []


Package longtable Warning: Column widths have changed
(longtable)                in table 13.27 on input line 8573.

[140]
Chapter 14.

LaTeX Warning: Reference `info:DEVC' on page 141 undefined on input line 8619.


LaTeX Warning: Reference `info:CTRL' on page 141 undefined on input line 8620.

[141

]

LaTeX Warning: Reference `tab:colors' on page 142 undefined on input line 8674.



Overfull \hbox (9.61282pt too wide) in paragraph at lines 8671--8675
\T1/ptm/m/n/10.95 Notice the change in the names of the ther-mal prop-er-ties \
T1/pcr/m/n/10 KS \T1/ptm/m/n/10.95 and \T1/pcr/m/n/10 C_P \T1/ptm/m/n/10.95 to 
\T1/pcr/m/n/10 CONDUCTIVITY \T1/ptm/m/n/10.95 and \T1/pcr/m/n/10 SPECIFIC_HEAT\
T1/ptm/m/n/10.95 ,
 []

[142] [143] [144

] [145] [146]
Chapter 15.
<FIGURES/helium_2d.jpg, id=1072, 501.875pt x 1001.7425pt>
File: FIGURES/helium_2d.jpg Graphic file (type jpg)

<use FIGURES/helium_2d.jpg>
Overfull \hbox (8.74745pt too wide) in paragraph at lines 8781--8804
$[]$  $[]$ 
 []

[147

 <FIGURES/helium_2d.jpg>]
Overfull \hbox (0.80981pt too wide) in paragraph at lines 8830--8834
\T1/ptm/m/n/10.95 set of ob-struc-tions are us-ing \T1/pcr/m/n/10 SAWTOOTH=.FAL
SE. \T1/ptm/m/n/10.95 The ad-ja-cent ob-struc-tions that have \T1/pcr/m/n/10 SA
WTOOTH=.FALSE.
 []

<FIGURES/sawtooth.jpg, id=1079, 301.125pt x 301.125pt>
File: FIGURES/sawtooth.jpg Graphic file (type jpg)

<use FIGURES/sawtooth.jpg> [148

 <FIGURES/sawtooth.jpg>]
Overfull \hbox (15.04532pt too wide) in paragraph at lines 8873--8873
[]\T1/pcr/m/n/8 &HEAD CHID=\TS1/pcr/m/n/8 '\T1/pcr/m/n/8 pressure_boundary\TS1/
pcr/m/n/8 '\T1/pcr/m/n/8 , TITLE=\TS1/pcr/m/n/8 '\T1/pcr/m/n/8 Simple tunnel wi
th pressure boundary, SVN $Revision: 2836 $\TS1/pcr/m/n/8 ' \T1/pcr/m/n/8 /[] 
 []

<FIGURES/pressure_boundary.jpg, id=1085, 1741.50626pt x 265.99374pt>
File: FIGURES/pressure_boundary.jpg Graphic file (type jpg)

<use FIGURES/pressure_boundary.jpg> [149

 <FIGURES/pressure_boundary.jpg>]
[150

]
Chapter 16.
[151] <FIGURES/pressure_rise_T.pdf, id=1101, 274.20126pt x 210.18457pt>
File: FIGURES/pressure_rise_T.pdf Graphic file (type pdf)

<use FIGURES/pressure_rise_T.pdf>
<FIGURES/pressure_rise_P.pdf, id=1102, 290.90953pt x 212.38017pt>
File: FIGURES/pressure_rise_P.pdf Graphic file (type pdf)

<use FIGURES/pressure_rise_P.pdf>
<FIGURES/pressure_rise_R.pdf, id=1103, 277.6191pt x 206.52466pt>
File: FIGURES/pressure_rise_R.pdf Graphic file (type pdf)

<use FIGURES/pressure_rise_R.pdf>
Underfull \hbox (badness 10000) in alignment at lines 8909--8913
[][] 
 []

[152

 <FIGURES/pressure_rise_T.pdf> <FIGURES/pressure_rise_P.pdf> <FIGURES/pressure_
rise_R.pdf>] <FIGURES/leak_test.pdf, id=1138, 291.97911pt x 210.18457pt>
File: FIGURES/leak_test.pdf Graphic file (type pdf)

<use FIGURES/leak_test.pdf>
<FIGURES/leak_test_2.pdf, id=1139, 291.97911pt x 210.18457pt>
File: FIGURES/leak_test_2.pdf Graphic file (type pdf)

<use FIGURES/leak_test_2.pdf>
Underfull \hbox (badness 10000) in alignment at lines 8946--8949
[][] 
 []

[153

 <FIGURES/leak_test.pdf> <FIGURES/leak_test_2.pdf>]
Overfull \hbox (5.44447pt too wide) in paragraph at lines 8975--8975
[]\T1/pcr/m/n/9 &OBST XB= 0.0, 0.0,-0.1, 0.1, 0.4, 0.6, ..., SURF_ID=\TS1/pcr/m
/n/9 '\T1/pcr/m/n/9 BLOW RIGHT\TS1/pcr/m/n/9 '\T1/pcr/m/n/9 , PERMIT_HOLE=.FALS
E. /[] 
 []

<FIGURES/fan_test_Pressure.PDF, id=1157, 284.47906pt x 210.18457pt>
File: FIGURES/fan_test_Pressure.PDF Graphic file (type pdf)

<use FIGURES/fan_test_Pressure.PDF>
<FIGURES/fan_test_Volume_Flow.PDF, id=1158, 287.8969pt x 210.18457pt>
File: FIGURES/fan_test_Volume_Flow.PDF Graphic file (type pdf)

<use FIGURES/fan_test_Volume_Flow.PDF>
Overfull \hbox (2.3199pt too wide) in alignment at lines 8995--8998
[][] 
 []

[154

 <FIGURES/fan_test_Pressure.PDF> <FIGURES/fan_test_Volume_Flow.PDF>]
[155

] [156

]
Chapter 17.

LaTeX Warning: Reference `leak_test' on page 157 undefined on input line 9030.


LaTeX Warning: Reference `fan_test' on page 157 undefined on input line 9030.

<FIGURES/door_crack_Pressure.pdf, id=1192, 298.68733pt x 212.38017pt>
File: FIGURES/door_crack_Pressure.pdf Graphic file (type pdf)

<use FIGURES/door_crack_Pressure.pdf>
<FIGURES/door_crack_HRR.pdf, id=1193, 279.2013pt x 210.18457pt>
File: FIGURES/door_crack_HRR.pdf Graphic file (type pdf)

<use FIGURES/door_crack_HRR.pdf>
Underfull \hbox (badness 10000) in alignment at lines 9041--9044
[][] 
 []

[157 <FIGURES/door_crack_Pressure.pdf> <FIGURES/door_crack_HRR.pdf>] [158]
Chapter 18.
<FIGURES/beam_detector_nosmoke.jpg, id=1217, 1284.8pt x 971.63pt>
File: FIGURES/beam_detector_nosmoke.jpg Graphic file (type jpg)

<use FIGURES/beam_detector_nosmoke.jpg>
<FIGURES/beam_detector_smoke.jpg, id=1218, 1284.8pt x 971.63pt>
File: FIGURES/beam_detector_smoke.jpg Graphic file (type jpg)

<use FIGURES/beam_detector_smoke.jpg>
Overfull \hbox (16.7726pt too wide) in alignment at lines 9097--9100
[][] 
 []

[159


 <FIGURES/beam_detector_nosmoke.jpg> <FIGURES/beam_detector_smoke.jpg>]
<FIGURES/aspiration_detector.pdf, id=1225, 279.2013pt x 210.18457pt>
File: FIGURES/aspiration_detector.pdf Graphic file (type pdf)

<use FIGURES/aspiration_detector.pdf>
Underfull \hbox (badness 10000) in alignment at lines 9124--9126
[][] 
 []

[160

 <FIGURES/aspiration_detector.pdf>]
Chapter 19.
<FIGURES/water_evaporation.jpg, id=1234, 642.4pt x 481.8pt>
File: FIGURES/water_evaporation.jpg Graphic file (type jpg)

<use FIGURES/water_evaporation.jpg> [161

 <FIGURES/water_evaporation.jpg>]
[162

]
Overfull \hbox (21.64445pt too wide) in paragraph at lines 9241--9241
[]\T1/pcr/m/n/9 &PROP ID=\TS1/pcr/m/n/9 '\T1/pcr/m/n/9 K-11\TS1/pcr/m/n/9 '\T1/
pcr/m/n/9 , QUANTITY=\TS1/pcr/m/n/9 '\T1/pcr/m/n/9 SPRINKLER LINK TEMPERATURE\T
S1/pcr/m/n/9 '\T1/pcr/m/n/9 , OFFSET=0.10, PART_ID=\TS1/pcr/m/n/9 '\T1/pcr/m/n/
9 water_drops\TS1/pcr/m/n/9 '\T1/pcr/m/n/9 ,[] 
 []

[163

] [164


]
Chapter 20.
<FIGURES/create_remove.jpg, id=1257, 566.115pt x 625.33624pt>
File: FIGURES/create_remove.jpg Graphic file (type jpg)

<use FIGURES/create_remove.jpg>
Overfull \hbox (30.04756pt too wide) in paragraph at lines 9269--9289
$[]$  $[]$ 
 []

[165 <FIGURES/create_remove.jpg>] [166

]
Chapter 21.
[167] [168]

LaTeX Warning: Reference `info:solid_pyrolysis' on page 169 undefined on input 
line 9408.


<FIGURES/thermoplastic_Surface_Temperature.PDF, id=1286, 446.66875pt x 330.2337
5pt>
File: FIGURES/thermoplastic_Surface_Temperature.PDF Graphic file (type pdf)
 <use FIGURES/thermoplastic_Surface_Temperature.PDF>
<FIGURES/thermoplastic_Fluxes.PDF, id=1287, 440.64626pt x 332.24126pt>
File: FIGURES/thermoplastic_Fluxes.PDF Graphic file (type pdf)

<use FIGURES/thermoplastic_Fluxes.PDF>
Overfull \hbox (16.7726pt too wide) in alignment at lines 9420--9423
[][] 
 []

[169

 <FIGURES/thermoplastic_Surface_Temperature.PDF> <FIGURES/thermoplastic_Fluxes.
PDF>]
<FIGURES/thermoplastic_Burning_Rate.PDF, id=1298, 460.72125pt x 330.23375pt>
File: FIGURES/thermoplastic_Burning_Rate.PDF Graphic file (type pdf)

<use FIGURES/thermoplastic_Burning_Rate.PDF>
<FIGURES/thermoplastic_Thickness.PDF, id=1299, 460.72125pt x 330.23375pt>
File: FIGURES/thermoplastic_Thickness.PDF Graphic file (type pdf)

<use FIGURES/thermoplastic_Thickness.PDF>
Overfull \hbox (16.7726pt too wide) in alignment at lines 9428--9431
[][] 
 []

[170 <FIGURES/thermoplastic_Burning_Rate.PDF> <FIGURES/thermoplastic_Thickness.
PDF>] [171

]
<FIGURES/charring_solid_Surface_Temperature.PDF, id=1313, 446.66875pt x 330.233
75pt>
File: FIGURES/charring_solid_Surface_Temperature.PDF Graphic file (type pdf)
 <use FIGURES/charring_solid_Surface_Temperature.PDF>
<FIGURES/charring_solid_Burning_Rate.PDF, id=1314, 460.72125pt x 330.23375pt>
File: FIGURES/charring_solid_Burning_Rate.PDF Graphic file (type pdf)

<use FIGURES/charring_solid_Burning_Rate.PDF>
Overfull \hbox (16.7726pt too wide) in alignment at lines 9531--9534
[][] 
 []

[172 <FIGURES/charring_solid_Surface_Temperature.PDF> <FIGURES/charring_solid_B
urning_Rate.PDF>]
Chapter 22.
[173

] [174

]
Overfull \hbox (6.96016pt too wide) in paragraph at lines 9669--9676
\T1/ptm/m/n/10.95 com-pletely fab-ri-cated. What is im-por-tant here are the \T
1/pcr/m/n/10 HEAT_OF_REACTION \T1/ptm/m/n/10.95 and \T1/pcr/m/n/10 REFERENCE_TE
MPERATURE\T1/ptm/m/n/10.95 ,
 []

[175

]

LaTeX Warning: Citation `FDS_Users_Guide_5' on page 176 undefined on input line
 9713.

<FIGURES/spray_burner_HRR.PDF, id=1339, 281.70126pt x 210.18457pt>
File: FIGURES/spray_burner_HRR.PDF Graphic file (type pdf)

<use FIGURES/spray_burner_HRR.PDF> [176

 <FIGURES/spray_burner_HRR.PDF>]
[177] [178

] [179] [180]
Chapter 23.

LaTeX Warning: Reference `tab:sourcefiles' on page 181 undefined on input line 
9762.


LaTeX Warning: Reference `tab:sourcefiles' on page 181 undefined on input line 
9766.

[181

] [182]
Chapter 24.
[183

]

LaTeX Warning: Reference `info:HRR' on page 184 undefined on input line 9926.


LaTeX Warning: Reference `info:ZONE' on page 184 undefined on input line 9927.

[184] [185]
Overfull \hbox (11.42587pt too wide) in paragraph at lines 10035--10041
\T1/pcr/m/n/10 QUANTITY\T1/ptm/m/n/10.95 , \T1/pcr/m/n/10 SHORT_NAME \T1/ptm/m/
n/10.95 and \T1/pcr/m/n/10 UNITS \T1/ptm/m/n/10.95 are char-ac-ter strings of l
ength 30. The sex-tu-plet (\T1/pcr/m/n/10 I1,I2,J1,J2,K1,K2\T1/ptm/m/n/10.95 )
 []


LaTeX Warning: Reference `info:fds2ascii' on page 186 undefined on input line 1
0053.

[186] [187] [188] [189] [190

]
No file FDS_5_User_Guide.bbl.
No file FDS_5_User_Guide.ind.
AED: lastpage setting LastPage

Package longtable Warning: Table widths have changed. Rerun LaTeX.

(FDS_5_User_Guide.aux)

LaTeX Warning: There were undefined references.


LaTeX Warning: Label(s) may have changed. Rerun to get cross-references right.

 ) 
Here is how much of TeX's memory you used:
 8371 strings out of 95304
 117673 string characters out of 1183031
 209572 words of memory out of 1500000
 10721 multiletter control sequences out of 110000
 97099 words of font info for 160 fonts, out of 1200000 for 2000
 14 hyphenation exceptions out of 8191
 36i,12n,42p,1108b,399s stack positions out of 5000i,500n,10000p,200000b,5000s
{C:/Program Files/MiKTeX 2.7/fonts/enc/dvips/fontname/8r.enc}<C:/Program File
s/MiKTeX 2.7/fonts/type1/bluesky/cm/cmex10.pfb><C:/Program Files/MiKTeX 2.7/fon
ts/type1/bluesky/cm/cmmi10.pfb><C:/Program Files/MiKTeX 2.7/fonts/type1/bluesky
/cm/cmr10.pfb><C:/Program Files/MiKTeX 2.7/fonts/type1/bluesky/cm/cmr7.pfb><C:/
Program Files/MiKTeX 2.7/fonts/type1/bluesky/cm/cmsy10.pfb><C:/Program Files/Mi
KTeX 2.7/fonts/type1/bluesky/cm/cmsy7.pfb><C:/Program Files/MiKTeX 2.7/fonts/ty
pe1/bluesky/cm/cmtt10.pfb><C:/Program Files/MiKTeX 2.7/fonts/type1/bluesky/ams/
msam10.pfb><C:/Program Files/MiKTeX 2.7/fonts/type1/urw/courier/ucrr8a.pfb><C:/
Program Files/MiKTeX 2.7/fonts/type1/urw/symbol/usyr.pfb><C:/Program Files/MiKT
eX 2.7/fonts/type1/urw/times/utmb8a.pfb><C:/Program Files/MiKTeX 2.7/fonts/type
1/urw/times/utmr8a.pfb><C:/Program Files/MiKTeX 2.7/fonts/type1/urw/times/utmri
8a.pfb><C:/Program Files/MiKTeX 2.7/fonts/type1/urw/zapfchan/uzcmi8a.pfb>
Output written on FDS_5_User_Guide.pdf (210 pages, 2201995 bytes).
PDF statistics:
 1597 PDF objects out of 1728 (max. 8388607)
 607 named destinations out of 1000 (max. 131072)
 163 words of extra memory for PDF output out of 10000 (max. 10000000)

