This is pdfTeX, Version 3.1415926-1.40.9 (MiKTeX 2.7) (preloaded format=pdflatex 2008.11.19)  19 NOV 2008 14:19
entering extended mode
**FDS_5_Technical_Reference_Guide.tex
(FDS_5_Technical_Reference_Guide.tex
LaTeX2e <2005/12/01>
Babel <v3.8l> and hyphenation patterns for english, dumylang, nohyphenation, ge
rman, ngerman, german-x-2008-06-18, ngerman-x-2008-06-18, french, loaded.
("C:\Program Files\MiKTeX 2.7\tex\latex\base\book.cls"
Document Class: book 2005/09/16 v1.4f Standard LaTeX document class
("C:\Program Files\MiKTeX 2.7\tex\latex\base\bk11.clo"
File: bk11.clo 2005/09/16 v1.4f Standard LaTeX file (size option)
)
\c@part=\count79
\c@chapter=\count80
\c@section=\count81
\c@subsection=\count82
\c@subsubsection=\count83
\c@paragraph=\count84
\c@subparagraph=\count85
\c@figure=\count86
\c@table=\count87
\abovecaptionskip=\skip41
\belowcaptionskip=\skip42
\bibindent=\dimen102
)
("C:\Program Files\MiKTeX 2.7\tex\latex\psnfss\mathptm.sty"
Package: mathptm 2005/04/12 PSNFSS-v9.2a Times w/ Math (SPQR, WaS) 


Package mathptm Warning: This package is to be regarded as obsolete.
(mathptm)                See the PSNFSS documentation.

LaTeX Font Info:    Redeclaring symbol font `operators' on input line 31.
LaTeX Font Info:    Overwriting symbol font `operators' in version `normal'
(Font)                  OT1/cmr/m/n --> OT1/ptmcm/m/n on input line 31.
LaTeX Font Info:    Overwriting symbol font `operators' in version `bold'
(Font)                  OT1/cmr/bx/n --> OT1/ptmcm/m/n on input line 31.
LaTeX Font Info:    Redeclaring symbol font `letters' on input line 32.
LaTeX Font Info:    Overwriting symbol font `letters' in version `normal'
(Font)                  OML/cmm/m/it --> OML/ptmcm/m/it on input line 32.
LaTeX Font Info:    Overwriting symbol font `letters' in version `bold'
(Font)                  OML/cmm/b/it --> OML/ptmcm/m/it on input line 32.
LaTeX Font Info:    Redeclaring symbol font `symbols' on input line 33.
LaTeX Font Info:    Overwriting symbol font `symbols' in version `normal'
(Font)                  OMS/cmsy/m/n --> OMS/pzccm/m/n on input line 33.
LaTeX Font Info:    Overwriting symbol font `symbols' in version `bold'
(Font)                  OMS/cmsy/b/n --> OMS/pzccm/m/n on input line 33.
LaTeX Font Info:    Redeclaring symbol font `largesymbols' on input line 34.
LaTeX Font Info:    Overwriting symbol font `largesymbols' in version `normal'
(Font)                  OMX/cmex/m/n --> OMX/psycm/m/n on input line 34.
LaTeX Font Info:    Overwriting symbol font `largesymbols' in version `bold'
(Font)                  OMX/cmex/m/n --> OMX/psycm/m/n on input line 34.
\symbold=\mathgroup4
\symitalic=\mathgroup5
LaTeX Font Info:    Redeclaring math alphabet \mathbf on input line 37.
LaTeX Font Info:    Overwriting math alphabet `\mathbf' in version `normal'
(Font)                  OT1/cmr/bx/n --> OT1/ptm/bx/n on input line 37.
LaTeX Font Info:    Overwriting math alphabet `\mathbf' in version `bold'
(Font)                  OT1/cmr/bx/n --> OT1/ptm/bx/n on input line 37.
LaTeX Font Info:    Redeclaring math alphabet \mathit on input line 38.
LaTeX Font Info:    Overwriting math alphabet `\mathit' in version `normal'
(Font)                  OT1/cmr/m/it --> OT1/ptm/m/it on input line 38.
LaTeX Font Info:    Overwriting math alphabet `\mathit' in version `bold'
(Font)                  OT1/cmr/bx/it --> OT1/ptm/m/it on input line 38.
) ("C:\Program Files\MiKTeX 2.7\tex\latex\psnfss\times.sty"
Package: times 2005/04/12 PSNFSS-v9.2a (SPQR) 
)
("C:\Program Files\MiKTeX 2.7\tex\latex\graphics\graphicx.sty"
Package: graphicx 1999/02/16 v1.0f Enhanced LaTeX Graphics (DPC,SPQR)

("C:\Program Files\MiKTeX 2.7\tex\latex\graphics\keyval.sty"
Package: keyval 1999/03/16 v1.13 key=value parser (DPC)
\KV@toks@=\toks14
)
("C:\Program Files\MiKTeX 2.7\tex\latex\graphics\graphics.sty"
Package: graphics 2006/02/20 v1.0o Standard LaTeX Graphics (DPC,SPQR)

("C:\Program Files\MiKTeX 2.7\tex\latex\graphics\trig.sty"
Package: trig 1999/03/16 v1.09 sin cos tan (DPC)
)
("C:\Program Files\MiKTeX 2.7\tex\latex\00miktex\graphics.cfg"
File: graphics.cfg 2007/01/18 v1.5 graphics configuration of teTeX/TeXLive
)
Package graphics Info: Driver file: pdftex.def on input line 90.

("C:\Program Files\MiKTeX 2.7\tex\latex\pdftex-def\pdftex.def"
File: pdftex.def 2008/09/08 v0.04l Graphics/color for pdfTeX
\Gread@gobject=\count88
))
\Gin@req@height=\dimen103
\Gin@req@width=\dimen104
)
("C:\Program Files\MiKTeX 2.7\tex\latex\hyperref\hyperref.sty"
Package: hyperref 2008/09/29 v6.78l Hypertext links for LaTeX

("C:\Program Files\MiKTeX 2.7\tex\generic\oberdiek\ifpdf.sty"
Package: ifpdf 2007/12/12 v1.6 Provides the ifpdf switch (HO)
Package ifpdf Info: pdfTeX in pdf mode detected.
)
("C:\Program Files\MiKTeX 2.7\tex\generic\oberdiek\ifvtex.sty"
Package: ifvtex 2007/09/09 v1.3 Switches for detecting VTeX and its modes (HO)
Package ifvtex Info: VTeX not detected.
)
("C:\Program Files\MiKTeX 2.7\tex\generic\ifxetex\ifxetex.sty"
Package: ifxetex 2008/09/18 v0.4 Provides ifxetex conditional
)
("C:\Program Files\MiKTeX 2.7\tex\latex\oberdiek\hycolor.sty"
Package: hycolor 2008/09/08 v1.4 Code for color options of hyperref/bookmark (H
O)

("C:\Program Files\MiKTeX 2.7\tex\latex\oberdiek\xcolor-patch.sty"
Package: xcolor-patch 2008/09/08 xcolor patch
))
\@linkdim=\dimen105
\Hy@linkcounter=\count89
\Hy@pagecounter=\count90

("C:\Program Files\MiKTeX 2.7\tex\latex\hyperref\pd1enc.def"
File: pd1enc.def 2008/09/29 v6.78l Hyperref: PDFDocEncoding definition (HO)
)
("C:\Program Files\MiKTeX 2.7\tex\generic\oberdiek\etexcmds.sty"
Package: etexcmds 2007/12/12 v1.2 Prefix for e-TeX command names (HO)

("C:\Program Files\MiKTeX 2.7\tex\generic\oberdiek\infwarerr.sty"
Package: infwarerr 2007/09/09 v1.2 Providing info/warning/message (HO)
)
Package etexcmds Info: Could not find \expanded.
(etexcmds)             That can mean that you are not using pdfTeX 1.50 or
(etexcmds)             that some package has redefined \expanded.
(etexcmds)             In the latter case, load this package earlier.
)
("C:\Program Files\MiKTeX 2.7\tex\latex\00miktex\hyperref.cfg"
File: hyperref.cfg 2002/06/06 v1.2 hyperref configuration of TeXLive
)
("C:\Program Files\MiKTeX 2.7\tex\latex\oberdiek\kvoptions.sty"
Package: kvoptions 2007/10/18 v3.0 Keyval support for LaTeX options (HO)
)
Package hyperref Info: Option `colorlinks' set `true' on input line 2796.
Package hyperref Info: Option `bookmarksopen' set `true' on input line 2796.
Package hyperref Info: Option `plainpages' set `false' on input line 2796.
Package hyperref Info: Hyper figures OFF on input line 2907.
Package hyperref Info: Link nesting OFF on input line 2912.
Package hyperref Info: Hyper index ON on input line 2915.
Package hyperref Info: Plain pages OFF on input line 2922.
Package hyperref Info: Backreferencing ON on input line 2925.

Implicit mode ON; LaTeX internals redefined
Package hyperref Info: Bookmarks ON on input line 3117.
("C:\Program Files\MiKTeX 2.7\tex\latex\hyperref\backref.sty"
Package: backref 2006/09/05 v1.28 Bibliographical back referencing
)
("C:\Program Files\MiKTeX 2.7\tex\latex\ltxmisc\url.sty"
\Urlmuskip=\muskip10
Package: url 2006/04/12  ver 3.3  Verb mode for urls, etc.
)
LaTeX Info: Redefining \url on input line 3351.

("C:\Program Files\MiKTeX 2.7\tex\generic\oberdiek\bitset.sty"
Package: bitset 2007/09/28 v1.0 Data type bit set (HO)

("C:\Program Files\MiKTeX 2.7\tex\generic\oberdiek\intcalc.sty"
Package: intcalc 2007/09/27 v1.1 Expandable integer calculations (HO)
)
("C:\Program Files\MiKTeX 2.7\tex\generic\oberdiek\bigintcalc.sty"
Package: bigintcalc 2007/11/11 v1.1 Expandable big integer calculations (HO)

("C:\Program Files\MiKTeX 2.7\tex\generic\oberdiek\pdftexcmds.sty"
Package: pdftexcmds 2007/12/12 v0.3 LuaTeX support for pdfTeX utility functions
 (HO)
Package pdftexcmds Info: LuaTeX not detected on input line 139.
)))
("C:\Program Files\MiKTeX 2.7\tex\generic\oberdiek\kvsetkeys.sty"
Package: kvsetkeys 2007/09/29 v1.3 Key value parser with default handler suppor
t (HO)
)
\Fld@menulength=\count91
\Field@Width=\dimen106
\Fld@charsize=\dimen107
\Field@toks=\toks15
Package hyperref Info: Hyper figures OFF on input line 4268.
Package hyperref Info: Link nesting OFF on input line 4273.
Package hyperref Info: Hyper index ON on input line 4276.
Package hyperref Info: backreferencing ON on input line 4281.
Package hyperref Info: Link coloring ON on input line 4286.
Package hyperref Info: Link coloring with OCG OFF on input line 4293.
Package hyperref Info: PDF/A mode OFF on input line 4298.

("C:\Program Files\MiKTeX 2.7\tex\generic\oberdiek\atbegshi.sty"
Package: atbegshi 2008/07/31 v1.9 At begin shipout hook (HO)
)
\Hy@abspage=\count92
\c@Item=\count93
\c@Hfootnote=\count94
)
*hyperref using driver hpdftex*
("C:\Program Files\MiKTeX 2.7\tex\latex\hyperref\hpdftex.def"
File: hpdftex.def 2008/09/29 v6.78l Hyperref driver for pdfTeX
\Fld@listcount=\count95
)
("C:\Program Files\MiKTeX 2.7\tex\latex\graphics\color.sty"
Package: color 2005/11/14 v1.0j Standard LaTeX Color (DPC)

("C:\Program Files\MiKTeX 2.7\tex\latex\00miktex\color.cfg"
File: color.cfg 2007/01/18 v1.5 color configuration of teTeX/TeXLive
)
Package color Info: Driver file: pdftex.def on input line 130.
)
("C:\Program Files\MiKTeX 2.7\tex\latex\caption\caption.sty"
Package: caption 2008/08/24 v3.1j Customizing captions (AR)

("C:\Program Files\MiKTeX 2.7\tex\latex\caption\caption3.sty"
Package: caption3 2008/08/24 v3.1j caption3 kernel (AR)
\captionmargin=\dimen108
\captionmargin@=\dimen109
\captionwidth=\dimen110
\caption@indent=\dimen111
\caption@parindent=\dimen112
\caption@hangindent=\dimen113
)
\c@ContinuedFloat=\count96
Package caption Info: hyperref package is loaded.
)
("C:\Program Files\MiKTeX 2.7\tex\latex\base\graphpap.sty"
Package: graphpap 1994/08/09 v1.0c Standard LaTeX graphpap package (LL)
)
("C:\Program Files\MiKTeX 2.7\tex\latex\rotating\rotating.sty"
Package: rotating 2008/10/05 v2.15c rotated objects in LaTeX

("C:\Program Files\MiKTeX 2.7\tex\latex\base\ifthen.sty"
Package: ifthen 2001/05/26 v1.1c Standard LaTeX ifthen package (DPC)
)
\c@r@tfl@t=\count97
\rotFPtop=\skip43
\rotFPbot=\skip44
\rot@float@box=\box26
\rot@mess@toks=\toks16
)
("C:\Program Files\MiKTeX 2.7\tex\latex\graphics\epsfig.sty"
Package: epsfig 1999/02/16 v1.7a (e)psfig emulation (SPQR)
\epsfxsize=\dimen114
\epsfysize=\dimen115
)
("C:\Program Files\MiKTeX 2.7\tex\latex\psfrag\psfrag.sty"
Package: psfrag 1998/04/11 v3.04 PSfrag (MCG)
\pfg@pcount=\count98
\pfg@scount=\count99
\pfg@temp=\write3
)
("C:\Program Files\MiKTeX 2.7\tex\latex\geometry\geometry.sty"
Package: geometry 2002/07/08 v3.2 Page Geometry
\Gm@cnth=\count100
\Gm@cntv=\count101
\c@Gm@tempcnt=\count102
\Gm@bindingoffset=\dimen116
\Gm@wd@mp=\dimen117
\Gm@odd@mp=\dimen118
\Gm@even@mp=\dimen119
\Gm@dimlist=\toks17

("C:\Program Files\MiKTeX 2.7\tex\latex\geometry\geometry.cfg"))
("C:\Program Files\MiKTeX 2.7\tex\latex\tools\tabularx.sty"
Package: tabularx 1999/01/07 v2.07 `tabularx' package (DPC)

("C:\Program Files\MiKTeX 2.7\tex\latex\tools\array.sty"
Package: array 2005/08/23 v2.4b Tabular extension package (FMi)
\col@sep=\dimen120
\extrarowheight=\dimen121
\NC@list=\toks18
\extratabsurround=\skip45
\backup@length=\skip46
)
\TX@col@width=\dimen122
\TX@old@table=\dimen123
\TX@old@col=\dimen124
\TX@target=\dimen125
\TX@delta=\dimen126
\TX@cols=\count103
\TX@ftn=\toks19
)
("C:\Program Files\MiKTeX 2.7\tex\latex\tools\longtable.sty"
Package: longtable 2004/02/01 v4.11 Multi-page Table package (DPC)
\LTleft=\skip47
\LTright=\skip48
\LTpre=\skip49
\LTpost=\skip50
\LTchunksize=\count104
\LTcapwidth=\dimen127
\LT@head=\box27
\LT@firsthead=\box28
\LT@foot=\box29
\LT@lastfoot=\box30
\LT@cols=\count105
\LT@rows=\count106
\c@LT@tables=\count107
\c@LT@chunks=\count108
\LT@p@ftn=\toks20
)
("C:\Program Files\MiKTeX 2.7\tex\latex\graphics\lscape.sty"
Package: lscape 2000/10/22 v3.01 Landscape Pages (DPC)
)
("C:\Program Files\MiKTeX 2.7\tex\latex\amsfonts\amssymb.sty"
Package: amssymb 2002/01/22 v2.2d

("C:\Program Files\MiKTeX 2.7\tex\latex\amsfonts\amsfonts.sty"
Package: amsfonts 2001/10/25 v2.2f
\@emptytoks=\toks21
\symAMSa=\mathgroup6
\symAMSb=\mathgroup7
LaTeX Font Info:    Overwriting math alphabet `\mathfrak' in version `bold'
(Font)                  U/euf/m/n --> U/euf/b/n on input line 132.
))
("C:\Program Files\MiKTeX 2.7\tex\latex\base\makeidx.sty"
Package: makeidx 2000/03/29 v1.0m Standard LaTeX package
)
("C:\Program Files\MiKTeX 2.7\tex\latex\tocbibind\tocbibind.sty"
Package: tocbibind 2003/03/13 v1.5g extra ToC listings


Package tocbibind Note: The document has chapter divisions.


Package tocbibind Note: Using chapter style headings, unless overridden.

) ("C:\Program Files\MiKTeX 2.7\tex\latex\float\float.sty"
Package: float 2001/11/08 v1.3d Float enhancements (AL)
\c@float@type=\count109
\float@exts=\toks22
\float@box=\box31
\@float@everytoks=\toks23
\@floatcapt=\box32
)
("C:\Program Files\MiKTeX 2.7\tex\latex\lastpage\lastpage.sty"
Package: lastpage 1994/06/25 v0.1b LaTeX2e package for refs to last page number
 (JPG)
)
("C:\Program Files\MiKTeX 2.7\tex\latex\base\fontenc.sty"
Package: fontenc 2005/09/27 v1.99g Standard LaTeX package

("C:\Program Files\MiKTeX 2.7\tex\latex\base\t1enc.def"
File: t1enc.def 2005/09/27 v1.99g Standard LaTeX file
LaTeX Font Info:    Redeclaring font encoding T1 on input line 43.
))
("C:\Program Files\MiKTeX 2.7\tex\latex\upquote\upquote.sty"
Package: upquote 2003/08/11 v1.1 Covington's upright-quote modification to verb
atim and verb

("C:\Program Files\MiKTeX 2.7\tex\latex\base\textcomp.sty"
Package: textcomp 2005/09/27 v1.99g Standard LaTeX package
Package textcomp Info: Sub-encoding information:
(textcomp)               5 = only ISO-Adobe without \textcurrency
(textcomp)               4 = 5 + \texteuro
(textcomp)               3 = 4 + \textohm
(textcomp)               2 = 3 + \textestimated + \textcurrency
(textcomp)               1 = TS1 - \textcircled - \t
(textcomp)               0 = TS1 (full)
(textcomp)             Font families with sub-encoding setting implement
(textcomp)             only a restricted character set as indicated.
(textcomp)             Family '?' is the default used for unknown fonts.
(textcomp)             See the documentation for details.
Package textcomp Info: Setting ? sub-encoding to TS1/1 on input line 71.

("C:\Program Files\MiKTeX 2.7\tex\latex\base\ts1enc.def"
File: ts1enc.def 2001/06/05 v3.0e (jk/car/fm) Standard LaTeX file
)
LaTeX Info: Redefining \oldstylenums on input line 266.
Package textcomp Info: Setting cmr sub-encoding to TS1/0 on input line 281.
Package textcomp Info: Setting cmss sub-encoding to TS1/0 on input line 282.
Package textcomp Info: Setting cmtt sub-encoding to TS1/0 on input line 283.
Package textcomp Info: Setting cmvtt sub-encoding to TS1/0 on input line 284.
Package textcomp Info: Setting cmbr sub-encoding to TS1/0 on input line 285.
Package textcomp Info: Setting cmtl sub-encoding to TS1/0 on input line 286.
Package textcomp Info: Setting ccr sub-encoding to TS1/0 on input line 287.
Package textcomp Info: Setting ptm sub-encoding to TS1/4 on input line 288.
Package textcomp Info: Setting pcr sub-encoding to TS1/4 on input line 289.
Package textcomp Info: Setting phv sub-encoding to TS1/4 on input line 290.
Package textcomp Info: Setting ppl sub-encoding to TS1/3 on input line 291.
Package textcomp Info: Setting pag sub-encoding to TS1/4 on input line 292.
Package textcomp Info: Setting pbk sub-encoding to TS1/4 on input line 293.
Package textcomp Info: Setting pnc sub-encoding to TS1/4 on input line 294.
Package textcomp Info: Setting pzc sub-encoding to TS1/4 on input line 295.
Package textcomp Info: Setting bch sub-encoding to TS1/4 on input line 296.
Package textcomp Info: Setting put sub-encoding to TS1/5 on input line 297.
Package textcomp Info: Setting uag sub-encoding to TS1/5 on input line 298.
Package textcomp Info: Setting ugq sub-encoding to TS1/5 on input line 299.
Package textcomp Info: Setting ul8 sub-encoding to TS1/4 on input line 300.
Package textcomp Info: Setting ul9 sub-encoding to TS1/4 on input line 301.
Package textcomp Info: Setting augie sub-encoding to TS1/5 on input line 302.
Package textcomp Info: Setting dayrom sub-encoding to TS1/3 on input line 303.
Package textcomp Info: Setting dayroms sub-encoding to TS1/3 on input line 304.

Package textcomp Info: Setting pxr sub-encoding to TS1/0 on input line 305.
Package textcomp Info: Setting pxss sub-encoding to TS1/0 on input line 306.
Package textcomp Info: Setting pxtt sub-encoding to TS1/0 on input line 307.
Package textcomp Info: Setting txr sub-encoding to TS1/0 on input line 308.
Package textcomp Info: Setting txss sub-encoding to TS1/0 on input line 309.
Package textcomp Info: Setting txtt sub-encoding to TS1/0 on input line 310.
Package textcomp Info: Setting futs sub-encoding to TS1/4 on input line 311.
Package textcomp Info: Setting futx sub-encoding to TS1/4 on input line 312.
Package textcomp Info: Setting futj sub-encoding to TS1/4 on input line 313.
Package textcomp Info: Setting hlh sub-encoding to TS1/3 on input line 314.
Package textcomp Info: Setting hls sub-encoding to TS1/3 on input line 315.
Package textcomp Info: Setting hlst sub-encoding to TS1/3 on input line 316.
Package textcomp Info: Setting hlct sub-encoding to TS1/5 on input line 317.
Package textcomp Info: Setting hlx sub-encoding to TS1/5 on input line 318.
Package textcomp Info: Setting hlce sub-encoding to TS1/5 on input line 319.
Package textcomp Info: Setting hlcn sub-encoding to TS1/5 on input line 320.
Package textcomp Info: Setting hlcw sub-encoding to TS1/5 on input line 321.
Package textcomp Info: Setting hlcf sub-encoding to TS1/5 on input line 322.
Package textcomp Info: Setting pplx sub-encoding to TS1/3 on input line 323.
Package textcomp Info: Setting pplj sub-encoding to TS1/3 on input line 324.
Package textcomp Info: Setting ptmx sub-encoding to TS1/4 on input line 325.
Package textcomp Info: Setting ptmj sub-encoding to TS1/4 on input line 326.
))
("C:\Program Files\MiKTeX 2.7\tex\latex\eqnarray\eqnarray.sty"
equationarray 1.2 <17 May 1995>
English documentation  <17 May 1995>
\@eqargcnt=\count110
) (FDS_5_Technical_Reference_Guide.aux

LaTeX Warning: Label `pstrat' multiply defined.


LaTeX Warning: Label `1dheatcyl' multiply defined.


LaTeX Warning: Label `eqn_corrector_poisson' multiply defined.

)
LaTeX Font Info:    Checking defaults for OML/cmm/m/it on input line 68.
LaTeX Font Info:    ... okay on input line 68.
LaTeX Font Info:    Checking defaults for T1/cmr/m/n on input line 68.
LaTeX Font Info:    ... okay on input line 68.
LaTeX Font Info:    Checking defaults for OT1/cmr/m/n on input line 68.
LaTeX Font Info:    ... okay on input line 68.
LaTeX Font Info:    Checking defaults for OMS/cmsy/m/n on input line 68.
LaTeX Font Info:    ... okay on input line 68.
LaTeX Font Info:    Checking defaults for OMX/cmex/m/n on input line 68.
LaTeX Font Info:    ... okay on input line 68.
LaTeX Font Info:    Checking defaults for U/cmr/m/n on input line 68.
LaTeX Font Info:    ... okay on input line 68.
LaTeX Font Info:    Checking defaults for PD1/pdf/m/n on input line 68.
LaTeX Font Info:    ... okay on input line 68.
LaTeX Font Info:    Checking defaults for TS1/cmr/m/n on input line 68.
LaTeX Font Info:    Try loading font information for TS1+cmr on input line 68.
 ("C:\Program Files\MiKTeX 2.7\tex\latex\base\ts1cmr.fd"
File: ts1cmr.fd 1999/05/25 v2.5h Standard LaTeX font definitions
)
LaTeX Font Info:    ... okay on input line 68.
LaTeX Font Info:    Try loading font information for T1+ptm on input line 68.

("C:\Program Files\MiKTeX 2.7\tex\latex\psnfss\t1ptm.fd"
File: t1ptm.fd 2001/06/04 font definitions for T1/ptm.
)
\big@size=\dimen128

("C:\Program Files\MiKTeX 2.7\tex\context\base\supp-pdf.tex"
[Loading MPS to PDF converter (version 2006.09.02).]
\scratchcounter=\count111
\scratchdimen=\dimen129
\scratchbox=\box33
\nofMPsegments=\count112
\nofMParguments=\count113
\everyMPshowfont=\toks24
\MPscratchCnt=\count114
\MPscratchDim=\dimen130
\MPnumerator=\count115
\everyMPtoPDFconversion=\toks25
)
Package hyperref Info: Link coloring ON on input line 68.
 ("C:\Program Files\MiKTeX 2.7\tex\latex\hyperref\nameref.sty"
Package: nameref 2007/05/29 v2.31 Cross-referencing by name of section

("C:\Program Files\MiKTeX 2.7\tex\latex\oberdiek\refcount.sty"
Package: refcount 2008/08/11 v3.1 Data extraction from references (HO)
)
\c@section@level=\count116
)
LaTeX Info: Redefining \ref on input line 68.
LaTeX Info: Redefining \pageref on input line 68.

(FDS_5_Technical_Reference_Guide.out) (FDS_5_Technical_Reference_Guide.out)
\@outlinefile=\write4
\AtBeginShipoutBox=\box34
Package caption Info: Begin \AtBeginDocument code.
Package caption Info: float package is loaded.
Package caption Info: longtable package is loaded.

("C:\Program Files\MiKTeX 2.7\tex\latex\caption\ltcaption.sty"
Package: ltcaption 2008/03/28 v1.2 longtable captions (AR)
)
Package caption Info: rotating package is loaded.
Package caption Info: End \AtBeginDocument code.
-------------------- Geometry parameters
paper: class default
landscape: --
twocolumn: --
twoside: true
asymmetric: --
h-parts: 73.71613pt, 0.7\paperwidth , 110.57425pt (default)
v-parts: 95.39737pt, 0.7\paperheight , 143.09605pt (default)
hmarginratio: 2:3
vmarginratio: 2:3
lines: --
heightrounded: --
bindingoffset: 0.0pt
truedimen: --
includehead: --
includefoot: --
includemp: --
driver: pdftex
-------------------- Page layout dimensions and switches
\paperwidth  614.295pt
\paperheight 794.96999pt
\textwidth  469.75499pt
\textheight 650.43pt
\oddsidemargin  0.0pt
\evensidemargin 0.0pt
\topmargin  0.0pt
\headheight 0.0pt
\headsep    0.0pt
\footskip   27.46295pt
\marginparwidth 116.0pt
\marginparsep   7.0pt
\columnsep  10.0pt
\skip\footins  10.0pt plus 4.0pt minus 2.0pt
\hoffset 0.0pt
\voffset 0.0pt
\mag 1000
\@twosidetrue \@mparswitchtrue 
(1in=72.27pt, 1cm=28.45pt)
-----------------------

<FIGURES/nistident_flright_vec.pdf, id=317, 160.92421pt x 70.78947pt>
File: FIGURES/nistident_flright_vec.pdf Graphic file (type pdf)

<use FIGURES/nistident_flright_vec.pdf>
Overfull \hbox (18.06749pt too wide) in paragraph at lines 165--199
[][] 
 []

[1
Non-PDF special ignored!

{C:/Documents and Settings/All Users/Application Data/MiKTeX/2.7/pdftex/config/
pdftex.map} <FIGURES/nistident_flright_vec.pdf>]
[2]
LaTeX Font Info:    Try loading font information for OT1+ptmcm on input line 23
8.
 ("C:\Program Files\MiKTeX 2.7\tex\latex\psnfss\ot1ptmcm.fd"
File: ot1ptmcm.fd 2000/01/03 Fontinst v1.801 font definitions for OT1/ptmcm.
)
LaTeX Font Info:    Try loading font information for OML+ptmcm on input line 23
8.

("C:\Program Files\MiKTeX 2.7\tex\latex\psnfss\omlptmcm.fd"
File: omlptmcm.fd 2000/01/03 Fontinst v1.801 font definitions for OML/ptmcm.
)
LaTeX Font Info:    Try loading font information for OMS+pzccm on input line 23
8.

("C:\Program Files\MiKTeX 2.7\tex\latex\psnfss\omspzccm.fd"
File: omspzccm.fd 2000/01/03 Fontinst v1.801 font definitions for OMS/pzccm.
)
LaTeX Font Info:    Try loading font information for OMX+psycm on input line 23
8.

("C:\Program Files\MiKTeX 2.7\tex\latex\psnfss\omxpsycm.fd"
File: omxpsycm.fd 2000/01/03 Fontinst v1.801 font definitions for OMX/psycm.
)
LaTeX Font Info:    Try loading font information for OT1+ptm on input line 238.


("C:\Program Files\MiKTeX 2.7\tex\latex\psnfss\ot1ptm.fd"
File: ot1ptm.fd 2001/06/04 font definitions for OT1/ptm.
)
LaTeX Font Info:    Font shape `OT1/ptm/bx/n' in size <10.95> not available
(Font)              Font shape `OT1/ptm/b/n' tried instead on input line 238.
LaTeX Font Info:    Font shape `OT1/ptm/bx/n' in size <8> not available
(Font)              Font shape `OT1/ptm/b/n' tried instead on input line 238.
LaTeX Font Info:    Font shape `OT1/ptm/bx/n' in size <6> not available
(Font)              Font shape `OT1/ptm/b/n' tried instead on input line 238.
LaTeX Font Info:    Try loading font information for U+msa on input line 238.

("C:\Program Files\MiKTeX 2.7\tex\latex\amsfonts\umsa.fd"
File: umsa.fd 2002/01/19 v2.2g AMS font definitions
)
LaTeX Font Info:    Try loading font information for U+msb on input line 238.

("C:\Program Files\MiKTeX 2.7\tex\latex\amsfonts\umsb.fd"
File: umsb.fd 2002/01/19 v2.2g AMS font definitions
)
<FIGURES/doc.pdf, id=333, 243.91125pt x 252.945pt>
File: FIGURES/doc.pdf Graphic file (type pdf)
 <use FIGURES/doc.pdf>
Overfull \hbox (18.06749pt too wide) in paragraph at lines 206--252
[][] 
 []


Underfull \vbox (badness 10000) has occurred while \output is active []

 [3 <FIGURES/doc.pdf>]
LaTeX Font Info:    Font shape `T1/ptm/bx/n' in size <12> not available
(Font)              Font shape `T1/ptm/b/n' tried instead on input line 267.

Overfull \hbox (18.06749pt too wide) in paragraph at lines 255--281
[][] 
 []


Overfull \vbox (0.6739pt too high) has occurred while \output is active []


[4]
LaTeX Font Info:    Font shape `T1/ptm/bx/n' in size <24.88> not available
(Font)              Font shape `T1/ptm/b/n' tried instead on input line 291.
LaTeX Font Info:    Font shape `T1/ptm/bx/n' in size <10.95> not available
(Font)              Font shape `T1/ptm/b/n' tried instead on input line 295.


LaTeX Warning: Citation `Olenick:2' on page i undefined on input line 295.


LaTeX Warning: Citation `Friedman:1' on page i undefined on input line 295.


LaTeX Warning: Citation `ASTM:E1355' on page i undefined on input line 302.


LaTeX Warning: Citation `FDS_Users_Guide_5' on page i undefined on input line 3
04.

[1


] [2

] [3] [4

] [5] [6

] [7] [8

] (FDS_5_Technical_Reference_Guide.toc [9]
[10])
\tf@toc=\write5
 [11] [12

]
Chapter 1.
LaTeX Font Info:    Font shape `T1/ptm/bx/n' in size <20.74> not available
(Font)              Font shape `T1/ptm/b/n' tried instead on input line 436.

LaTeX Warning: Citation `Hottel:1' on page 1 undefined on input line 448.


LaTeX Warning: Citation `Jones:1' on page 1 undefined on input line 483.


LaTeX Warning: Citation `Quintiere:1' on page 1 undefined on input line 483.


LaTeX Warning: Citation `Forney:1' on page 1 undefined on input line 486.


LaTeX Warning: Citation `Patankar:1' on page 1 undefined on input line 497.

pdfTeX warning (ext4): destination with the same identifier (name{page.1}) has 
been already used, duplicate ignored
<to be read again> 
                   \relax 
l.501 
       [1

]

LaTeX Warning: Citation `Rehm:1' on page 2 undefined on input line 534.


LaTeX Warning: Citation `Oran:1' on page 2 undefined on input line 538.

pdfTeX warning (ext4): destination with the same identifier (name{page.2}) has 
been already used, duplicate ignored
<to be read again> 
                   \relax 
l.557 
       [2]pdfTeX warning (ext4): destination with the same identifier (name{pag
e.3}) has been already used, duplicate ignored
<to be read again> 
                   \relax 
l.562 \chapter
              {Model Overview} [3]pdfTeX warning (ext4): destination with the s
ame identifier (name{page.4}) has been already used, duplicate ignored
<to be read again> 
                   \relax 
l.562 \chapter
              {Model Overview} [4

]
Chapter 2.

LaTeX Warning: Citation `ASTM:E1355' on page 5 undefined on input line 565.

LaTeX Font Info:    Font shape `T1/ptm/bx/n' in size <14.4> not available
(Font)              Font shape `T1/ptm/b/n' tried instead on input line 567.
[5]
LaTeX Font Info:    Try loading font information for TS1+ptm on input line 610.

 ("C:\Program Files\MiKTeX 2.7\tex\latex\psnfss\ts1ptm.fd"
File: ts1ptm.fd 2001/06/04 font definitions for TS1/ptm.
) [6]

LaTeX Warning: Citation `Babrauskas:2' on page 7 undefined on input line 677.


LaTeX Warning: Citation `FDS_Users_Guide_5' on page 7 undefined on input line 6
83.

[7]

LaTeX Warning: Citation `FDS_Users_Guide_5' on page 8 undefined on input line 7
33.


LaTeX Warning: Citation `Smokeview_Users_Guide_5' on page 8 undefined on input 
line 734.

[8]
LaTeX Font Info:    Font shape `OT1/ptm/bx/n' in size <9> not available
(Font)              Font shape `OT1/ptm/b/n' tried instead on input line 805.
LaTeX Font Info:    Font shape `OT1/ptm/bx/n' in size <7> not available
(Font)              Font shape `OT1/ptm/b/n' tried instead on input line 805.
LaTeX Font Info:    Font shape `OT1/ptm/bx/n' in size <5> not available
(Font)              Font shape `OT1/ptm/b/n' tried instead on input line 805.
 [9] [10]

LaTeX Warning: Citation `FDS_Tech_Guide_5' on page 11 undefined on input line 8
94.


LaTeX Warning: Citation `FDS_Tech_Guide_5' on page 11 undefined on input line 9
02.


LaTeX Warning: Citation `FDS_Users_Guide_5' on page 11 undefined on input line 
903.


LaTeX Warning: Citation `Smokeview_Users_Guide_5' on page 11 undefined on input
 line 904.


LaTeX Warning: Citation `Rehm:1' on page 11 undefined on input line 911.


LaTeX Warning: Citation `Anderson:1' on page 11 undefined on input line 914.


LaTeX Warning: Citation `Peyret:1' on page 11 undefined on input line 914.


LaTeX Warning: Citation `Ferziger:1' on page 11 undefined on input line 915.


LaTeX Warning: Citation `Oran:1' on page 11 undefined on input line 919.


LaTeX Warning: Citation `Bilger:AnnRev' on page 11 undefined on input line 920.



LaTeX Warning: Citation `Holman:1' on page 11 undefined on input line 921.


LaTeX Warning: Citation `Incropera:1' on page 11 undefined on input line 922.


LaTeX Warning: Citation `Siegel:1' on page 11 undefined on input line 923.


LaTeX Warning: Citation `SFPE' on page 11 undefined on input line 926.


LaTeX Warning: Citation `Drysdale:1' on page 11 undefined on input line 927.


LaTeX Warning: Citation `Quintiere:2' on page 11 undefined on input line 927.

[11

]

LaTeX Warning: Citation `NUREG_1824' on page 12 undefined on input line 987.


LaTeX Warning: Citation `FDS_Tech_Guide_5' on page 12 undefined on input line 9
90.

[12] [13] [14

]
Chapter 3.

LaTeX Warning: Citation `Rehm:1' on page 15 undefined on input line 1064.


LaTeX Warning: Citation `Anderson:1' on page 15 undefined on input line 1084.

[15

] [16]

LaTeX Warning: Citation `Rehm:1' on page 17 undefined on input line 1179.


LaTeX Warning: Citation `Baum:5' on page 17 undefined on input line 1190.

[17] [18] [19]

LaTeX Warning: Citation `Pope:LES' on page 20 undefined on input line 1352.

[20]

LaTeX Warning: Citation `Smagorinsky:1' on page 21 undefined on input line 1363
.


LaTeX Warning: Citation `Deardorff:1' on page 21 undefined on input line 1389.


LaTeX Warning: Citation `Germano:1' on page 21 undefined on input line 1389.


LaTeX Warning: Citation `Lilly:1' on page 21 undefined on input line 1389.


LaTeX Warning: Citation `Baum:4' on page 21 undefined on input line 1394.

[21]

LaTeX Warning: Command \r invalid in math mode on input line 1421.

Missing character: There is no Å in font zptmcmr!

LaTeX Warning: Citation `Poling:1' on page 22 undefined on input line 1435.

[22]

LaTeX Font Warning: Command \tiny invalid in math mode on input line 1493.


LaTeX Font Warning: Command \tiny invalid in math mode on input line 1506.


LaTeX Font Warning: Command \tiny invalid in math mode on input line 1506.


LaTeX Font Warning: Command \tiny invalid in math mode on input line 1506.


LaTeX Font Warning: Command \tiny invalid in math mode on input line 1506.


LaTeX Font Warning: Command \tiny invalid in math mode on input line 1507.


LaTeX Font Warning: Command \tiny invalid in math mode on input line 1507.


LaTeX Font Warning: Command \tiny invalid in math mode on input line 1507.


LaTeX Font Warning: Command \tiny invalid in math mode on input line 1511.


LaTeX Font Warning: Command \tiny invalid in math mode on input line 1511.


LaTeX Font Warning: Command \tiny invalid in math mode on input line 1512.


LaTeX Font Warning: Command \tiny invalid in math mode on input line 1514.


LaTeX Font Warning: Command \tiny invalid in math mode on input line 1514.


LaTeX Font Warning: Command \tiny invalid in math mode on input line 1514.


LaTeX Font Warning: Command \tiny invalid in math mode on input line 1514.


LaTeX Font Warning: Command \tiny invalid in math mode on input line 1514.


LaTeX Font Warning: Command \tiny invalid in math mode on input line 1514.


LaTeX Font Warning: Command \tiny invalid in math mode on input line 1514.


LaTeX Font Warning: Command \tiny invalid in math mode on input line 1514.


LaTeX Font Warning: Command \tiny invalid in math mode on input line 1514.


LaTeX Font Warning: Command \tiny invalid in math mode on input line 1516.


LaTeX Font Warning: Command \tiny invalid in math mode on input line 1516.


LaTeX Font Warning: Command \tiny invalid in math mode on input line 1518.


LaTeX Font Warning: Command \tiny invalid in math mode on input line 1518.


LaTeX Font Warning: Command \tiny invalid in math mode on input line 1518.


LaTeX Font Warning: Command \tiny invalid in math mode on input line 1518.

[23

]

LaTeX Font Warning: Command \tiny invalid in math mode on input line 1526.


LaTeX Font Warning: Command \tiny invalid in math mode on input line 1526.


LaTeX Font Warning: Command \tiny invalid in math mode on input line 1526.


LaTeX Font Warning: Command \tiny invalid in math mode on input line 1526.


LaTeX Font Warning: Command \tiny invalid in math mode on input line 1526.


LaTeX Font Warning: Command \tiny invalid in math mode on input line 1526.


LaTeX Font Warning: Command \tiny invalid in math mode on input line 1526.


LaTeX Font Warning: Command \tiny invalid in math mode on input line 1526.


LaTeX Font Warning: Command \tiny invalid in math mode on input line 1526.


LaTeX Font Warning: Command \tiny invalid in math mode on input line 1526.


LaTeX Font Warning: Command \tiny invalid in math mode on input line 1534.


LaTeX Font Warning: Command \tiny invalid in math mode on input line 1534.


LaTeX Font Warning: Command \tiny invalid in math mode on input line 1534.


<FIGURES/State_Relations_3_Full_Labelled.pdf, id=642, 287.0725pt x 294.09875pt>
File: FIGURES/State_Relations_3_Full_Labelled.pdf Graphic file (type pdf)
<use FIGURES/State_Relations_3_Full_Labelled.pdf> [24 <FIGURES/State_Relations_
3_Full_Labelled.pdf>]
<FIGURES/Extinction_Criteria.pdf, id=656, 437.635pt x 330.23375pt>
File: FIGURES/Extinction_Criteria.pdf Graphic file (type pdf)

<use FIGURES/Extinction_Criteria.pdf>

LaTeX Font Warning: Command \tiny invalid in math mode on input line 1589.


LaTeX Font Warning: Command \tiny invalid in math mode on input line 1590.


LaTeX Font Warning: Command \tiny invalid in math mode on input line 1590.


LaTeX Font Warning: Command \tiny invalid in math mode on input line 1590.


LaTeX Font Warning: Command \tiny invalid in math mode on input line 1590.


LaTeX Font Warning: Command \tiny invalid in math mode on input line 1590.


LaTeX Font Warning: Command \tiny invalid in math mode on input line 1590.


LaTeX Font Warning: Command \tiny invalid in math mode on input line 1590.


LaTeX Font Warning: Command \tiny invalid in math mode on input line 1590.


LaTeX Font Warning: Command \tiny invalid in math mode on input line 1590.

[25 <FIGURES/Extinction_Criteria.pdf>]

LaTeX Font Warning: Command \tiny invalid in math mode on input line 1603.


LaTeX Font Warning: Command \tiny invalid in math mode on input line 1603.


LaTeX Font Warning: Command \tiny invalid in math mode on input line 1604.


LaTeX Font Warning: Command \tiny invalid in math mode on input line 1604.


LaTeX Font Warning: Command \tiny invalid in math mode on input line 1604.


LaTeX Font Warning: Command \tiny invalid in math mode on input line 1604.


LaTeX Font Warning: Command \tiny invalid in math mode on input line 1604.


LaTeX Font Warning: Command \tiny invalid in math mode on input line 1604.


LaTeX Font Warning: Command \tiny invalid in math mode on input line 1604.


LaTeX Font Warning: Command \tiny invalid in math mode on input line 1606.


LaTeX Font Warning: Command \tiny invalid in math mode on input line 1606.


LaTeX Font Warning: Command \tiny invalid in math mode on input line 1617.


LaTeX Font Warning: Command \tiny invalid in math mode on input line 1617.


LaTeX Font Warning: Command \tiny invalid in math mode on input line 1617.


LaTeX Font Warning: Command \tiny invalid in math mode on input line 1617.


LaTeX Font Warning: Command \tiny invalid in math mode on input line 1617.


LaTeX Font Warning: Command \tiny invalid in math mode on input line 1617.


LaTeX Font Warning: Command \tiny invalid in math mode on input line 1617.


LaTeX Font Warning: Command \tiny invalid in math mode on input line 1617.


LaTeX Font Warning: Command \tiny invalid in math mode on input line 1617.


LaTeX Font Warning: Command \tiny invalid in math mode on input line 1617.


LaTeX Font Warning: Command \tiny invalid in math mode on input line 1617.


LaTeX Font Warning: Command \tiny invalid in math mode on input line 1617.


LaTeX Font Warning: Command \tiny invalid in math mode on input line 1617.


LaTeX Font Warning: Command \tiny invalid in math mode on input line 1617.


LaTeX Font Warning: Command \tiny invalid in math mode on input line 1617.


LaTeX Font Warning: Command \tiny invalid in math mode on input line 1617.


LaTeX Font Warning: Command \tiny invalid in math mode on input line 1617.


LaTeX Font Warning: Command \tiny invalid in math mode on input line 1617.


LaTeX Font Warning: Command \tiny invalid in math mode on input line 1617.


LaTeX Font Warning: Command \tiny invalid in math mode on input line 1617.


Overfull \hbox (21.27419pt too wide) in alignment at lines 1617--1617
 [][][] []
 []


LaTeX Font Warning: Command \tiny invalid in math mode on input line 1623.


LaTeX Font Warning: Command \tiny invalid in math mode on input line 1623.


LaTeX Font Warning: Command \tiny invalid in math mode on input line 1623.


LaTeX Font Warning: Command \tiny invalid in math mode on input line 1623.


LaTeX Font Warning: Command \tiny invalid in math mode on input line 1623.


LaTeX Font Warning: Command \tiny invalid in math mode on input line 1623.


LaTeX Font Warning: Command \tiny invalid in math mode on input line 1623.


LaTeX Font Warning: Command \tiny invalid in math mode on input line 1623.


LaTeX Font Warning: Command \tiny invalid in math mode on input line 1623.


LaTeX Font Warning: Command \tiny invalid in math mode on input line 1623.


LaTeX Font Warning: Command \tiny invalid in math mode on input line 1623.


LaTeX Font Warning: Command \tiny invalid in math mode on input line 1623.


LaTeX Font Warning: Command \tiny invalid in math mode on input line 1623.


LaTeX Font Warning: Command \tiny invalid in math mode on input line 1623.


LaTeX Font Warning: Command \tiny invalid in math mode on input line 1623.


LaTeX Font Warning: Command \tiny invalid in math mode on input line 1623.


LaTeX Font Warning: Command \tiny invalid in math mode on input line 1623.


LaTeX Font Warning: Command \tiny invalid in math mode on input line 1623.


LaTeX Font Warning: Command \tiny invalid in math mode on input line 1623.


LaTeX Font Warning: Command \tiny invalid in math mode on input line 1623.


LaTeX Font Warning: Command \tiny invalid in math mode on input line 1632.


LaTeX Font Warning: Command \tiny invalid in math mode on input line 1632.


LaTeX Font Warning: Command \tiny invalid in math mode on input line 1632.


LaTeX Font Warning: Command \tiny invalid in math mode on input line 1632.


LaTeX Font Warning: Command \tiny invalid in math mode on input line 1632.


LaTeX Font Warning: Command \tiny invalid in math mode on input line 1632.


LaTeX Font Warning: Command \tiny invalid in math mode on input line 1632.


LaTeX Font Warning: Command \tiny invalid in math mode on input line 1632.


LaTeX Font Warning: Command \tiny invalid in math mode on input line 1632.


LaTeX Font Warning: Command \tiny invalid in math mode on input line 1632.


LaTeX Font Warning: Command \tiny invalid in math mode on input line 1637.


LaTeX Font Warning: Command \tiny invalid in math mode on input line 1637.


LaTeX Font Warning: Command \tiny invalid in math mode on input line 1637.


LaTeX Font Warning: Command \tiny invalid in math mode on input line 1637.


LaTeX Font Warning: Command \tiny invalid in math mode on input line 1637.


LaTeX Font Warning: Command \tiny invalid in math mode on input line 1637.


LaTeX Font Warning: Command \tiny invalid in math mode on input line 1637.


LaTeX Font Warning: Command \tiny invalid in math mode on input line 1637.


LaTeX Font Warning: Command \tiny invalid in math mode on input line 1637.


LaTeX Font Warning: Command \tiny invalid in math mode on input line 1637.


LaTeX Font Warning: Command \tiny invalid in math mode on input line 1637.

[26]

LaTeX Font Warning: Command \tiny invalid in math mode on input line 1657.


LaTeX Font Warning: Command \tiny invalid in math mode on input line 1657.


LaTeX Font Warning: Command \tiny invalid in math mode on input line 1657.


LaTeX Font Warning: Command \tiny invalid in math mode on input line 1657.


LaTeX Font Warning: Command \tiny invalid in math mode on input line 1658.


LaTeX Font Warning: Command \tiny invalid in math mode on input line 1658.


LaTeX Font Warning: Command \tiny invalid in math mode on input line 1658.


LaTeX Font Warning: Command \tiny invalid in math mode on input line 1659.


LaTeX Font Warning: Command \tiny invalid in math mode on input line 1662.


LaTeX Font Warning: Command \tiny invalid in math mode on input line 1662.


LaTeX Font Warning: Command \tiny invalid in math mode on input line 1662.


LaTeX Font Warning: Command \tiny invalid in math mode on input line 1662.


LaTeX Font Warning: Command \tiny invalid in math mode on input line 1664.


LaTeX Font Warning: Command \tiny invalid in math mode on input line 1664.


LaTeX Font Warning: Command \tiny invalid in math mode on input line 1665.


LaTeX Font Warning: Command \tiny invalid in math mode on input line 1672.


LaTeX Font Warning: Command \tiny invalid in math mode on input line 1672.


LaTeX Font Warning: Command \tiny invalid in math mode on input line 1673.


LaTeX Font Warning: Command \tiny invalid in math mode on input line 1673.


LaTeX Font Warning: Command \tiny invalid in math mode on input line 1673.


LaTeX Font Warning: Command \tiny invalid in math mode on input line 1673.


LaTeX Font Warning: Command \tiny invalid in math mode on input line 1673.


LaTeX Font Warning: Command \tiny invalid in math mode on input line 1673.


LaTeX Font Warning: Command \tiny invalid in math mode on input line 1674.


LaTeX Font Warning: Command \tiny invalid in math mode on input line 1674.


LaTeX Font Warning: Command \tiny invalid in math mode on input line 1674.


LaTeX Font Warning: Command \tiny invalid in math mode on input line 1674.


LaTeX Font Warning: Command \tiny invalid in math mode on input line 1674.


LaTeX Font Warning: Command \tiny invalid in math mode on input line 1674.


LaTeX Font Warning: Command \tiny invalid in math mode on input line 1675.


LaTeX Font Warning: Command \tiny invalid in math mode on input line 1675.


LaTeX Font Warning: Command \tiny invalid in math mode on input line 1684.


LaTeX Font Warning: Command \tiny invalid in math mode on input line 1684.


LaTeX Font Warning: Command \tiny invalid in math mode on input line 1684.


LaTeX Font Warning: Command \tiny invalid in math mode on input line 1684.


LaTeX Font Warning: Command \tiny invalid in math mode on input line 1684.


LaTeX Font Warning: Command \tiny invalid in math mode on input line 1684.


LaTeX Font Warning: Command \tiny invalid in math mode on input line 1684.


LaTeX Font Warning: Command \tiny invalid in math mode on input line 1684.


LaTeX Font Warning: Command \tiny invalid in math mode on input line 1684.


LaTeX Font Warning: Command \tiny invalid in math mode on input line 1684.


LaTeX Font Warning: Command \tiny invalid in math mode on input line 1684.


LaTeX Font Warning: Command \tiny invalid in math mode on input line 1684.


LaTeX Font Warning: Command \tiny invalid in math mode on input line 1684.


LaTeX Font Warning: Command \tiny invalid in math mode on input line 1684.


LaTeX Font Warning: Command \tiny invalid in math mode on input line 1684.


LaTeX Font Warning: Command \tiny invalid in math mode on input line 1684.


LaTeX Font Warning: Command \tiny invalid in math mode on input line 1684.


LaTeX Font Warning: Command \tiny invalid in math mode on input line 1684.


LaTeX Font Warning: Command \tiny invalid in math mode on input line 1684.


LaTeX Font Warning: Command \tiny invalid in math mode on input line 1684.


LaTeX Font Warning: Command \tiny invalid in math mode on input line 1684.


Overfull \hbox (51.90884pt too wide) in alignment at lines 1684--1684
 [][][] []
 []


LaTeX Font Warning: Command \tiny invalid in math mode on input line 1690.


LaTeX Font Warning: Command \tiny invalid in math mode on input line 1690.


LaTeX Font Warning: Command \tiny invalid in math mode on input line 1690.


LaTeX Font Warning: Command \tiny invalid in math mode on input line 1690.


LaTeX Font Warning: Command \tiny invalid in math mode on input line 1690.


LaTeX Font Warning: Command \tiny invalid in math mode on input line 1690.


LaTeX Font Warning: Command \tiny invalid in math mode on input line 1690.


LaTeX Font Warning: Command \tiny invalid in math mode on input line 1690.


LaTeX Font Warning: Command \tiny invalid in math mode on input line 1690.


LaTeX Font Warning: Command \tiny invalid in math mode on input line 1690.


LaTeX Font Warning: Command \tiny invalid in math mode on input line 1690.


LaTeX Font Warning: Command \tiny invalid in math mode on input line 1690.


LaTeX Font Warning: Command \tiny invalid in math mode on input line 1690.


LaTeX Font Warning: Command \tiny invalid in math mode on input line 1690.


LaTeX Font Warning: Command \tiny invalid in math mode on input line 1690.


LaTeX Font Warning: Command \tiny invalid in math mode on input line 1690.


LaTeX Font Warning: Command \tiny invalid in math mode on input line 1690.


LaTeX Font Warning: Command \tiny invalid in math mode on input line 1690.


LaTeX Font Warning: Command \tiny invalid in math mode on input line 1690.


LaTeX Font Warning: Command \tiny invalid in math mode on input line 1690.


LaTeX Font Warning: Command \tiny invalid in math mode on input line 1690.


LaTeX Font Warning: Command \tiny invalid in math mode on input line 1698.


LaTeX Font Warning: Command \tiny invalid in math mode on input line 1698.


LaTeX Font Warning: Command \tiny invalid in math mode on input line 1698.


LaTeX Font Warning: Command \tiny invalid in math mode on input line 1698.


LaTeX Font Warning: Command \tiny invalid in math mode on input line 1698.


LaTeX Font Warning: Command \tiny invalid in math mode on input line 1698.


LaTeX Font Warning: Command \tiny invalid in math mode on input line 1698.


LaTeX Font Warning: Command \tiny invalid in math mode on input line 1698.


LaTeX Font Warning: Command \tiny invalid in math mode on input line 1698.


LaTeX Font Warning: Command \tiny invalid in math mode on input line 1698.


LaTeX Font Warning: Command \tiny invalid in math mode on input line 1698.


LaTeX Font Warning: Command \tiny invalid in math mode on input line 1698.


LaTeX Font Warning: Command \tiny invalid in math mode on input line 1704.


LaTeX Font Warning: Command \tiny invalid in math mode on input line 1704.


LaTeX Font Warning: Command \tiny invalid in math mode on input line 1704.


LaTeX Font Warning: Command \tiny invalid in math mode on input line 1704.


LaTeX Font Warning: Command \tiny invalid in math mode on input line 1704.


LaTeX Font Warning: Command \tiny invalid in math mode on input line 1704.


LaTeX Font Warning: Command \tiny invalid in math mode on input line 1704.


LaTeX Font Warning: Command \tiny invalid in math mode on input line 1704.


LaTeX Font Warning: Command \tiny invalid in math mode on input line 1704.


LaTeX Font Warning: Command \tiny invalid in math mode on input line 1704.


LaTeX Font Warning: Command \tiny invalid in math mode on input line 1704.


LaTeX Font Warning: Command \tiny invalid in math mode on input line 1704.


LaTeX Font Warning: Command \tiny invalid in math mode on input line 1704.


LaTeX Font Warning: Command \tiny invalid in math mode on input line 1704.


LaTeX Font Warning: Command \tiny invalid in math mode on input line 1704.

[27]

LaTeX Font Warning: Command \tiny invalid in math mode on input line 1717.


LaTeX Font Warning: Command \tiny invalid in math mode on input line 1717.

[28]

LaTeX Warning: Citation `Puri:1' on page 29 undefined on input line 1770.


LaTeX Warning: Citation `Westbrook:1' on page 29 undefined on input line 1770.

[29]

LaTeX Warning: Citation `Siegel:1' on page 30 undefined on input line 1823.

LaTeX Font Info:    Font shape `OT1/ptm/bx/n' in size <10> not available
(Font)              Font shape `OT1/ptm/b/n' tried instead on input line 1856.
LaTeX Font Info:    Font shape `OT1/ptm/bx/n' in size <7.4> not available
(Font)              Font shape `OT1/ptm/b/n' tried instead on input line 1856.

Overfull \hbox (1.22292pt too wide) in paragraph at lines 1856--1886
[][] 
 []


LaTeX Warning: Citation `RadCal' on page 30 undefined on input line 1891.

[30

] [31] [32

] [33]

LaTeX Warning: Citation `Prasad:1' on page 34 undefined on input line 2145.

[34]

LaTeX Warning: Citation `Siegel:1' on page 35 undefined on input line 2172.


LaTeX Warning: Citation `Holman:1' on page 35 undefined on input line 2232.

[35] [36]

LaTeX Warning: Citation `Heskestad:3' on page 37 undefined on input line 2273.


LaTeX Warning: Citation `Ruffino:1' on page 37 undefined on input line 2289.


LaTeX Warning: Citation `Ruffino:2' on page 37 undefined on input line 2289.


LaTeX Warning: Citation `Gavelli:1' on page 37 undefined on input line 2289.


LaTeX Warning: Citation `SFPE' on page 37 undefined on input line 2309.


LaTeX Warning: Citation `SFPE' on page 37 undefined on input line 2325.

[37

]

LaTeX Warning: Citation `Cleary:IAFSS6' on page 38 undefined on input line 2339
.


LaTeX Warning: Citation `Mulholland:F+M' on page 38 undefined on input line 236
2.


LaTeX Warning: Citation `CSE_GCR' on page 38 undefined on input line 2374.

[38] [39]

LaTeX Warning: Citation `Chan:1' on page 40 undefined on input line 2406.


LaTeX Warning: Citation `Yu:2' on page 40 undefined on input line 2419.


LaTeX Warning: Citation `Yu:2' on page 40 undefined on input line 2436.

[40

] <FIGURES/rosin.pdf, id=830, 441.65pt x 292.09125pt>
File: FIGURES/rosin.pdf Graphic file (type pdf)

<use FIGURES/rosin.pdf> [41 <FIGURES/rosin.pdf>]

LaTeX Warning: Citation `Hamins:1' on page 42 undefined on input line 2525.


LaTeX Warning: Citation `Hamins:IAFSS2002' on page 42 undefined on input line 2
525.


LaTeX Warning: Citation `Ravigururajan:1' on page 42 undefined on input line 25
34.


LaTeX Warning: Citation `Tuntomo:1' on page 42 undefined on input line 2536.

[42]

LaTeX Warning: Citation `Wiscombe' on page 43 undefined on input line 2646.


LaTeX Warning: Citation `Hale:1' on page 43 undefined on input line 2649.

[43]

LaTeX Warning: Citation `Cheremisinoff:1' on page 44 undefined on input line 26
77.


LaTeX Warning: Citation `Incropera:1' on page 44 undefined on input line 2696.

[44]

LaTeX Warning: Citation `Yu:1' on page 45 undefined on input line 2738.


LaTeX Warning: Citation `Hamins:1' on page 45 undefined on input line 2764.


LaTeX Warning: Citation `Hamins:IAFSS2002' on page 45 undefined on input line 2
764.

[45] [46


]
Chapter 4.

LaTeX Warning: Citation `Rehm:1' on page 47 undefined on input line 2789.


LaTeX Warning: Citation `McGrattan:1' on page 47 undefined on input line 2791.


LaTeX Warning: Citation `Baum:1' on page 47 undefined on input line 2791.

[47] [48] [49]

LaTeX Warning: Citation `Continillo:1' on page 50 undefined on input line 2936.


[50

] [51] [52] [53

] [54]

LaTeX Warning: Citation `Zhang:1' on page 55 undefined on input line 3170.


LaTeX Warning: Citation `Poling:1' on page 55 undefined on input line 3181.

[55] [56]

LaTeX Warning: Citation `Sweet:1' on page 57 undefined on input line 3283.

[57

] [58] [59] [60]

LaTeX Font Warning: Command \tiny invalid in math mode on input line 3468.


LaTeX Font Warning: Command \tiny invalid in math mode on input line 3468.


LaTeX Font Warning: Command \tiny invalid in math mode on input line 3468.


LaTeX Font Warning: Command \tiny invalid in math mode on input line 3468.


LaTeX Font Warning: Command \tiny invalid in math mode on input line 3468.


LaTeX Warning: Citation `Raman:CF' on page 61 undefined on input line 3469.


LaTeX Warning: Citation `Orloff:19th_Symposium' on page 61 undefined on input l
ine 3477.

LaTeX Font Info:    Font shape `T1/ptm/bx/n' in size <9> not available
(Font)              Font shape `T1/ptm/b/n' tried instead on input line 3480.

LaTeX Warning: Citation `FDS_Users_Guide_5' on page 61 undefined on input line 
3480.

[61

]

LaTeX Font Warning: Command \tiny invalid in math mode on input line 3497.


LaTeX Font Warning: Command \tiny invalid in math mode on input line 3497.


LaTeX Font Warning: Command \tiny invalid in math mode on input line 3498.


LaTeX Font Warning: Command \tiny invalid in math mode on input line 3502.


LaTeX Font Warning: Command \tiny invalid in math mode on input line 3523.


LaTeX Font Warning: Command \tiny invalid in math mode on input line 3524.


LaTeX Font Warning: Command \tiny invalid in math mode on input line 3524.


LaTeX Font Warning: Command \tiny invalid in math mode on input line 3524.


LaTeX Font Warning: Command \tiny invalid in math mode on input line 3527.


LaTeX Font Warning: Command \tiny invalid in math mode on input line 3527.


LaTeX Font Warning: Command \tiny invalid in math mode on input line 3527.


LaTeX Font Warning: Command \tiny invalid in math mode on input line 3528.


LaTeX Font Warning: Command \tiny invalid in math mode on input line 3528.


LaTeX Font Warning: Command \tiny invalid in math mode on input line 3528.


LaTeX Font Warning: Command \tiny invalid in math mode on input line 3528.


LaTeX Font Warning: Command \tiny invalid in math mode on input line 3535.


LaTeX Font Warning: Command \tiny invalid in math mode on input line 3535.


LaTeX Font Warning: Command \tiny invalid in math mode on input line 3535.


LaTeX Font Warning: Command \tiny invalid in math mode on input line 3535.


LaTeX Font Warning: Command \tiny invalid in math mode on input line 3538.


LaTeX Font Warning: Command \tiny invalid in math mode on input line 3538.


LaTeX Font Warning: Command \tiny invalid in math mode on input line 3542.


LaTeX Font Warning: Command \tiny invalid in math mode on input line 3542.


LaTeX Font Warning: Command \tiny invalid in math mode on input line 3542.


LaTeX Font Warning: Command \tiny invalid in math mode on input line 3542.

[62]

LaTeX Warning: Citation `Raithby' on page 63 undefined on input line 3560.

<FIGURES/RadCoord.pdf, id=1085, 200.75pt x 200.75pt>
File: FIGURES/RadCoord.pdf Graphic file (type pdf)

<use FIGURES/RadCoord.pdf> [63

]

LaTeX Warning: Citation `Murthy' on page 64 undefined on input line 3670.

[64 <FIGURES/RadCoord.pdf>]

LaTeX Warning: Citation `Kim' on page 65 undefined on input line 3740.


Underfull \vbox (badness 10000) has occurred while \output is active []

 [65]
[66] [67

] [68] [69]

LaTeX Warning: Citation `Yang:3' on page 70 undefined on input line 3984.


LaTeX Warning: Citation `Wiscombe' on page 70 undefined on input line 4015.

[70

] [71] [72

]
Chapter 5.
No file FDS_5_Technical_Reference_Guide.bbl.
[73] [74

]
Appendix A.

Underfull \vbox (badness 5316) has occurred while \output is active []

 [75]

LaTeX Font Warning: Command \tiny invalid in math mode on input line 4161.


LaTeX Font Warning: Command \tiny invalid in math mode on input line 4162.


LaTeX Font Warning: Command \tiny invalid in math mode on input line 4168.

[76]
Appendix B.
[77

] [78] [79]
Overfull \hbox (16.61087pt too wide) detected at line 4370
[][][] \OT1/ptmcm/m/n/10.95 = [] []  [][] []
 []


Overfull \hbox (62.66667pt too wide) in alignment at lines 4385--4389
 [][][] []
 []


Overfull \hbox (21.47409pt too wide) in alignment at lines 4392--4397
 [][][] []
 []

[80] [81] [82

]
Appendix C.
[83] [84] [85] [86]
Appendix D.

LaTeX Font Warning: Command \tiny invalid in math mode on input line 4592.


LaTeX Font Warning: Command \tiny invalid in math mode on input line 4595.


LaTeX Font Warning: Command \tiny invalid in math mode on input line 4595.


LaTeX Font Warning: Command \tiny invalid in math mode on input line 4597.


LaTeX Font Warning: Command \tiny invalid in math mode on input line 4617.


LaTeX Font Warning: Command \tiny invalid in math mode on input line 4617.


LaTeX Font Warning: Command \tiny invalid in math mode on input line 4626.


LaTeX Font Warning: Command \tiny invalid in math mode on input line 4626.

[87

]

LaTeX Font Warning: Command \tiny invalid in math mode on input line 4630.

[88] AED: lastpage setting LastPage (FDS_5_Technical_Reference_Guide.aux)

LaTeX Warning: There were undefined references.


LaTeX Warning: There were multiply-defined labels.

 ) 
Here is how much of TeX's memory you used:
 8102 strings out of 95304
 113375 string characters out of 1183031
 198698 words of memory out of 1500000
 10554 multiletter control sequences out of 110000
 101003 words of font info for 158 fonts, out of 1200000 for 2000
 14 hyphenation exceptions out of 8191
 36i,15n,38p,1823b,364s stack positions out of 5000i,500n,10000p,200000b,5000s
{C:/Program Files/MiKTeX 2.7/fonts/enc/dvips/fontname/8r.enc}<C:/Program File
s/MiKTeX 2.7/fonts/type1/bluesky/cm/cmex10.pfb><C:/Program Files/MiKTeX 2.7/fon
ts/type1/bluesky/cm/cmmi10.pfb><C:/Program Files/MiKTeX 2.7/fonts/type1/bluesky
/cm/cmr10.pfb><C:/Program Files/MiKTeX 2.7/fonts/type1/bluesky/cm/cmsy10.pfb><C
:/Program Files/MiKTeX 2.7/fonts/type1/urw/symbol/usyr.pfb><C:/Program Files/Mi
KTeX 2.7/fonts/type1/urw/times/utmb8a.pfb><C:/Program Files/MiKTeX 2.7/fonts/ty
pe1/urw/times/utmr8a.pfb><C:/Program Files/MiKTeX 2.7/fonts/type1/urw/times/utm
ri8a.pfb><C:/Program Files/MiKTeX 2.7/fonts/type1/urw/zapfchan/uzcmi8a.pfb>
Output written on FDS_5_Technical_Reference_Guide.pdf (104 pages, 636896 bytes)
.
PDF statistics:
 1528 PDF objects out of 1728 (max. 8388607)
 537 named destinations out of 1000 (max. 131072)
 667 words of extra memory for PDF output out of 10000 (max. 10000000)

