This is pdfTeX, Version 3.1415926-1.40.9 (MiKTeX 2.7) (preloaded format=pdflatex 2011.1.10)  18 JAN 2011 08:36
entering extended mode
**C:/fds-smv/Manuals/FDS_Technical_Reference_Guide/FDS_Technical_Reference_Guid
e.tex

(C:/fds-smv/Manuals/FDS_Technical_Reference_Guide/FDS_Technical_Reference_Guide
.tex
LaTeX2e <2005/12/01>
Babel <v3.8l> and hyphenation patterns for english, dumylang, nohyphenation, ge
rman, ngerman, german-x-2008-06-18, ngerman-x-2008-06-18, french, loaded.
("C:\Program Files\MiKTeX 2.7\tex\latex\base\book.cls"
Document Class: book 2005/09/16 v1.4f Standard LaTeX document class
("C:\Program Files\MiKTeX 2.7\tex\latex\base\bk11.clo"
File: bk11.clo 2005/09/16 v1.4f Standard LaTeX file (size option)
)
\c@part=\count79
\c@chapter=\count80
\c@section=\count81
\c@subsection=\count82
\c@subsubsection=\count83
\c@paragraph=\count84
\c@subparagraph=\count85
\c@figure=\count86
\c@table=\count87
\abovecaptionskip=\skip41
\belowcaptionskip=\skip42
\bibindent=\dimen102
)
("C:\Program Files\MiKTeX 2.7\tex\latex\psnfss\mathptm.sty"
Package: mathptm 2005/04/12 PSNFSS-v9.2a Times w/ Math (SPQR, WaS) 


Package mathptm Warning: This package is to be regarded as obsolete.
(mathptm)                See the PSNFSS documentation.

LaTeX Font Info:    Redeclaring symbol font `operators' on input line 31.
LaTeX Font Info:    Overwriting symbol font `operators' in version `normal'
(Font)                  OT1/cmr/m/n --> OT1/ptmcm/m/n on input line 31.
LaTeX Font Info:    Overwriting symbol font `operators' in version `bold'
(Font)                  OT1/cmr/bx/n --> OT1/ptmcm/m/n on input line 31.
LaTeX Font Info:    Redeclaring symbol font `letters' on input line 32.
LaTeX Font Info:    Overwriting symbol font `letters' in version `normal'
(Font)                  OML/cmm/m/it --> OML/ptmcm/m/it on input line 32.
LaTeX Font Info:    Overwriting symbol font `letters' in version `bold'
(Font)                  OML/cmm/b/it --> OML/ptmcm/m/it on input line 32.
LaTeX Font Info:    Redeclaring symbol font `symbols' on input line 33.
LaTeX Font Info:    Overwriting symbol font `symbols' in version `normal'
(Font)                  OMS/cmsy/m/n --> OMS/pzccm/m/n on input line 33.
LaTeX Font Info:    Overwriting symbol font `symbols' in version `bold'
(Font)                  OMS/cmsy/b/n --> OMS/pzccm/m/n on input line 33.
LaTeX Font Info:    Redeclaring symbol font `largesymbols' on input line 34.
LaTeX Font Info:    Overwriting symbol font `largesymbols' in version `normal'
(Font)                  OMX/cmex/m/n --> OMX/psycm/m/n on input line 34.
LaTeX Font Info:    Overwriting symbol font `largesymbols' in version `bold'
(Font)                  OMX/cmex/m/n --> OMX/psycm/m/n on input line 34.
\symbold=\mathgroup4
\symitalic=\mathgroup5
LaTeX Font Info:    Redeclaring math alphabet \mathbf on input line 37.
LaTeX Font Info:    Overwriting math alphabet `\mathbf' in version `normal'
(Font)                  OT1/cmr/bx/n --> OT1/ptm/bx/n on input line 37.
LaTeX Font Info:    Overwriting math alphabet `\mathbf' in version `bold'
(Font)                  OT1/cmr/bx/n --> OT1/ptm/bx/n on input line 37.
LaTeX Font Info:    Redeclaring math alphabet \mathit on input line 38.
LaTeX Font Info:    Overwriting math alphabet `\mathit' in version `normal'
(Font)                  OT1/cmr/m/it --> OT1/ptm/m/it on input line 38.
LaTeX Font Info:    Overwriting math alphabet `\mathit' in version `bold'
(Font)                  OT1/cmr/bx/it --> OT1/ptm/m/it on input line 38.
) ("C:\Program Files\MiKTeX 2.7\tex\latex\psnfss\times.sty"
Package: times 2005/04/12 PSNFSS-v9.2a (SPQR) 
)
("C:\Program Files\MiKTeX 2.7\tex\latex\graphics\graphicx.sty"
Package: graphicx 1999/02/16 v1.0f Enhanced LaTeX Graphics (DPC,SPQR)

("C:\Program Files\MiKTeX 2.7\tex\latex\graphics\keyval.sty"
Package: keyval 1999/03/16 v1.13 key=value parser (DPC)
\KV@toks@=\toks14
)
("C:\Program Files\MiKTeX 2.7\tex\latex\graphics\graphics.sty"
Package: graphics 2006/02/20 v1.0o Standard LaTeX Graphics (DPC,SPQR)

("C:\Program Files\MiKTeX 2.7\tex\latex\graphics\trig.sty"
Package: trig 1999/03/16 v1.09 sin cos tan (DPC)
)
("C:\Program Files\MiKTeX 2.7\tex\latex\00miktex\graphics.cfg"
File: graphics.cfg 2007/01/18 v1.5 graphics configuration of teTeX/TeXLive
)
Package graphics Info: Driver file: pdftex.def on input line 90.

("C:\Program Files\MiKTeX 2.7\tex\latex\pdftex-def\pdftex.def"
File: pdftex.def 2008/09/08 v0.04l Graphics/color for pdfTeX
\Gread@gobject=\count88
))
\Gin@req@height=\dimen103
\Gin@req@width=\dimen104
)
("C:\Program Files\MiKTeX 2.7\tex\latex\pdfsync\pdfsync.sty"
Package: pdfsync 2008/01/26 v1.1
)
("C:\Program Files\MiKTeX 2.7\tex\latex\hyperref\hyperref.sty"
Package: hyperref 2009/04/04 v6.78q Hypertext links for LaTeX

("C:\Program Files\MiKTeX 2.7\tex\generic\oberdiek\ifpdf.sty"
Package: ifpdf 2009/04/10 v2.0 Provides the ifpdf switch (HO)
Package ifpdf Info: pdfTeX in pdf mode detected.
)
("C:\Program Files\MiKTeX 2.7\tex\generic\oberdiek\ifvtex.sty"
Package: ifvtex 2008/11/04 v1.4 Switches for detecting VTeX and its modes (HO)
Package ifvtex Info: VTeX not detected.
)
("C:\Program Files\MiKTeX 2.7\tex\latex\ifxetex\ifxetex.sty"
Package: ifxetex 2009/01/23 v0.5 Provides ifxetex conditional
)
("C:\Program Files\MiKTeX 2.7\tex\latex\oberdiek\hycolor.sty"
Package: hycolor 2008/09/08 v1.4 Code for color options of hyperref/bookmark (H
O)

("C:\Program Files\MiKTeX 2.7\tex\latex\oberdiek\xcolor-patch.sty"
Package: xcolor-patch 2008/09/08 xcolor patch
))
\@linkdim=\dimen105
\Hy@linkcounter=\count89
\Hy@pagecounter=\count90

("C:\Program Files\MiKTeX 2.7\tex\latex\hyperref\pd1enc.def"
File: pd1enc.def 2009/04/04 v6.78q Hyperref: PDFDocEncoding definition (HO)
)
("C:\Program Files\MiKTeX 2.7\tex\generic\oberdiek\etexcmds.sty"
Package: etexcmds 2007/12/12 v1.2 Prefix for e-TeX command names (HO)

("C:\Program Files\MiKTeX 2.7\tex\generic\oberdiek\infwarerr.sty"
Package: infwarerr 2007/09/09 v1.2 Providing info/warning/message (HO)
)
Package etexcmds Info: Could not find \expanded.
(etexcmds)             That can mean that you are not using pdfTeX 1.50 or
(etexcmds)             that some package has redefined \expanded.
(etexcmds)             In the latter case, load this package earlier.
)
("C:\Program Files\MiKTeX 2.7\tex\latex\00miktex\hyperref.cfg"
File: hyperref.cfg 2002/06/06 v1.2 hyperref configuration of TeXLive
)
("C:\Program Files\MiKTeX 2.7\tex\latex\oberdiek\kvoptions.sty"
Package: kvoptions 2009/04/10 v3.1 Keyval support for LaTeX options (HO)
)
Package hyperref Info: Option `colorlinks' set `true' on input line 2845.
Package hyperref Info: Option `bookmarksopen' set `true' on input line 2845.
Package hyperref Info: Option `plainpages' set `false' on input line 2845.
Package hyperref Info: Hyper figures OFF on input line 2956.
Package hyperref Info: Link nesting OFF on input line 2961.
Package hyperref Info: Hyper index ON on input line 2964.
Package hyperref Info: Plain pages OFF on input line 2971.
Package hyperref Info: Backreferencing ON on input line 2974.

Implicit mode ON; LaTeX internals redefined
Package hyperref Info: Bookmarks ON on input line 3166.
("C:\Program Files\MiKTeX 2.7\tex\latex\hyperref\backref.sty"
Package: backref 2006/09/05 v1.28 Bibliographical back referencing
)
("C:\Program Files\MiKTeX 2.7\tex\latex\ltxmisc\url.sty"
\Urlmuskip=\muskip10
Package: url 2006/04/12  ver 3.3  Verb mode for urls, etc.
)
LaTeX Info: Redefining \url on input line 3403.

("C:\Program Files\MiKTeX 2.7\tex\generic\oberdiek\bitset.sty"
Package: bitset 2007/09/28 v1.0 Data type bit set (HO)

("C:\Program Files\MiKTeX 2.7\tex\generic\oberdiek\intcalc.sty"
Package: intcalc 2007/09/27 v1.1 Expandable integer calculations (HO)
)
("C:\Program Files\MiKTeX 2.7\tex\generic\oberdiek\bigintcalc.sty"
Package: bigintcalc 2007/11/11 v1.1 Expandable big integer calculations (HO)

("C:\Program Files\MiKTeX 2.7\tex\generic\oberdiek\pdftexcmds.sty"
Package: pdftexcmds 2009/04/10 v0.4 LuaTeX support for pdfTeX utility functions
 (HO)

("C:\Program Files\MiKTeX 2.7\tex\generic\oberdiek\ifluatex.sty"
Package: ifluatex 2009/04/10 v1.1 Provides the ifluatex switch (HO)
Package ifluatex Info: LuaTeX not detected.
)
Package pdftexcmds Info: LuaTeX not detected on input line 145.
)))
("C:\Program Files\MiKTeX 2.7\tex\generic\oberdiek\kvsetkeys.sty"
Package: kvsetkeys 2007/09/29 v1.3 Key value parser with default handler suppor
t (HO)
)
\Fld@menulength=\count91
\Field@Width=\dimen106
\Fld@charsize=\dimen107
\Field@toks=\toks15
Package hyperref Info: Hyper figures OFF on input line 4320.
Package hyperref Info: Link nesting OFF on input line 4325.
Package hyperref Info: Hyper index ON on input line 4328.
Package hyperref Info: backreferencing ON on input line 4333.
Package hyperref Info: Link coloring ON on input line 4338.
Package hyperref Info: Link coloring with OCG OFF on input line 4345.
Package hyperref Info: PDF/A mode OFF on input line 4350.

("C:\Program Files\MiKTeX 2.7\tex\generic\oberdiek\atbegshi.sty"
Package: atbegshi 2008/07/31 v1.9 At begin shipout hook (HO)
)
\Hy@abspage=\count92
\c@Item=\count93
\c@Hfootnote=\count94
)
*hyperref using driver hpdftex*
("C:\Program Files\MiKTeX 2.7\tex\latex\hyperref\hpdftex.def"
File: hpdftex.def 2009/04/04 v6.78q Hyperref driver for pdfTeX
\Fld@listcount=\count95
)
("C:\Program Files\MiKTeX 2.7\tex\latex\graphics\color.sty"
Package: color 2005/11/14 v1.0j Standard LaTeX Color (DPC)

("C:\Program Files\MiKTeX 2.7\tex\latex\00miktex\color.cfg"
File: color.cfg 2007/01/18 v1.5 color configuration of teTeX/TeXLive
)
Package color Info: Driver file: pdftex.def on input line 130.
)
("C:\Program Files\MiKTeX 2.7\tex\latex\caption\caption.sty"
Package: caption 2008/08/24 v3.1j Customizing captions (AR)

("C:\Program Files\MiKTeX 2.7\tex\latex\caption\caption3.sty"
Package: caption3 2008/08/24 v3.1j caption3 kernel (AR)
\captionmargin=\dimen108
\captionmargin@=\dimen109
\captionwidth=\dimen110
\caption@indent=\dimen111
\caption@parindent=\dimen112
\caption@hangindent=\dimen113
)
\c@ContinuedFloat=\count96
Package caption Info: hyperref package is loaded.
)
("C:\Program Files\MiKTeX 2.7\tex\latex\base\graphpap.sty"
Package: graphpap 1994/08/09 v1.0c Standard LaTeX graphpap package (LL)
)
("C:\Program Files\MiKTeX 2.7\tex\latex\rotating\rotating.sty"
Package: rotating 2009/03/28 v2.16a rotated objects in LaTeX

("C:\Program Files\MiKTeX 2.7\tex\latex\base\ifthen.sty"
Package: ifthen 2001/05/26 v1.1c Standard LaTeX ifthen package (DPC)
)
\c@r@tfl@t=\count97
\rotFPtop=\skip43
\rotFPbot=\skip44
\rot@float@box=\box26
\rot@mess@toks=\toks16
)
("C:\Program Files\MiKTeX 2.7\tex\latex\graphics\epsfig.sty"
Package: epsfig 1999/02/16 v1.7a (e)psfig emulation (SPQR)
\epsfxsize=\dimen114
\epsfysize=\dimen115
)
("C:\Program Files\MiKTeX 2.7\tex\latex\psfrag\psfrag.sty"
Package: psfrag 1998/04/11 v3.04 PSfrag (MCG)
\pfg@pcount=\count98
\pfg@scount=\count99
\pfg@temp=\write3
)
("C:\Program Files\MiKTeX 2.7\tex\latex\geometry\geometry.sty"
Package: geometry 2008/12/21 v4.2 Page Geometry
\Gm@cnth=\count100
\Gm@cntv=\count101
\c@Gm@tempcnt=\count102
\Gm@bindingoffset=\dimen116
\Gm@wd@mp=\dimen117
\Gm@odd@mp=\dimen118
\Gm@even@mp=\dimen119
\Gm@dimlist=\toks17

("C:\Program Files\MiKTeX 2.7\tex\latex\geometry\geometry.cfg"))
("C:\Program Files\MiKTeX 2.7\tex\latex\tools\tabularx.sty"
Package: tabularx 1999/01/07 v2.07 `tabularx' package (DPC)

("C:\Program Files\MiKTeX 2.7\tex\latex\tools\array.sty"
Package: array 2005/08/23 v2.4b Tabular extension package (FMi)
\col@sep=\dimen120
\extrarowheight=\dimen121
\NC@list=\toks18
\extratabsurround=\skip45
\backup@length=\skip46
)
\TX@col@width=\dimen122
\TX@old@table=\dimen123
\TX@old@col=\dimen124
\TX@target=\dimen125
\TX@delta=\dimen126
\TX@cols=\count103
\TX@ftn=\toks19
)
("C:\Program Files\MiKTeX 2.7\tex\latex\tools\longtable.sty"
Package: longtable 2004/02/01 v4.11 Multi-page Table package (DPC)
\LTleft=\skip47
\LTright=\skip48
\LTpre=\skip49
\LTpost=\skip50
\LTchunksize=\count104
\LTcapwidth=\dimen127
\LT@head=\box27
\LT@firsthead=\box28
\LT@foot=\box29
\LT@lastfoot=\box30
\LT@cols=\count105
\LT@rows=\count106
\c@LT@tables=\count107
\c@LT@chunks=\count108
\LT@p@ftn=\toks20
)
("C:\Program Files\MiKTeX 2.7\tex\latex\graphics\lscape.sty"
Package: lscape 2000/10/22 v3.01 Landscape Pages (DPC)
)
("C:\Program Files\MiKTeX 2.7\tex\latex\amsfonts\amssymb.sty"
Package: amssymb 2002/01/22 v2.2d

("C:\Program Files\MiKTeX 2.7\tex\latex\amsfonts\amsfonts.sty"
Package: amsfonts 2001/10/25 v2.2f
\@emptytoks=\toks21
\symAMSa=\mathgroup6
\symAMSb=\mathgroup7
LaTeX Font Info:    Overwriting math alphabet `\mathfrak' in version `bold'
(Font)                  U/euf/m/n --> U/euf/b/n on input line 132.
))
("C:\Program Files\MiKTeX 2.7\tex\latex\amsmath\amsmath.sty"
Package: amsmath 2000/07/18 v2.13 AMS math features
\@mathmargin=\skip51

For additional information on amsmath, use the `?' option.
("C:\Program Files\MiKTeX 2.7\tex\latex\amsmath\amstext.sty"
Package: amstext 2000/06/29 v2.01

("C:\Program Files\MiKTeX 2.7\tex\latex\amsmath\amsgen.sty"
File: amsgen.sty 1999/11/30 v2.0
\@emptytoks=\toks22
\ex@=\dimen128
))
("C:\Program Files\MiKTeX 2.7\tex\latex\amsmath\amsbsy.sty"
Package: amsbsy 1999/11/29 v1.2d
\pmbraise@=\dimen129
)
("C:\Program Files\MiKTeX 2.7\tex\latex\amsmath\amsopn.sty"
Package: amsopn 1999/12/14 v2.01 operator names
)
\inf@bad=\count109
LaTeX Info: Redefining \frac on input line 211.
\uproot@=\count110
\leftroot@=\count111
LaTeX Info: Redefining \overline on input line 307.
\classnum@=\count112
\DOTSCASE@=\count113
LaTeX Info: Redefining \ldots on input line 379.
LaTeX Info: Redefining \dots on input line 382.
LaTeX Info: Redefining \cdots on input line 467.
\Mathstrutbox@=\box31
\strutbox@=\box32
\big@size=\dimen130
LaTeX Font Info:    Redeclaring font encoding OML on input line 567.
LaTeX Font Info:    Redeclaring font encoding OMS on input line 568.
\macc@depth=\count114
\c@MaxMatrixCols=\count115
\dotsspace@=\muskip11
\c@parentequation=\count116
\dspbrk@lvl=\count117
\tag@help=\toks23
\row@=\count118
\column@=\count119
\maxfields@=\count120
\andhelp@=\toks24
\eqnshift@=\dimen131
\alignsep@=\dimen132
\tagshift@=\dimen133
\tagwidth@=\dimen134
\totwidth@=\dimen135
\lineht@=\dimen136
\@envbody=\toks25
\multlinegap=\skip52
\multlinetaggap=\skip53
\mathdisplay@stack=\toks26
LaTeX Info: Redefining \[ on input line 2666.
LaTeX Info: Redefining \] on input line 2667.
)
("C:\Program Files\MiKTeX 2.7\tex\latex\base\makeidx.sty"
Package: makeidx 2000/03/29 v1.0m Standard LaTeX package
)
("C:\Program Files\MiKTeX 2.7\tex\latex\tocbibind\tocbibind.sty"
Package: tocbibind 2003/03/13 v1.5g extra ToC listings


Package tocbibind Note: The document has chapter divisions.


Package tocbibind Note: Using chapter style headings, unless overridden.

) ("C:\Program Files\MiKTeX 2.7\tex\latex\float\float.sty"
Package: float 2001/11/08 v1.3d Float enhancements (AL)
\c@float@type=\count121
\float@exts=\toks27
\float@box=\box33
\@float@everytoks=\toks28
\@floatcapt=\box34
)
("C:\Program Files\MiKTeX 2.7\tex\latex\lastpage\lastpage.sty"
Package: lastpage 1994/06/25 v0.1b LaTeX2e package for refs to last page number
 (JPG)
)
("C:\Program Files\MiKTeX 2.7\tex\latex\base\fontenc.sty"
Package: fontenc 2005/09/27 v1.99g Standard LaTeX package

("C:\Program Files\MiKTeX 2.7\tex\latex\base\t1enc.def"
File: t1enc.def 2005/09/27 v1.99g Standard LaTeX file
LaTeX Font Info:    Redeclaring font encoding T1 on input line 43.
))
("C:\Program Files\MiKTeX 2.7\tex\latex\upquote\upquote.sty"
Package: upquote 2003/08/11 v1.1 Covington's upright-quote modification to verb
atim and verb

("C:\Program Files\MiKTeX 2.7\tex\latex\base\textcomp.sty"
Package: textcomp 2005/09/27 v1.99g Standard LaTeX package
Package textcomp Info: Sub-encoding information:
(textcomp)               5 = only ISO-Adobe without \textcurrency
(textcomp)               4 = 5 + \texteuro
(textcomp)               3 = 4 + \textohm
(textcomp)               2 = 3 + \textestimated + \textcurrency
(textcomp)               1 = TS1 - \textcircled - \t
(textcomp)               0 = TS1 (full)
(textcomp)             Font families with sub-encoding setting implement
(textcomp)             only a restricted character set as indicated.
(textcomp)             Family '?' is the default used for unknown fonts.
(textcomp)             See the documentation for details.
Package textcomp Info: Setting ? sub-encoding to TS1/1 on input line 71.

("C:\Program Files\MiKTeX 2.7\tex\latex\base\ts1enc.def"
File: ts1enc.def 2001/06/05 v3.0e (jk/car/fm) Standard LaTeX file
)
LaTeX Info: Redefining \oldstylenums on input line 266.
Package textcomp Info: Setting cmr sub-encoding to TS1/0 on input line 281.
Package textcomp Info: Setting cmss sub-encoding to TS1/0 on input line 282.
Package textcomp Info: Setting cmtt sub-encoding to TS1/0 on input line 283.
Package textcomp Info: Setting cmvtt sub-encoding to TS1/0 on input line 284.
Package textcomp Info: Setting cmbr sub-encoding to TS1/0 on input line 285.
Package textcomp Info: Setting cmtl sub-encoding to TS1/0 on input line 286.
Package textcomp Info: Setting ccr sub-encoding to TS1/0 on input line 287.
Package textcomp Info: Setting ptm sub-encoding to TS1/4 on input line 288.
Package textcomp Info: Setting pcr sub-encoding to TS1/4 on input line 289.
Package textcomp Info: Setting phv sub-encoding to TS1/4 on input line 290.
Package textcomp Info: Setting ppl sub-encoding to TS1/3 on input line 291.
Package textcomp Info: Setting pag sub-encoding to TS1/4 on input line 292.
Package textcomp Info: Setting pbk sub-encoding to TS1/4 on input line 293.
Package textcomp Info: Setting pnc sub-encoding to TS1/4 on input line 294.
Package textcomp Info: Setting pzc sub-encoding to TS1/4 on input line 295.
Package textcomp Info: Setting bch sub-encoding to TS1/4 on input line 296.
Package textcomp Info: Setting put sub-encoding to TS1/5 on input line 297.
Package textcomp Info: Setting uag sub-encoding to TS1/5 on input line 298.
Package textcomp Info: Setting ugq sub-encoding to TS1/5 on input line 299.
Package textcomp Info: Setting ul8 sub-encoding to TS1/4 on input line 300.
Package textcomp Info: Setting ul9 sub-encoding to TS1/4 on input line 301.
Package textcomp Info: Setting augie sub-encoding to TS1/5 on input line 302.
Package textcomp Info: Setting dayrom sub-encoding to TS1/3 on input line 303.
Package textcomp Info: Setting dayroms sub-encoding to TS1/3 on input line 304.

Package textcomp Info: Setting pxr sub-encoding to TS1/0 on input line 305.
Package textcomp Info: Setting pxss sub-encoding to TS1/0 on input line 306.
Package textcomp Info: Setting pxtt sub-encoding to TS1/0 on input line 307.
Package textcomp Info: Setting txr sub-encoding to TS1/0 on input line 308.
Package textcomp Info: Setting txss sub-encoding to TS1/0 on input line 309.
Package textcomp Info: Setting txtt sub-encoding to TS1/0 on input line 310.
Package textcomp Info: Setting futs sub-encoding to TS1/4 on input line 311.
Package textcomp Info: Setting futx sub-encoding to TS1/4 on input line 312.
Package textcomp Info: Setting futj sub-encoding to TS1/4 on input line 313.
Package textcomp Info: Setting hlh sub-encoding to TS1/3 on input line 314.
Package textcomp Info: Setting hls sub-encoding to TS1/3 on input line 315.
Package textcomp Info: Setting hlst sub-encoding to TS1/3 on input line 316.
Package textcomp Info: Setting hlct sub-encoding to TS1/5 on input line 317.
Package textcomp Info: Setting hlx sub-encoding to TS1/5 on input line 318.
Package textcomp Info: Setting hlce sub-encoding to TS1/5 on input line 319.
Package textcomp Info: Setting hlcn sub-encoding to TS1/5 on input line 320.
Package textcomp Info: Setting hlcw sub-encoding to TS1/5 on input line 321.
Package textcomp Info: Setting hlcf sub-encoding to TS1/5 on input line 322.
Package textcomp Info: Setting pplx sub-encoding to TS1/3 on input line 323.
Package textcomp Info: Setting pplj sub-encoding to TS1/3 on input line 324.
Package textcomp Info: Setting ptmx sub-encoding to TS1/4 on input line 325.
Package textcomp Info: Setting ptmj sub-encoding to TS1/4 on input line 326.
))
("C:\Program Files\MiKTeX 2.7\tex\latex\tools\enumerate.sty"
Package: enumerate 1999/03/05 v3.00 enumerate extensions (DPC)
\@enLab=\toks29
)
(FDS_Technical_Reference_Guide.aux)
LaTeX Font Info:    Checking defaults for OML/cmm/m/it on input line 70.
LaTeX Font Info:    ... okay on input line 70.
LaTeX Font Info:    Checking defaults for T1/cmr/m/n on input line 70.
LaTeX Font Info:    ... okay on input line 70.
LaTeX Font Info:    Checking defaults for OT1/cmr/m/n on input line 70.
LaTeX Font Info:    ... okay on input line 70.
LaTeX Font Info:    Checking defaults for OMS/cmsy/m/n on input line 70.
LaTeX Font Info:    ... okay on input line 70.
LaTeX Font Info:    Checking defaults for OMX/cmex/m/n on input line 70.
LaTeX Font Info:    ... okay on input line 70.
LaTeX Font Info:    Checking defaults for U/cmr/m/n on input line 70.
LaTeX Font Info:    ... okay on input line 70.
LaTeX Font Info:    Checking defaults for PD1/pdf/m/n on input line 70.
LaTeX Font Info:    ... okay on input line 70.
LaTeX Font Info:    Checking defaults for TS1/cmr/m/n on input line 70.
LaTeX Font Info:    Try loading font information for TS1+cmr on input line 70.

("C:\Program Files\MiKTeX 2.7\tex\latex\base\ts1cmr.fd"
File: ts1cmr.fd 1999/05/25 v2.5h Standard LaTeX font definitions
)
LaTeX Font Info:    ... okay on input line 70.
LaTeX Font Info:    Try loading font information for T1+ptm on input line 70.

("C:\Program Files\MiKTeX 2.7\tex\latex\psnfss\t1ptm.fd"
File: t1ptm.fd 2001/06/04 font definitions for T1/ptm.
)
("C:\Program Files\MiKTeX 2.7\tex\context\base\supp-pdf.tex"
[Loading MPS to PDF converter (version 2006.09.02).]
\scratchcounter=\count122
\scratchdimen=\dimen137
\scratchbox=\box35
\nofMPsegments=\count123
\nofMParguments=\count124
\everyMPshowfont=\toks30
\MPscratchCnt=\count125
\MPscratchDim=\dimen138
\MPnumerator=\count126
\everyMPtoPDFconversion=\toks31
)
Configuring pdfsync
\PDFSYNC@ut=\write4
\PDFSYNCf@li@=\count127
\PDFSYNC@rder=\count128
**** pdfsync.sty: Synchronizing at \everypar
\PDFSYNCeveryp@r=\toks32
**** pdfsync.sty: Synchronizing at \everymath
\PDFSYNCeverym@th=\toks33
**** pdfsync.sty: Synchronizing at \everyhbox
\PDFSYNCeveryhb@x=\toks34
**** pdfsync.sty: Synchronizing at \everyvbox
\PDFSYNCeveryvb@x=\toks35
**** pdfsync.sty: started
Package hyperref Info: Link coloring ON on input line 70.
 ("C:\Program Files\MiKTeX 2.7\tex\latex\hyperref\nameref.sty"
Package: nameref 2007/05/29 v2.31 Cross-referencing by name of section

("C:\Program Files\MiKTeX 2.7\tex\latex\oberdiek\refcount.sty"
Package: refcount 2008/08/11 v3.1 Data extraction from references (HO)
)
\c@section@level=\count129
)
LaTeX Info: Redefining \ref on input line 70.
LaTeX Info: Redefining \pageref on input line 70.

(FDS_Technical_Reference_Guide.out) (FDS_Technical_Reference_Guide.out)
\@outlinefile=\write5
\AtBeginShipoutBox=\box36
Package caption Info: Begin \AtBeginDocument code.
Package caption Info: float package is loaded.
Package caption Info: longtable package is loaded.

("C:\Program Files\MiKTeX 2.7\tex\latex\caption\ltcaption.sty"
Package: ltcaption 2008/03/28 v1.2 longtable captions (AR)
)
Package caption Info: rotating package is loaded.
Package caption Info: End \AtBeginDocument code.

*geometry auto-detecting driver*
*geometry detected driver: pdftex*
-------------------- Geometry parameters
paper: class default
landscape: --
twocolumn: --
twoside: true
asymmetric: --
h-parts: 73.71613pt, 0.7\paperwidth , 110.57425pt (default)
v-parts: 95.39737pt, 0.7\paperheight , 143.09605pt (default)
hmarginratio: 2:3
vmarginratio: 2:3
lines: --
heightrounded: --
bindingoffset: 0.0pt
truedimen: --
includehead: --
includefoot: --
includemp: --
driver: pdftex
-------------------- Page layout dimensions and switches
\paperwidth  614.295pt
\paperheight 794.96999pt
\textwidth  469.75499pt
\textheight 650.43pt
\oddsidemargin  0.0pt
\evensidemargin 0.0pt
\topmargin  0.0pt
\headheight 0.0pt
\headsep    0.0pt
\footskip   27.46295pt
\marginparwidth 116.0pt
\marginparsep   7.0pt
\columnsep  10.0pt
\skip\footins  10.0pt plus 4.0pt minus 2.0pt
\hoffset 0.0pt
\voffset 0.0pt
\mag 1000
\@twosidetrue \@mparswitchtrue 
(1in=72.27pt, 1cm=28.45pt)
-----------------------
<FIGURES/nistident_flright_vec.pdf, id=441, 160.92421pt x 70.78947pt>
File: FIGURES/nistident_flright_vec.pdf Graphic file (type pdf)

<use FIGURES/nistident_flright_vec.pdf>
Overfull \hbox (18.06749pt too wide) in paragraph at lines 167--199
[][][][] 
 []

[1
Non-PDF special ignored!

{C:/Documents and Settings/All Users/Application Data/MiKTeX/2.7/pdftex/config/
pdftex.map} <FIGURES/nistident_flright_vec.pdf>]
[2]
LaTeX Font Info:    Try loading font information for OT1+ptmcm on input line 23
6.
 ("C:\Program Files\MiKTeX 2.7\tex\latex\psnfss\ot1ptmcm.fd"
File: ot1ptmcm.fd 2000/01/03 Fontinst v1.801 font definitions for OT1/ptmcm.
)
LaTeX Font Info:    Try loading font information for OML+ptmcm on input line 23
6.

("C:\Program Files\MiKTeX 2.7\tex\latex\psnfss\omlptmcm.fd"
File: omlptmcm.fd 2000/01/03 Fontinst v1.801 font definitions for OML/ptmcm.
)
LaTeX Font Info:    Try loading font information for OMS+pzccm on input line 23
6.

("C:\Program Files\MiKTeX 2.7\tex\latex\psnfss\omspzccm.fd"
File: omspzccm.fd 2000/01/03 Fontinst v1.801 font definitions for OMS/pzccm.
)
LaTeX Font Info:    Try loading font information for OMX+psycm on input line 23
6.

("C:\Program Files\MiKTeX 2.7\tex\latex\psnfss\omxpsycm.fd"
File: omxpsycm.fd 2000/01/03 Fontinst v1.801 font definitions for OMX/psycm.
)
LaTeX Font Info:    Try loading font information for OT1+ptm on input line 236.


("C:\Program Files\MiKTeX 2.7\tex\latex\psnfss\ot1ptm.fd"
File: ot1ptm.fd 2001/06/04 font definitions for OT1/ptm.
)
LaTeX Font Info:    Font shape `OT1/ptm/bx/n' in size <10.95> not available
(Font)              Font shape `OT1/ptm/b/n' tried instead on input line 236.
LaTeX Font Info:    Font shape `OT1/ptm/bx/n' in size <8> not available
(Font)              Font shape `OT1/ptm/b/n' tried instead on input line 236.
LaTeX Font Info:    Font shape `OT1/ptm/bx/n' in size <6> not available
(Font)              Font shape `OT1/ptm/b/n' tried instead on input line 236.
LaTeX Font Info:    Try loading font information for U+msa on input line 236.

("C:\Program Files\MiKTeX 2.7\tex\latex\amsfonts\umsa.fd"
File: umsa.fd 2002/01/19 v2.2g AMS font definitions
)
LaTeX Font Info:    Try loading font information for U+msb on input line 236.

("C:\Program Files\MiKTeX 2.7\tex\latex\amsfonts\umsb.fd"
File: umsb.fd 2002/01/19 v2.2g AMS font definitions
)
<FIGURES/doc.pdf, id=457, 243.91125pt x 252.945pt>
File: FIGURES/doc.pdf Graphic file (type pdf)
 <use FIGURES/doc.pdf>
Overfull \hbox (18.06749pt too wide) in paragraph at lines 206--250
[][][][] 
 []


Underfull \vbox (badness 10000) has occurred while \output is active []

 [3 <FIGURES/doc.pdf>]
LaTeX Font Info:    Font shape `T1/ptm/bx/n' in size <12> not available
(Font)              Font shape `T1/ptm/b/n' tried instead on input line 265.

Overfull \hbox (18.06749pt too wide) in paragraph at lines 253--279
[][][][] 
 []


Overfull \vbox (0.6739pt too high) has occurred while \output is active []


[4]
LaTeX Font Info:    Font shape `T1/ptm/bx/n' in size <24.88> not available
(Font)              Font shape `T1/ptm/b/n' tried instead on input line 289.
 [1


] [2

] [3] [4

]
LaTeX Font Info:    Font shape `T1/ptm/bx/n' in size <10.95> not available
(Font)              Font shape `T1/ptm/b/n' tried instead on input line 328.
 [5] [6

]
LaTeX Font Info:    Try loading font information for TS1+ptm on input line 349.


("C:\Program Files\MiKTeX 2.7\tex\latex\psnfss\ts1ptm.fd"
File: ts1ptm.fd 2001/06/04 font definitions for TS1/ptm.
)
Overfull \hbox (10.321pt too wide) in paragraph at lines 357--359
[][][]\T1/ptm/m/n/10.95 The Micro-Gravity Com-bus-tion Pro-gram of the Na-tiona
l Aero-nau-tics and Space Ad-min-is-tra-tion (NASA)
 []

[7] [8] (FDS_Technical_Reference_Guide.toc [9

] [10])
\tf@toc=\write6
 [11] [12

]
Chapter 1.
LaTeX Font Info:    Font shape `T1/ptm/bx/n' in size <20.74> not available
(Font)              Font shape `T1/ptm/b/n' tried instead on input line 414.
pdfTeX warning (ext4): destination with the same identifier (name{page.1}) has 
been already used, duplicate ignored
<to be read again> 
                   \relax 
l.479 
       [1

]pdfTeX warning (ext4): destination with the same identifier (name{page.2}) has
 been already used, duplicate ignored
<to be read again> 
                   \relax 
l.535 
       [2]pdfTeX warning (ext4): destination with the same identifier (name{pag
e.3}) has been already used, duplicate ignored
<to be read again> 
                   \relax 
l.540 \chapter
              {Model Overview} [3]pdfTeX warning (ext4): destination with the s
ame identifier (name{page.4}) has been already used, duplicate ignored
<to be read again> 
                   \relax 
l.540 \chapter
              {Model Overview} [4

]
Chapter 2.
LaTeX Font Info:    Font shape `T1/ptm/bx/n' in size <14.4> not available
(Font)              Font shape `T1/ptm/b/n' tried instead on input line 545.
[5] [6] [7]

LaTeX Warning: Citation `Smokeview_Users_Guide_5' on page 8 undefined on input 
line 706.

[8]
LaTeX Font Info:    Font shape `OT1/ptm/bx/n' in size <9> not available
(Font)              Font shape `OT1/ptm/b/n' tried instead on input line 774.
LaTeX Font Info:    Font shape `OT1/ptm/bx/n' in size <7> not available
(Font)              Font shape `OT1/ptm/b/n' tried instead on input line 774.
LaTeX Font Info:    Font shape `OT1/ptm/bx/n' in size <5> not available
(Font)              Font shape `OT1/ptm/b/n' tried instead on input line 774.
 [9]
Overfull \hbox (3.85933pt too wide) in paragraph at lines 806--822
[][][]\T1/ptm/m/n/10.95 For most ap-pli-ca-tions, FDS uses a mixing-controlled,
 lumped species based com-bus-tion model.
 []

[10]

LaTeX Warning: Citation `Smokeview_Users_Guide_5' on page 11 undefined on input
 line 871.

[11

] [12] [13] [14

]
Chapter 3.
[15

] [16] [17] [18

] [19] [20

]
Chapter 4.
[21] [22] [23] [24

]
LaTeX Font Info:    Try loading font information for T1+pcr on input line 1349.

 ("C:\Program Files\MiKTeX 2.7\tex\latex\psnfss\t1pcr.fd"
File: t1pcr.fd 2001/06/04 font definitions for T1/pcr.
)
[25] [26] [27] [28] [29] [30

]
Chapter 5.
[31] [32] [33] [34]

LaTeX Warning: Command \r invalid in math mode on input line 1847.

Missing character: There is no Å in font zptmcmr!
[35] <FIGURES/lawofthewall.pdf, id=1034, 433.62pt x 325.215pt>
File: FIGURES/lawofthewall.pdf Graphic file (type pdf)

<use FIGURES/lawofthewall.pdf>
LaTeX Font Info:    Font shape `OT1/ptm/bx/n' in size <10> not available
(Font)              Font shape `OT1/ptm/b/n' tried instead on input line 1900.
LaTeX Font Info:    Font shape `OT1/ptm/bx/n' in size <7.4> not available
(Font)              Font shape `OT1/ptm/b/n' tried instead on input line 1900.
 [36] [37 <FIGURES/lawofthewall.pdf>]
<FIGURES/nearwall_grid.pdf, id=1088, 1606.0pt x 1428.33624pt>
File: FIGURES/nearwall_grid.pdf Graphic file (type pdf)

<use FIGURES/nearwall_grid.pdf> [38 <FIGURES/nearwall_grid.pdf>] [39]
Underfull \hbox (badness 10000) in paragraph at lines 2029--2037

 []

[40

] [41] [42] [43] [44

]
Chapter 6.

LaTeX Font Warning: Command \tiny invalid in math mode on input line 2185.


LaTeX Font Warning: Command \tiny invalid in math mode on input line 2185.


LaTeX Font Warning: Command \tiny invalid in math mode on input line 2186.


LaTeX Font Warning: Command \tiny invalid in math mode on input line 2186.


LaTeX Font Warning: Command \tiny invalid in math mode on input line 2186.

[45]

LaTeX Font Warning: Command \tiny invalid in math mode on input line 2229.


LaTeX Font Warning: Command \tiny invalid in math mode on input line 2229.


LaTeX Font Warning: Command \tiny invalid in math mode on input line 2229.


LaTeX Font Warning: Command \tiny invalid in math mode on input line 2229.


LaTeX Font Warning: Command \tiny invalid in math mode on input line 2230.


LaTeX Font Warning: Command \tiny invalid in math mode on input line 2230.


LaTeX Font Warning: Command \tiny invalid in math mode on input line 2233.


LaTeX Font Warning: Command \tiny invalid in math mode on input line 2233.


LaTeX Font Warning: Command \tiny invalid in math mode on input line 2234.


LaTeX Font Warning: Command \tiny invalid in math mode on input line 2236.


LaTeX Font Warning: Command \tiny invalid in math mode on input line 2236.


LaTeX Font Warning: Command \tiny invalid in math mode on input line 2236.


LaTeX Font Warning: Command \tiny invalid in math mode on input line 2236.


LaTeX Font Warning: Command \tiny invalid in math mode on input line 2236.


LaTeX Font Warning: Command \tiny invalid in math mode on input line 2236.


LaTeX Font Warning: Command \tiny invalid in math mode on input line 2236.


LaTeX Font Warning: Command \tiny invalid in math mode on input line 2236.


LaTeX Font Warning: Command \tiny invalid in math mode on input line 2236.


LaTeX Font Warning: Command \tiny invalid in math mode on input line 2238.


LaTeX Font Warning: Command \tiny invalid in math mode on input line 2238.


LaTeX Font Warning: Command \tiny invalid in math mode on input line 2240.


LaTeX Font Warning: Command \tiny invalid in math mode on input line 2240.


LaTeX Font Warning: Command \tiny invalid in math mode on input line 2240.


LaTeX Font Warning: Command \tiny invalid in math mode on input line 2240.


LaTeX Font Warning: Command \tiny invalid in math mode on input line 2255.


LaTeX Font Warning: Command \tiny invalid in math mode on input line 2255.


LaTeX Font Warning: Command \tiny invalid in math mode on input line 2256.


LaTeX Font Warning: Command \tiny invalid in math mode on input line 2256.


LaTeX Font Warning: Command \tiny invalid in math mode on input line 2257.


LaTeX Font Warning: Command \tiny invalid in math mode on input line 2257.


LaTeX Font Warning: Command \tiny invalid in math mode on input line 2258.


LaTeX Font Warning: Command \tiny invalid in math mode on input line 2258.

[46]

LaTeX Font Warning: Command \tiny invalid in math mode on input line 2262.


LaTeX Font Warning: Command \tiny invalid in math mode on input line 2262.


LaTeX Font Warning: Command \tiny invalid in math mode on input line 2263.


LaTeX Font Warning: Command \tiny invalid in math mode on input line 2263.


LaTeX Font Warning: Command \tiny invalid in math mode on input line 2267.


LaTeX Font Warning: Command \tiny invalid in math mode on input line 2267.


LaTeX Font Warning: Command \tiny invalid in math mode on input line 2267.


LaTeX Font Warning: Command \tiny invalid in math mode on input line 2267.


LaTeX Font Warning: Command \tiny invalid in math mode on input line 2268.


LaTeX Font Warning: Command \tiny invalid in math mode on input line 2268.


LaTeX Font Warning: Command \tiny invalid in math mode on input line 2268.


LaTeX Font Warning: Command \tiny invalid in math mode on input line 2268.


LaTeX Font Warning: Command \tiny invalid in math mode on input line 2269.


LaTeX Font Warning: Command \tiny invalid in math mode on input line 2269.


LaTeX Font Warning: Command \tiny invalid in math mode on input line 2269.


LaTeX Font Warning: Command \tiny invalid in math mode on input line 2269.


LaTeX Font Warning: Command \tiny invalid in math mode on input line 2270.


LaTeX Font Warning: Command \tiny invalid in math mode on input line 2270.


LaTeX Font Warning: Command \tiny invalid in math mode on input line 2270.


LaTeX Font Warning: Command \tiny invalid in math mode on input line 2271.


LaTeX Font Warning: Command \tiny invalid in math mode on input line 2271.


LaTeX Font Warning: Command \tiny invalid in math mode on input line 2271.


LaTeX Font Warning: Command \tiny invalid in math mode on input line 2283.


LaTeX Font Warning: Command \tiny invalid in math mode on input line 2283.


LaTeX Font Warning: Command \tiny invalid in math mode on input line 2283.


LaTeX Font Warning: Command \tiny invalid in math mode on input line 2283.


LaTeX Font Warning: Command \tiny invalid in math mode on input line 2283.


LaTeX Font Warning: Command \tiny invalid in math mode on input line 2283.


LaTeX Font Warning: Command \tiny invalid in math mode on input line 2283.


LaTeX Font Warning: Command \tiny invalid in math mode on input line 2283.


LaTeX Font Warning: Command \tiny invalid in math mode on input line 2283.


LaTeX Font Warning: Command \tiny invalid in math mode on input line 2288.


LaTeX Font Warning: Command \tiny invalid in math mode on input line 2288.


LaTeX Font Warning: Command \tiny invalid in math mode on input line 2288.


LaTeX Font Warning: Command \tiny invalid in math mode on input line 2288.


LaTeX Font Warning: Command \tiny invalid in math mode on input line 2288.


LaTeX Font Warning: Command \tiny invalid in math mode on input line 2288.


LaTeX Font Warning: Command \tiny invalid in math mode on input line 2288.


LaTeX Font Warning: Command \tiny invalid in math mode on input line 2288.


LaTeX Font Warning: Command \tiny invalid in math mode on input line 2288.


LaTeX Font Warning: Command \tiny invalid in math mode on input line 2288.


LaTeX Font Warning: Command \tiny invalid in math mode on input line 2288.

[47]

LaTeX Font Warning: Command \tiny invalid in math mode on input line 2308.


LaTeX Font Warning: Command \tiny invalid in math mode on input line 2308.


LaTeX Font Warning: Command \tiny invalid in math mode on input line 2308.


LaTeX Font Warning: Command \tiny invalid in math mode on input line 2308.


LaTeX Font Warning: Command \tiny invalid in math mode on input line 2309.


LaTeX Font Warning: Command \tiny invalid in math mode on input line 2309.


LaTeX Font Warning: Command \tiny invalid in math mode on input line 2310.


LaTeX Font Warning: Command \tiny invalid in math mode on input line 2313.


LaTeX Font Warning: Command \tiny invalid in math mode on input line 2313.


LaTeX Font Warning: Command \tiny invalid in math mode on input line 2313.


LaTeX Font Warning: Command \tiny invalid in math mode on input line 2313.


LaTeX Font Warning: Command \tiny invalid in math mode on input line 2315.


LaTeX Font Warning: Command \tiny invalid in math mode on input line 2315.


LaTeX Font Warning: Command \tiny invalid in math mode on input line 2316.


LaTeX Font Warning: Command \tiny invalid in math mode on input line 2335.


LaTeX Font Warning: Command \tiny invalid in math mode on input line 2335.


LaTeX Font Warning: Command \tiny invalid in math mode on input line 2336.


LaTeX Font Warning: Command \tiny invalid in math mode on input line 2336.


LaTeX Font Warning: Command \tiny invalid in math mode on input line 2337.


LaTeX Font Warning: Command \tiny invalid in math mode on input line 2337.


LaTeX Font Warning: Command \tiny invalid in math mode on input line 2338.


LaTeX Font Warning: Command \tiny invalid in math mode on input line 2338.


LaTeX Font Warning: Command \tiny invalid in math mode on input line 2344.


LaTeX Font Warning: Command \tiny invalid in math mode on input line 2344.


LaTeX Font Warning: Command \tiny invalid in math mode on input line 2345.


LaTeX Font Warning: Command \tiny invalid in math mode on input line 2345.


LaTeX Font Warning: Command \tiny invalid in math mode on input line 2351.


LaTeX Font Warning: Command \tiny invalid in math mode on input line 2351.


LaTeX Font Warning: Command \tiny invalid in math mode on input line 2351.


LaTeX Font Warning: Command \tiny invalid in math mode on input line 2351.


LaTeX Font Warning: Command \tiny invalid in math mode on input line 2352.


LaTeX Font Warning: Command \tiny invalid in math mode on input line 2352.


LaTeX Font Warning: Command \tiny invalid in math mode on input line 2353.


LaTeX Font Warning: Command \tiny invalid in math mode on input line 2353.


LaTeX Font Warning: Command \tiny invalid in math mode on input line 2353.


LaTeX Font Warning: Command \tiny invalid in math mode on input line 2353.


LaTeX Font Warning: Command \tiny invalid in math mode on input line 2354.


LaTeX Font Warning: Command \tiny invalid in math mode on input line 2354.


LaTeX Font Warning: Command \tiny invalid in math mode on input line 2354.


LaTeX Font Warning: Command \tiny invalid in math mode on input line 2355.


LaTeX Font Warning: Command \tiny invalid in math mode on input line 2355.


LaTeX Font Warning: Command \tiny invalid in math mode on input line 2355.

[48]

LaTeX Font Warning: Command \tiny invalid in math mode on input line 2361.


LaTeX Font Warning: Command \tiny invalid in math mode on input line 2361.


LaTeX Font Warning: Command \tiny invalid in math mode on input line 2361.


LaTeX Font Warning: Command \tiny invalid in math mode on input line 2361.


LaTeX Font Warning: Command \tiny invalid in math mode on input line 2362.


LaTeX Font Warning: Command \tiny invalid in math mode on input line 2362.


LaTeX Font Warning: Command \tiny invalid in math mode on input line 2362.


LaTeX Font Warning: Command \tiny invalid in math mode on input line 2362.


LaTeX Font Warning: Command \tiny invalid in math mode on input line 2363.


LaTeX Font Warning: Command \tiny invalid in math mode on input line 2363.


LaTeX Font Warning: Command \tiny invalid in math mode on input line 2363.


LaTeX Font Warning: Command \tiny invalid in math mode on input line 2363.


LaTeX Font Warning: Command \tiny invalid in math mode on input line 2364.


LaTeX Font Warning: Command \tiny invalid in math mode on input line 2364.


LaTeX Font Warning: Command \tiny invalid in math mode on input line 2364.


LaTeX Font Warning: Command \tiny invalid in math mode on input line 2365.


LaTeX Font Warning: Command \tiny invalid in math mode on input line 2365.


LaTeX Font Warning: Command \tiny invalid in math mode on input line 2365.


LaTeX Font Warning: Command \tiny invalid in math mode on input line 2376.


LaTeX Font Warning: Command \tiny invalid in math mode on input line 2376.


LaTeX Font Warning: Command \tiny invalid in math mode on input line 2376.


LaTeX Font Warning: Command \tiny invalid in math mode on input line 2376.


LaTeX Font Warning: Command \tiny invalid in math mode on input line 2376.


LaTeX Font Warning: Command \tiny invalid in math mode on input line 2376.


LaTeX Font Warning: Command \tiny invalid in math mode on input line 2376.


LaTeX Font Warning: Command \tiny invalid in math mode on input line 2376.


LaTeX Font Warning: Command \tiny invalid in math mode on input line 2376.


LaTeX Font Warning: Command \tiny invalid in math mode on input line 2376.


LaTeX Font Warning: Command \tiny invalid in math mode on input line 2376.


LaTeX Font Warning: Command \tiny invalid in math mode on input line 2376.


LaTeX Font Warning: Command \tiny invalid in math mode on input line 2382.


LaTeX Font Warning: Command \tiny invalid in math mode on input line 2382.


LaTeX Font Warning: Command \tiny invalid in math mode on input line 2382.


LaTeX Font Warning: Command \tiny invalid in math mode on input line 2382.


LaTeX Font Warning: Command \tiny invalid in math mode on input line 2382.


LaTeX Font Warning: Command \tiny invalid in math mode on input line 2382.


LaTeX Font Warning: Command \tiny invalid in math mode on input line 2382.


LaTeX Font Warning: Command \tiny invalid in math mode on input line 2382.


LaTeX Font Warning: Command \tiny invalid in math mode on input line 2382.


LaTeX Font Warning: Command \tiny invalid in math mode on input line 2382.


LaTeX Font Warning: Command \tiny invalid in math mode on input line 2382.


LaTeX Font Warning: Command \tiny invalid in math mode on input line 2382.


LaTeX Font Warning: Command \tiny invalid in math mode on input line 2382.


LaTeX Font Warning: Command \tiny invalid in math mode on input line 2382.


LaTeX Font Warning: Command \tiny invalid in math mode on input line 2382.

[49]

LaTeX Warning: Reference `plotsupp' on page 50 undefined on input line 2396.


LaTeX Font Warning: Command \tiny invalid in math mode on input line 2421.


LaTeX Font Warning: Command \tiny invalid in math mode on input line 2421.


LaTeX Font Warning: Command \tiny invalid in math mode on input line 2422.


LaTeX Font Warning: Command \tiny invalid in math mode on input line 2426.


LaTeX Font Warning: Command \tiny invalid in math mode on input line 2427.


LaTeX Font Warning: Command \tiny invalid in math mode on input line 2427.


LaTeX Font Warning: Command \tiny invalid in math mode on input line 2428.


LaTeX Font Warning: Command \tiny invalid in math mode on input line 2428.

[50]

LaTeX Font Warning: Command \tiny invalid in math mode on input line 2461.


LaTeX Font Warning: Command \tiny invalid in math mode on input line 2462.


LaTeX Font Warning: Command \tiny invalid in math mode on input line 2462.


LaTeX Font Warning: Command \tiny invalid in math mode on input line 2462.


LaTeX Font Warning: Command \tiny invalid in math mode on input line 2465.


LaTeX Font Warning: Command \tiny invalid in math mode on input line 2465.


LaTeX Font Warning: Command \tiny invalid in math mode on input line 2465.


LaTeX Font Warning: Command \tiny invalid in math mode on input line 2466.


LaTeX Font Warning: Command \tiny invalid in math mode on input line 2466.


LaTeX Font Warning: Command \tiny invalid in math mode on input line 2466.


LaTeX Font Warning: Command \tiny invalid in math mode on input line 2466.


LaTeX Font Warning: Command \tiny invalid in math mode on input line 2473.


LaTeX Font Warning: Command \tiny invalid in math mode on input line 2473.


LaTeX Font Warning: Command \tiny invalid in math mode on input line 2473.


LaTeX Font Warning: Command \tiny invalid in math mode on input line 2473.


LaTeX Font Warning: Command \tiny invalid in math mode on input line 2476.


LaTeX Font Warning: Command \tiny invalid in math mode on input line 2476.


LaTeX Font Warning: Command \tiny invalid in math mode on input line 2480.


LaTeX Font Warning: Command \tiny invalid in math mode on input line 2480.


LaTeX Font Warning: Command \tiny invalid in math mode on input line 2480.


LaTeX Font Warning: Command \tiny invalid in math mode on input line 2480.

[51] [52

]
Chapter 7.

Overfull \hbox (11.59906pt too wide) detected at line 2509
\OT1/ptm/b/n/10.95 s \OMS/pzccm/m/n/10.95  r\OML/ptmcm/m/it/10.95 I[]\OT1/ptmc
m/m/n/10.95 (\OT1/ptm/b/n/10.95 x\OML/ptmcm/m/it/10.95 ; \OT1/ptm/b/n/10.95 s\O
T1/ptmcm/m/n/10.95 ) = \OMS/pzccm/m/n/10.95  [] [] \OT1/ptmcm/m/n/10.95 + [] []
 + [] + []
 []

<FIGURES/RadCoord.pdf, id=1246, 200.75pt x 200.75pt>
File: FIGURES/RadCoord.pdf Graphic file (type pdf)

<use FIGURES/RadCoord.pdf> [53]
Underfull \hbox (badness 10000) in paragraph at lines 2562--2584

 []


Overfull \hbox (1.22292pt too wide) in paragraph at lines 2607--2637
[][][][] 
 []

[54 <FIGURES/RadCoord.pdf>]
Underfull \hbox (badness 10000) in paragraph at lines 2668--2676

 []

[55] [56]
Underfull \vbox (badness 10000) has occurred while \output is active []

 [57]
Underfull \vbox (badness 10000) has occurred while \output is active []

 [58]
[59] [60

]
Chapter 8.
[61] [62] [63] [64] [65] [66] [67] [68

]
Chapter 9.
[69] <FIGURES/rosin.pdf, id=1436, 441.65pt x 292.09125pt>
File: FIGURES/rosin.pdf Graphic file (type pdf)

<use FIGURES/rosin.pdf> [70] [71 <FIGURES/rosin.pdf>] [72]
Underfull \hbox (badness 10000) in paragraph at lines 3558--3563

 []


Underfull \hbox (badness 10000) in paragraph at lines 3581--3584

 []

[73] [74]
Underfull \hbox (badness 10000) in paragraph at lines 3683--3689

 []


Underfull \hbox (badness 10000) in paragraph at lines 3712--3715

 []

[75] [76] [77] [78

]
Chapter 10.
[79] [80] [81] [82

]
Chapter 11.
[83] <FIGURES/hvacpressure.png, id=1608, 261.97874pt x 351.3125pt>
File: FIGURES/hvacpressure.png Graphic file (type png)

<use FIGURES/hvacpressure.png> [84]
Underfull \vbox (badness 10000) has occurred while \output is active []

 [85 <FIGURES/hvacpressure.png (PNG copy)>] [86] [87] [88

]
Chapter 12.
(FDS_Technical_Reference_Guide.bbl (FDS_Technical_Reference_Guide.brf)
\tf@brf=\write7
 [89]
[90

] [91] [92] [93] [94]) [95] [96

]
Appendix A.

Underfull \vbox (badness 4316) has occurred while \output is active []

 [97]

LaTeX Font Warning: Command \tiny invalid in math mode on input line 4167.


LaTeX Font Warning: Command \tiny invalid in math mode on input line 4168.


LaTeX Font Warning: Command \tiny invalid in math mode on input line 4174.

[98]
Appendix B.
[99

] [100] [101]
Overfull \hbox (16.61087pt too wide) detected at line 4370
[] \OT1/ptmcm/m/n/10.95 = [] []  [][] []
 []


Overfull \hbox (62.66667pt too wide) in alignment at lines 4385--4389
 [][][] []
 []


Overfull \hbox (21.47409pt too wide) in alignment at lines 4392--4397
 [][][] []
 []

[102pdfTeX warning (ext4): destination with the same identifier (name{equation.
B.0.23}) has been already used, duplicate ignored

\PDFSYNC@@utput ...\PDFSYNCship@ut@ld \box \@cclv 
                                                  
l.4397 \end{eqnarray}
                     ] [103] [104

]
Appendix C.

LaTeX Font Warning: Command \tiny invalid in math mode on input line 4475.


LaTeX Font Warning: Command \tiny invalid in math mode on input line 4478.


LaTeX Font Warning: Command \tiny invalid in math mode on input line 4478.


LaTeX Font Warning: Command \tiny invalid in math mode on input line 4480.


LaTeX Font Warning: Command \tiny invalid in math mode on input line 4500.


LaTeX Font Warning: Command \tiny invalid in math mode on input line 4500.


LaTeX Font Warning: Command \tiny invalid in math mode on input line 4509.


LaTeX Font Warning: Command \tiny invalid in math mode on input line 4509.

[105]

LaTeX Warning: Reference `plotsupp' on page 106 undefined on input line 4511.


LaTeX Font Warning: Command \tiny invalid in math mode on input line 4513.

[106]
Appendix D.

Underfull \vbox (badness 10000) has occurred while \output is active []

 [107

]
[108] [109] [110

]
Appendix E.
[111] [112pdfTeX warning (ext4): destination with the same identifier (name{equ
ation.E.0.4}) has been already used, duplicate ignored

\PDFSYNC@@utput ...\PDFSYNCship@ut@ld \box \@cclv 
                                                  
l.4660 \chapter
               {The Dynamic Smagorinsky Model}pdfTeX warning (ext4): destinatio
n with the same identifier (name{equation.E.0.4}) has been already used, duplic
ate ignored

\PDFSYNC@@utput ...\PDFSYNCship@ut@ld \box \@cclv 
                                                  
l.4660 \chapter
               {The Dynamic Smagorinsky Model}]
Appendix F.
[113

] [114] [115] AED: lastpage setting LastPage
(FDS_Technical_Reference_Guide.aux)

LaTeX Warning: There were undefined references.

 ) 
Here is how much of TeX's memory you used:
 9490 strings out of 95304
 130611 string characters out of 1183032
 224144 words of memory out of 1500000
 11721 multiletter control sequences out of 110000
 102310 words of font info for 165 fonts, out of 3000000 for 5000
 14 hyphenation exceptions out of 8191
 37i,23n,40p,1002b,513s stack positions out of 5000i,500n,10000p,200000b,50000s
{C:/Program Files/MiKTeX 2.7/fonts/enc/dvips/fontname/8r.enc}<C:/Program File
s/MiKTeX 2.7/fonts/type1/bluesky/cm/cmex10.pfb><C:/Program Files/MiKTeX 2.7/fon
ts/type1/bluesky/cm/cmmi10.pfb><C:/Program Files/MiKTeX 2.7/fonts/type1/bluesky
/cm/cmmi7.pfb><C:/Program Files/MiKTeX 2.7/fonts/type1/bluesky/cm/cmr10.pfb><C:
/Program Files/MiKTeX 2.7/fonts/type1/bluesky/cm/cmr7.pfb><C:/Program Files/MiK
TeX 2.7/fonts/type1/bluesky/cm/cmss10.pfb><C:/Program Files/MiKTeX 2.7/fonts/ty
pe1/bluesky/cm/cmss8.pfb><C:/Program Files/MiKTeX 2.7/fonts/type1/bluesky/cm/cm
sy10.pfb><C:/Program Files/MiKTeX 2.7/fonts/type1/bluesky/ams/msbm10.pfb><C:/Pr
ogram Files/MiKTeX 2.7/fonts/type1/urw/courier/ucrr8a.pfb><C:/Program Files/MiK
TeX 2.7/fonts/type1/urw/symbol/usyr.pfb><C:/Program Files/MiKTeX 2.7/fonts/type
1/urw/times/utmb8a.pfb><C:/Program Files/MiKTeX 2.7/fonts/type1/urw/times/utmr8
a.pfb><C:/Program Files/MiKTeX 2.7/fonts/type1/urw/times/utmri8a.pfb><C:/Progra
m Files/MiKTeX 2.7/fonts/type1/urw/zapfchan/uzcmi8a.pfb>
Output written on FDS_Technical_Reference_Guide.pdf (131 pages, 988012 bytes).
PDF statistics:
 2230 PDF objects out of 2487 (max. 8388607)
 721 named destinations out of 1000 (max. 131072)
 920 words of extra memory for PDF output out of 10000 (max. 10000000)

